AGENT_WORKDIRECTORY=/pool/condor/dir_26141/DIRAC_bMALLapilot/work/WorkloadManagement/JobAgent
AIDATT=/cvmfs/clicdp.cern.ch/iLCSoft/builds/2017-05-30/x86_64-slc6-gcc62-opt/aidaTT/HEAD
ATLAS_CGROUPS_BASE=/cgroup/memory
ATLAS_LOCAL_AREA=/afs/cern.ch/project/gd/apps/atlas/local
BATCH_SYSTEM=HTCondor
_=/bin/env
BOOST_ROOT=/cvmfs/clicdp.cern.ch/software/Boost/1.62.0/x86_64-slc6-gcc62-opt
CASTOR_HOME=/castor/cern.ch/user/i/ilc032
CC=/cvmfs/clicdp.cern.ch/compilers/gcc/6.2.0/x86_64-slc6/bin/gcc
_CHIRP_DELAYED_UPDATE_PREFIX=Chirp*
CLHEP_BASE_DIR=/cvmfs/clicdp.cern.ch/software/CLHEP/2.3.1.1/x86_64-slc6-gcc62-opt
CLHEP=/cvmfs/clicdp.cern.ch/software/CLHEP/2.3.1.1/x86_64-slc6-gcc62-opt
CLHEP_INCLUDE_DIR=/cvmfs/clicdp.cern.ch/software/CLHEP/2.3.1.1/x86_64-slc6-gcc62-opt/include
COND_DB_DEBUGLOG=/dev/stdout
CondDBMySQL=/cvmfs/clicdp.cern.ch/iLCSoft/builds/2017-05-30/x86_64-slc6-gcc62-opt/CondDBMySQL/HEAD
_CONDOR_ANCESTOR_26141=26146:1501150713:1459646132
_CONDOR_ANCESTOR_8439=8587:1495637453:348546941
_CONDOR_ANCESTOR_8587=26141:1501150712:2528790369
CONDORCE_COLLECTOR_HOST=ce507.cern.ch:9619
_CONDOR_CHIRP_CONFIG=/pool/condor/dir_26141/.chirp.config
_CONDOR_JOB_AD=/pool/condor/dir_26141/.job.ad
_CONDOR_JOB_IWD=/pool/condor/dir_26141
_CONDOR_JOB_PIDS=
_CONDOR_MACHINE_AD=/pool/condor/dir_26141/.machine.ad
_CONDOR_PID_NS_INIT_STATUS_FILENAME=/pool/condor/dir_26141/.condor_pid_ns_status
_CONDOR_SCRATCH_DIR=/pool/condor/dir_26141
_CONDOR_SLOT=slot1_6
_CONDOR_WRAPPER_ERROR_FILE=/pool/condor/dir_26141/.job_wrapper_failure
CVS_RSH=ssh
CXX=/cvmfs/clicdp.cern.ch/compilers/gcc/6.2.0/x86_64-slc6/bin/g++
DCOMMANDS_PPID=581
DD4HEP=/cvmfs/clicdp.cern.ch/iLCSoft/builds/2017-05-30/x86_64-slc6-gcc62-opt/DD4hep/HEAD
DD4hep_DIR=/cvmfs/clicdp.cern.ch/iLCSoft/builds/2017-05-30/x86_64-slc6-gcc62-opt/DD4hep/HEAD
DD4hepINSTALL=/cvmfs/clicdp.cern.ch/iLCSoft/builds/2017-05-30/x86_64-slc6-gcc62-opt/DD4hep/HEAD
DD4hep_ROOT=/cvmfs/clicdp.cern.ch/iLCSoft/builds/2017-05-30/x86_64-slc6-gcc62-opt/DD4hep/HEAD
DIRACJOBID=26389379
DIRAC_PROCESSORS=1
DIRACPYTHON=/pool/condor/dir_26141/DIRAC_bMALLapilot/Linux_x86_64_glibc-2.12/bin/python2.7
DIRACROOT=/pool/condor/dir_26141/DIRAC_bMALLapilot
DIRACSITE=LCG.CERN.ch
DIRAC_WHOLENODE=False
DYLD_LIBRARY_PATH=/pool/condor/dir_26141/DIRAC_bMALLapilot/Linux_x86_64_glibc-2.12/lib:/pool/condor/dir_26141/DIRAC_bMALLapilot/Linux_x86_64_glibc-2.12/lib
EDITOR=/bin/nano -w
FastJet_HOME=/cvmfs/clicdp.cern.ch/software/FastJet/3.2.1/x86_64-slc6-gcc62-opt
G4ABLADATA=/cvmfs/clicdp.cern.ch/software/Geant4/10.02.p02/x86_64-slc6-gcc62-opt/share/Geant4-10.2.2/data/G4ABLA3.0
G4ENSDFSTATEDATA=/cvmfs/clicdp.cern.ch/software/Geant4/10.02.p02/x86_64-slc6-gcc62-opt/share/Geant4-10.2.2/data/G4ENSDFSTATE1.2.3
G4ENV_INIT=/cvmfs/clicdp.cern.ch/software/Geant4/10.02.p02/x86_64-slc6-gcc62-opt/bin/geant4.sh
G4INSTALL=/cvmfs/clicdp.cern.ch/software/Geant4/10.02.p02/x86_64-slc6-gcc62-opt
G4LEDATA=/cvmfs/clicdp.cern.ch/software/Geant4/10.02.p02/x86_64-slc6-gcc62-opt/share/Geant4-10.2.2/data/G4EMLOW6.48
G4LEVELGAMMADATA=/cvmfs/clicdp.cern.ch/software/Geant4/10.02.p02/x86_64-slc6-gcc62-opt/share/Geant4-10.2.2/data/PhotonEvaporation3.2
G4NEUTRONHPDATA=/cvmfs/clicdp.cern.ch/software/Geant4/10.02.p02/x86_64-slc6-gcc62-opt/share/Geant4-10.2.2/data/G4NDL4.5
G4NEUTRONXSDATA=/cvmfs/clicdp.cern.ch/software/Geant4/10.02.p02/x86_64-slc6-gcc62-opt/share/Geant4-10.2.2/data/G4NEUTRONXS1.4
G4PIIDATA=/cvmfs/clicdp.cern.ch/software/Geant4/10.02.p02/x86_64-slc6-gcc62-opt/share/Geant4-10.2.2/data/G4PII1.3
G4RADIOACTIVEDATA=/cvmfs/clicdp.cern.ch/software/Geant4/10.02.p02/x86_64-slc6-gcc62-opt/share/Geant4-10.2.2/data/RadioactiveDecay4.3.2
G4REALSURFACEDATA=/cvmfs/clicdp.cern.ch/software/Geant4/10.02.p02/x86_64-slc6-gcc62-opt/share/Geant4-10.2.2/data/RealSurface1.0
G4SAIDXSDATA=/cvmfs/clicdp.cern.ch/software/Geant4/10.02.p02/x86_64-slc6-gcc62-opt/share/Geant4-10.2.2/data/G4SAIDDATA1.1
G4SYSTEM=Linux-g++
GBL=/cvmfs/clicdp.cern.ch/iLCSoft/builds/2017-05-30/x86_64-slc6-gcc62-opt/GBL/HEAD
G_BROKEN_FILENAMES=1
GEAR=/cvmfs/clicdp.cern.ch/iLCSoft/builds/2017-05-30/x86_64-slc6-gcc62-opt/gear/HEAD
GLEXEC_LOCATION=/usr
GLITE_ENV_SET=TRUE
GLITE_LOCATION=/usr
GLITE_LOCATION_VAR=/var
GRID_ENV_LOCATION=/usr/libexec
GRIDMAPDIR=/etc/grid-security/gridmapdir
GRID_VO_ENV_SET=true
GROUP_DIR=/afs/cern.ch/group/zf
GSL_HOME=/cvmfs/clicdp.cern.ch/software/GSL/2.2.1/x86_64-slc6-gcc62-opt
HISTCONTROL=ignoredups
HISTSIZE=1000
HOME=/home/grid/ilc032
HOSTNAME=b6aa6cf574.cern.ch
HTCONDOR_JOBID=432757.9
ILCSOFT=/cvmfs/clicdp.cern.ch/iLCSoft/builds/2017-05-30/x86_64-slc6-gcc62-opt
ilcutil=/cvmfs/clicdp.cern.ch/iLCSoft/builds/2017-05-30/x86_64-slc6-gcc62-opt/ilcutil/HEAD
JOBFEATURES=/tmp/mjf-ilc032/jobfeatures-ce507.cern.ch_952836.0_1501150508
JOBID=26389379
KALTEST=/cvmfs/clicdp.cern.ch/iLCSoft/builds/2017-05-30/x86_64-slc6-gcc62-opt/KalTest/HEAD
LANG=en_US.UTF-8
LCCD=/cvmfs/clicdp.cern.ch/iLCSoft/builds/2017-05-30/x86_64-slc6-gcc62-opt/lccd/HEAD
lcgeo_DIR=/cvmfs/clicdp.cern.ch/iLCSoft/builds/2017-05-30/x86_64-slc6-gcc62-opt/lcgeo/HEAD
LCG_GFAL_INFOSYS=lcg-bdii.cern.ch:2170
LCG_LOCATION=/usr
LCIO=/cvmfs/clicdp.cern.ch/iLCSoft/builds/2017-05-30/x86_64-slc6-gcc62-opt/lcio/HEAD
LD_LIBRARY_PATH=/cvmfs/clicdp.cern.ch/software/CLHEP/2.3.1.1/x86_64-slc6-gcc62-opt/lib:/cvmfs/clicdp.cern.ch/software/Geant4/10.02.p02/x86_64-slc6-gcc62-opt/lib64:/cvmfs/clicdp.cern.ch/iLCSoft/builds/2017-05-30/x86_64-slc6-gcc62-opt/lcgeo/HEAD/lib:/cvmfs/clicdp.cern.ch/iLCSoft/builds/2017-05-30/x86_64-slc6-gcc62-opt/CEDViewer/HEAD/lib:/cvmfs/clicdp.cern.ch/iLCSoft/builds/2017-05-30/x86_64-slc6-gcc62-opt/PandoraPFANew/HEAD/lib:/cvmfs/clicdp.cern.ch/iLCSoft/builds/2017-05-30/x86_64-slc6-gcc62-opt/MarlinUtil/HEAD/lib:/cvmfs/clicdp.cern.ch/iLCSoft/builds/2017-05-30/x86_64-slc6-gcc62-opt/GBL/HEAD/lib:/cvmfs/clicdp.cern.ch/iLCSoft/builds/2017-05-30/x86_64-slc6-gcc62-opt/aidaTT/HEAD/lib:/cvmfs/clicdp.cern.ch/iLCSoft/builds/2017-05-30/x86_64-slc6-gcc62-opt/KalTest/HEAD/lib:/cvmfs/clicdp.cern.ch/iLCSoft/builds/2017-05-30/x86_64-slc6-gcc62-opt/DD4hep/HEAD/lib:/cvmfs/clicdp.cern.ch/iLCSoft/builds/2017-05-30/x86_64-slc6-gcc62-opt/gear/HEAD/lib:/cvmfs/clicdp.cern.ch/iLCSoft/builds/2017-05-30/x86_64-slc6-gcc62-opt/CED/HEAD/lib:/cvmfs/clicdp.cern.ch/iLCSoft/builds/2017-05-30/x86_64-slc6-gcc62-opt/CondDBMySQL/HEAD/lib:/cvmfs/clicdp.cern.ch/iLCSoft/builds/2017-05-30/x86_64-slc6-gcc62-opt/ilcutil/HEAD/lib:/cvmfs/clicdp.cern.ch/iLCSoft/builds/2017-05-30/x86_64-slc6-gcc62-opt/lcio/HEAD/lib:/cvmfs/clicdp.cern.ch/software/GSL/2.2.1/x86_64-slc6-gcc62-opt/lib:/cvmfs/clicdp.cern.ch/software/ROOT/6.08.00/x86_64-slc6-gcc62-opt/lib:/cvmfs/clicdp.cern.ch/software/CLHEP/2.3.1.1/x86_64-slc6-gcc62-opt/lib:/cvmfs/clicdp.cern.ch/software/Xerces-C/3.1.4/x86_64-slc6-gcc62-opt/lib:/cvmfs/clicdp.cern.ch/software/FastJet/3.2.1/x86_64-slc6-gcc62-opt/lib:/cvmfs/clicdp.cern.ch/software/MySQL/5.7.16/x86_64-slc6-gcc62-opt/lib64:/cvmfs/clicdp.cern.ch/software/MySQL/5.7.16/x86_64-slc6-gcc62-opt/lib:/cvmfs/clicdp.cern.ch/software/MySQL/5.7.16/x86_64-slc6-gcc62-opt/lib64/mysql:/cvmfs/clicdp.cern.ch/software/MySQL/5.7.16/x86_64-slc6-gcc62-opt/lib/mysql:/cvmfs/clicdp.cern.ch/compilers/gcc/6.2.0/x86_64-slc6/lib64:/cvmfs/clicdp.cern.ch/compilers/gcc/6.2.0/x86_64-slc6/lib:/cvmfs/clicdp.cern.ch/software/Python/2.7.12/x86_64-slc6-gcc62-opt/lib:/pool/condor/dir_26141/DIRAC_bMALLapilot/Linux_x86_64_glibc-2.12/lib:/pool/condor/dir_26141/DIRAC_bMALLapilot/Linux_x86_64_glibc-2.12/lib:/pool/condor/dir_26141/DIRAC_bMALLapilot/Linux_x86_64_glibc-2.12/lib:
LD_LIBRARY_PATH_SAVE=
LESSOPEN=||/usr/bin/lesspipe.sh %s
LOADEDMODULES=
LOGNAME=ilc032
MAIL=/var/spool/mail/ilc032
MANPATH=/opt/glite/share/man::
MARLIN=/cvmfs/clicdp.cern.ch/iLCSoft/builds/2017-05-30/x86_64-slc6-gcc62-opt/Marlin/HEAD
MARLIN_DEBUG=1
MARLIN_DLL=/cvmfs/clicdp.cern.ch/iLCSoft/builds/2017-05-30/x86_64-slc6-gcc62-opt/MarlinDD4hep/HEAD/lib/libMarlinDD4hep.so:/cvmfs/clicdp.cern.ch/iLCSoft/builds/2017-05-30/x86_64-slc6-gcc62-opt/DDMarlinPandora/HEAD/lib/libDDMarlinPandora.so:/cvmfs/clicdp.cern.ch/iLCSoft/builds/2017-05-30/x86_64-slc6-gcc62-opt/MarlinReco/HEAD/lib/libMarlinReco.so:/cvmfs/clicdp.cern.ch/iLCSoft/builds/2017-05-30/x86_64-slc6-gcc62-opt/PandoraAnalysis/HEAD/lib/libPandoraAnalysis.so:/cvmfs/clicdp.cern.ch/iLCSoft/builds/2017-05-30/x86_64-slc6-gcc62-opt/MarlinPandora/HEAD/lib/libMarlinPandora.so:/cvmfs/clicdp.cern.ch/iLCSoft/builds/2017-05-30/x86_64-slc6-gcc62-opt/LCFIVertex/HEAD/lib/libLCFIVertex.so:/cvmfs/clicdp.cern.ch/iLCSoft/builds/2017-05-30/x86_64-slc6-gcc62-opt/LCFIPlus/HEAD/lib/libLCFIPlus.so:/cvmfs/clicdp.cern.ch/iLCSoft/builds/2017-05-30/x86_64-slc6-gcc62-opt/CEDViewer/HEAD/lib/libCEDViewer.so:/cvmfs/clicdp.cern.ch/iLCSoft/builds/2017-05-30/x86_64-slc6-gcc62-opt/Overlay/HEAD/lib/libOverlay.so:/cvmfs/clicdp.cern.ch/iLCSoft/builds/2017-05-30/x86_64-slc6-gcc62-opt/MarlinFastJet/HEAD/lib/libMarlinFastJet.so:/cvmfs/clicdp.cern.ch/iLCSoft/builds/2017-05-30/x86_64-slc6-gcc62-opt/LCTuple/HEAD/lib/libLCTuple.so:/cvmfs/clicdp.cern.ch/iLCSoft/builds/2017-05-30/x86_64-slc6-gcc62-opt/MarlinKinfit/HEAD/lib/libMarlinKinfit.so:/cvmfs/clicdp.cern.ch/iLCSoft/builds/2017-05-30/x86_64-slc6-gcc62-opt/MarlinTrkProcessors/HEAD/lib/libMarlinTrkProcessors.so:/cvmfs/clicdp.cern.ch/iLCSoft/builds/2017-05-30/x86_64-slc6-gcc62-opt/ILDPerformance/HEAD/lib/libILDPerformance.so:/cvmfs/clicdp.cern.ch/iLCSoft/builds/2017-05-30/x86_64-slc6-gcc62-opt/ClicPerformance/HEAD/lib/libClicPerformance.so:/cvmfs/clicdp.cern.ch/iLCSoft/builds/2017-05-30/x86_64-slc6-gcc62-opt/ConformalTracking/HEAD/lib/libConformalTracking.so:/cvmfs/clicdp.cern.ch/iLCSoft/builds/2017-05-30/x86_64-slc6-gcc62-opt/Physsim/HEAD/lib/libPhyssim.so:/cvmfs/clicdp.cern.ch/iLCSoft/builds/2017-05-30/x86_64-slc6-gcc62-opt/FCalClusterer/HEAD/lib/libFCalClusterer.so:/cvmfs/clicdp.cern.ch/iLCSoft/builds/2017-05-30/x86_64-slc6-gcc62-opt/ForwardTracking/HEAD/lib/libForwardTracking.so:/cvmfs/clicdp.cern.ch/iLCSoft/builds/2017-05-30/x86_64-slc6-gcc62-opt/Clupatra/HEAD/lib/libClupatra.so:/cvmfs/clicdp.cern.ch/iLCSoft/builds/2017-05-30/x86_64-slc6-gcc62-opt/Garlic/HEAD/lib/libGarlic.so:/cvmfs/clicdp.cern.ch/iLCSoft/builds/2017-05-30/x86_64-slc6-gcc62-opt/LICH/HEAD/lib/libLICH.so:
MODULEPATH=/usr/share/Modules/modulefiles:/etc/modulefiles
MODULESHOME=/usr/share/Modules
MYPROXY_SERVER=myproxy.cern.ch
MYSQL=/cvmfs/clicdp.cern.ch/software/MySQL/5.7.16/x86_64-slc6-gcc62-opt
MYSQL_HOME=/cvmfs/clicdp.cern.ch/software/MySQL/5.7.16/x86_64-slc6-gcc62-opt
MYSQL_LIBDIR=/cvmfs/clicdp.cern.ch/software/MySQL/5.7.16/x86_64-slc6-gcc62-opt/lib64/mysql
MYSQL_PATH=/cvmfs/clicdp.cern.ch/software/MySQL/5.7.16/x86_64-slc6-gcc62-opt
ninja_HOME=/cvmfs/clicdp.cern.ch/software/Ninja/1.7.1/x86_64-slc6-gcc62-opt
NLS_LANG=AMERICAN_AMERICA.WE8ISO8859P1
OLDPWD=/cvmfs/clicdp.cern.ch/software/Geant4/10.02.p02/x86_64-slc6-gcc62-opt/bin
OMP_NUM_THREADS=1
OS_AUTH_TYPE=v3kerberos
OS_AUTH_URL=https://keystone.cern.ch/krb/v3
OS_IDENTITY_API_VERSION=3
OS_PROJECT_DOMAIN_ID=default
OS_PROJECT_NAME=Personal ilc032
OS_VOLUME_API_VERSION=2
PANDORAPFANEW=/cvmfs/clicdp.cern.ch/iLCSoft/builds/2017-05-30/x86_64-slc6-gcc62-opt/PandoraPFANew/HEAD
PATH=/cvmfs/clicdp.cern.ch/software/ROOT/6.08.00/x86_64-slc6-gcc62-opt/bin:/cvmfs/clicdp.cern.ch/software/Geant4/10.02.p02/x86_64-slc6-gcc62-opt/bin:/cvmfs/clicdp.cern.ch/iLCSoft/builds/2017-05-30/x86_64-slc6-gcc62-opt/lcgeo/HEAD/bin:/cvmfs/clicdp.cern.ch/iLCSoft/builds/2017-05-30/x86_64-slc6-gcc62-opt/CEDViewer/HEAD/bin:/cvmfs/clicdp.cern.ch/iLCSoft/builds/2017-05-30/x86_64-slc6-gcc62-opt/aidaTT/HEAD/bin:/cvmfs/clicdp.cern.ch/iLCSoft/builds/2017-05-30/x86_64-slc6-gcc62-opt/DD4hep/HEAD/bin:/cvmfs/clicdp.cern.ch/iLCSoft/builds/2017-05-30/x86_64-slc6-gcc62-opt/gear/HEAD/tools:/cvmfs/clicdp.cern.ch/iLCSoft/builds/2017-05-30/x86_64-slc6-gcc62-opt/gear/HEAD/bin:/cvmfs/clicdp.cern.ch/iLCSoft/builds/2017-05-30/x86_64-slc6-gcc62-opt/RAIDA/HEAD/bin:/cvmfs/clicdp.cern.ch/iLCSoft/builds/2017-05-30/x86_64-slc6-gcc62-opt/Marlin/HEAD/bin:/cvmfs/clicdp.cern.ch/iLCSoft/builds/2017-05-30/x86_64-slc6-gcc62-opt/CED/HEAD/bin:/cvmfs/clicdp.cern.ch/software/Ninja/1.7.1/x86_64-slc6-gcc62-opt:/cvmfs/clicdp.cern.ch/software/CMake/3.6.2/x86_64-slc6-gcc62-opt/bin:/cvmfs/clicdp.cern.ch/iLCSoft/builds/2017-05-30/x86_64-slc6-gcc62-opt/lcio/HEAD/tools:/cvmfs/clicdp.cern.ch/iLCSoft/builds/2017-05-30/x86_64-slc6-gcc62-opt/lcio/HEAD/bin:/cvmfs/clicdp.cern.ch/software/GSL/2.2.1/x86_64-slc6-gcc62-opt/bin:/cvmfs/clicdp.cern.ch/software/ROOT/6.08.00/x86_64-slc6-gcc62-opt/bin:/cvmfs/clicdp.cern.ch/software/CLHEP/2.3.1.1/x86_64-slc6-gcc62-opt/bin:/cvmfs/clicdp.cern.ch/software/Xerces-C/3.1.4/x86_64-slc6-gcc62-opt/bin:/cvmfs/clicdp.cern.ch/software/FastJet/3.2.1/x86_64-slc6-gcc62-opt/bin:/cvmfs/clicdp.cern.ch/software/MySQL/5.7.16/x86_64-slc6-gcc62-opt/bin:/cvmfs/clicdp.cern.ch/compilers/gcc/6.2.0/x86_64-slc6/bin:/cvmfs/clicdp.cern.ch/software/Python/2.7.12/x86_64-slc6-gcc62-opt/bin:/pool/condor/dir_26141/DIRAC_bMALLapilot/Linux_x86_64_glibc-2.12/bin:/pool/condor/dir_26141/DIRAC_bMALLapilot/Linux_x86_64_glibc-2.12/bin:/pool/condor/dir_26141/DIRAC_bMALLapilot/Linux_x86_64_glibc-2.12/bin:/pool/condor/dir_26141/DIRAC_bMALLapilot/scripts:/afs/cern.ch/group/zf/bin:/home/grid/ilc032/scripts:/usr/sue/bin:/usr/lib64/qt-3.3/bin:/usr/kerberos/sbin:/usr/kerberos/bin:/bin:/usr/local/bin:/usr/bin:/usr/local/sbin:/usr/sbin:/sbin:/opt/puppetlabs/bin
PWD=/pool/condor/dir_26141/DIRAC_bMALLapilot/26389379
PYTHONPATH=/cvmfs/clicdp.cern.ch/iLCSoft/builds/2017-05-30/x86_64-slc6-gcc62-opt/lcgeo/HEAD/lib/python:/cvmfs/clicdp.cern.ch/iLCSoft/builds/2017-05-30/x86_64-slc6-gcc62-opt/DD4hep/HEAD/python:/cvmfs/clicdp.cern.ch/iLCSoft/builds/2017-05-30/x86_64-slc6-gcc62-opt/DD4hep/HEAD/DDCore/python:/cvmfs/clicdp.cern.ch/iLCSoft/builds/2017-05-30/x86_64-slc6-gcc62-opt/lcio/HEAD/python:/cvmfs/clicdp.cern.ch/iLCSoft/builds/2017-05-30/x86_64-slc6-gcc62-opt/lcio/HEAD/python/examples:/cvmfs/clicdp.cern.ch/software/ROOT/6.08.00/x86_64-slc6-gcc62-opt/lib:/pool/condor/dir_26141/DIRAC_bMALLapilot:/pool/condor/dir_26141/DIRAC_bMALLapilot
PYTHONPATH_SAVE=
PYTHONUNBUFFERED=yes
QTDIR=/usr/lib64/qt-3.3
QTINC=/usr/lib64/qt-3.3/include
QTLIB=/usr/lib64/qt-3.3/lib
RAIDA_HOME=/cvmfs/clicdp.cern.ch/iLCSoft/builds/2017-05-30/x86_64-slc6-gcc62-opt/RAIDA/HEAD
ROOTSYS=/cvmfs/clicdp.cern.ch/software/ROOT/6.08.00/x86_64-slc6-gcc62-opt
SHLVL=10
SITE_NAME=CERN-PROD
SRM_PATH=/opt/d-cache/srm
TEMP=/pool/condor/dir_26141
TMPDIR=/pool/condor/dir_26141
TMP=/pool/condor/dir_26141
USER=ilc032
VO_ALICE_DEFAULT_SE=srm-alice.cern.ch
VO_ALICE_SW_DIR=/afs/cern.ch/project/gd/apps/alice
VO_ATLAS_DEFAULT_SE=srm-atlas.cern.ch
VO_ATLAS_SW_DIR=/cvmfs/atlas.cern.ch/repo/sw
VO_CMS_DEFAULT_SE=srm-cms.cern.ch
VO_CMS_SW_DIR=/cvmfs/cms.cern.ch
VO_DTEAM_DEFAULT_SE=srm-public.cern.ch
VO_DTEAM_SW_DIR=/afs/cern.ch/project/gd/apps/dteam
VO_GEANT4_DEFAULT_SE=lxdpm101.cern.ch
VO_GEANT4_SW_DIR=/afs/cern.ch/project/gd/apps/geant4
VO_ILC_DEFAULT_SE=srm-public.cern.ch
VO_ILC_SW_DIR=/cvmfs/ilc.desy.de
VO_LHCB_DEFAULT_SE=srm-lhcb.cern.ch
VO_LHCB_SW_DIR=/cvmfs/lhcb.cern.ch
VO_NA48_DEFAULT_SE=srm-public.cern.ch
VO_NA48_SW_DIR=/afs/cern.ch/project/gd/apps/na48
VO_OPS_DEFAULT_SE=srm-public.cern.ch
VO_OPS_SW_DIR=/afs/cern.ch/project/gd/apps/ops
VO_UNOSAT_DEFAULT_SE=srm-public.cern.ch
VO_UNOSAT_SW_DIR=/afs/cern.ch/project/gd/apps/unosat
VO_VO_ALEPH_CERN_CH_DEFAULT_SE=srm-public.cern.ch
VO_VO_ALEPH_CERN_CH_SW_DIR=/afs/cern.ch/aleph
VO_VO_DELPHI_CERN_CH_DEFAULT_SE=srm-public.cern.ch
VO_VO_DELPHI_CERN_CH_SW_DIR=/afs/cern.ch/delphi
VO_VO_GEAR_CERN_CH_DEFAULT_SE=lxdpm104.cern.ch
VO_VO_GEAR_CERN_CH_SW_DIR=/afs/cern.ch/project/gd/apps/gear
VO_VO_L3_CERN_CH_DEFAULT_SE=srm-public.cern.ch
VO_VO_L3_CERN_CH_SW_DIR=/afs/cern.ch/l3
VO_VO_OPAL_CERN_CH_DEFAULT_SE=srm-public.cern.ch
VO_VO_OPAL_CERN_CH_SW_DIR=/afs/cern.ch/opal
VO_VO_SIXT_CERN_CH_DEFAULT_SE=srm-public.cern.ch
VO_VO_SIXT_CERN_CH_SW_DIR=/afs/cern.ch/project/gd/apps/sixt
X509_CERT_DIR=/pool/condor/dir_26141/DIRAC_bMALLapilot/etc/grid-security/certificates
X509_USER_PROXY=/pool/condor/dir_26141/tmp3bmfbi
XercesC_HOME=/cvmfs/clicdp.cern.ch/software/Xerces-C/3.1.4/x86_64-slc6-gcc62-opt
