}
AGENT_WORKDIRECTORY=/pool/grid/ilc032/home_cream_354841994/CREAM354841994/DIRAC_RkNcEFpilot/work/WorkloadManagement/JobAgent
AIDATT=/cvmfs/clicdp.cern.ch/iLCSoft/builds/2017-05-30/x86_64-slc6-gcc62-opt/aidaTT/HEAD
ATLAS_LOCAL_AREA=/afs/cern.ch/project/gd/apps/atlas/local
BASH_FUNC_module()=() {  eval `/usr/bin/modulecmd sh $*`
_=/bin/env
BOOST_ROOT=/cvmfs/clicdp.cern.ch/software/Boost/1.62.0/x86_64-slc6-gcc62-opt
BSUB_BLOCK_EXEC_HOST=
CASTOR_HOME=/castor/cern.ch/user/i/ilc032
CC=/cvmfs/clicdp.cern.ch/compilers/gcc/6.2.0/x86_64-slc6/bin/gcc
CE_ID=ce401.cern.ch:8443/cream-lsf-grid_ilc
CERN_STARTER_ORIGINAL_CWD=/home/grid/ilc032
CLHEP_BASE_DIR=/cvmfs/clicdp.cern.ch/software/CLHEP/2.3.1.1/x86_64-slc6-gcc62-opt
CLHEP=/cvmfs/clicdp.cern.ch/software/CLHEP/2.3.1.1/x86_64-slc6-gcc62-opt
CLHEP_INCLUDE_DIR=/cvmfs/clicdp.cern.ch/software/CLHEP/2.3.1.1/x86_64-slc6-gcc62-opt/include
COND_DB_DEBUGLOG=/dev/stdout
CondDBMySQL=/cvmfs/clicdp.cern.ch/iLCSoft/builds/2017-05-30/x86_64-slc6-gcc62-opt/CondDBMySQL/HEAD
__copy_proxy_min_retry_wait=60
CREAM_JOBID=https://ce401.cern.ch:8443/CREAM354841994
CVS_RSH=ssh
CXX=/cvmfs/clicdp.cern.ch/compilers/gcc/6.2.0/x86_64-slc6/bin/g++
DCOMMANDS_PPID=22704
DD4HEP=/cvmfs/clicdp.cern.ch/iLCSoft/builds/2017-05-30/x86_64-slc6-gcc62-opt/DD4hep/HEAD
DD4hep_DIR=/cvmfs/clicdp.cern.ch/iLCSoft/builds/2017-05-30/x86_64-slc6-gcc62-opt/DD4hep/HEAD
DD4hepINSTALL=/cvmfs/clicdp.cern.ch/iLCSoft/builds/2017-05-30/x86_64-slc6-gcc62-opt/DD4hep/HEAD
DD4hep_ROOT=/cvmfs/clicdp.cern.ch/iLCSoft/builds/2017-05-30/x86_64-slc6-gcc62-opt/DD4hep/HEAD
__delegationProxyCertSandboxPath=gsiftp://ce401.cern.ch/var/cream_sandbox/zf/CN_Andre_Sailer_CN_683529_CN_sailer_OU_Users_OU_Organic_Units_DC_cern_DC_ch_ilc_Role_NULL_Capability_NULL_ilc032/proxy/CEF7DCAF_3EAA_74D8_9D67_3862EAD2B2BD_18979473141002
__delegationProxyCertSandboxPathTmp=/tmp/CEF7DCAF_3EAA_74D8_9D67_3862EAD2B2BD_18979473141002354841994
__delegationTimeSlot=3600
DIRACJOBID=26389384
DIRAC_PROCESSORS=1
DIRACPYTHON=/pool/grid/ilc032/home_cream_354841994/CREAM354841994/DIRAC_RkNcEFpilot/Linux_x86_64_glibc-2.12/bin/python2.7
DIRACROOT=/pool/grid/ilc032/home_cream_354841994/CREAM354841994/DIRAC_RkNcEFpilot
DIRACSITE=LCG.CERN.ch
DIRAC_WHOLENODE=False
DYLD_LIBRARY_PATH=/pool/grid/ilc032/home_cream_354841994/CREAM354841994/DIRAC_RkNcEFpilot/Linux_x86_64_glibc-2.12/lib:/pool/grid/ilc032/home_cream_354841994/CREAM354841994/DIRAC_RkNcEFpilot/Linux_x86_64_glibc-2.12/lib
EDG_WL_NOSETPGRP=1
EDITOR=/bin/nano -w
ENVIRONMENT=BATCH
FastJet_HOME=/cvmfs/clicdp.cern.ch/software/FastJet/3.2.1/x86_64-slc6-gcc62-opt
G4ABLADATA=/cvmfs/clicdp.cern.ch/software/Geant4/10.02.p02/x86_64-slc6-gcc62-opt/share/Geant4-10.2.2/data/G4ABLA3.0
G4ENSDFSTATEDATA=/cvmfs/clicdp.cern.ch/software/Geant4/10.02.p02/x86_64-slc6-gcc62-opt/share/Geant4-10.2.2/data/G4ENSDFSTATE1.2.3
G4ENV_INIT=/cvmfs/clicdp.cern.ch/software/Geant4/10.02.p02/x86_64-slc6-gcc62-opt/bin/geant4.sh
G4INSTALL=/cvmfs/clicdp.cern.ch/software/Geant4/10.02.p02/x86_64-slc6-gcc62-opt
G4LEDATA=/cvmfs/clicdp.cern.ch/software/Geant4/10.02.p02/x86_64-slc6-gcc62-opt/share/Geant4-10.2.2/data/G4EMLOW6.48
G4LEVELGAMMADATA=/cvmfs/clicdp.cern.ch/software/Geant4/10.02.p02/x86_64-slc6-gcc62-opt/share/Geant4-10.2.2/data/PhotonEvaporation3.2
G4NEUTRONHPDATA=/cvmfs/clicdp.cern.ch/software/Geant4/10.02.p02/x86_64-slc6-gcc62-opt/share/Geant4-10.2.2/data/G4NDL4.5
G4NEUTRONXSDATA=/cvmfs/clicdp.cern.ch/software/Geant4/10.02.p02/x86_64-slc6-gcc62-opt/share/Geant4-10.2.2/data/G4NEUTRONXS1.4
G4PIIDATA=/cvmfs/clicdp.cern.ch/software/Geant4/10.02.p02/x86_64-slc6-gcc62-opt/share/Geant4-10.2.2/data/G4PII1.3
G4RADIOACTIVEDATA=/cvmfs/clicdp.cern.ch/software/Geant4/10.02.p02/x86_64-slc6-gcc62-opt/share/Geant4-10.2.2/data/RadioactiveDecay4.3.2
G4REALSURFACEDATA=/cvmfs/clicdp.cern.ch/software/Geant4/10.02.p02/x86_64-slc6-gcc62-opt/share/Geant4-10.2.2/data/RealSurface1.0
G4SAIDXSDATA=/cvmfs/clicdp.cern.ch/software/Geant4/10.02.p02/x86_64-slc6-gcc62-opt/share/Geant4-10.2.2/data/G4SAIDDATA1.1
G4SYSTEM=Linux-g++
GBL=/cvmfs/clicdp.cern.ch/iLCSoft/builds/2017-05-30/x86_64-slc6-gcc62-opt/GBL/HEAD
G_BROKEN_FILENAMES=1
GEAR=/cvmfs/clicdp.cern.ch/iLCSoft/builds/2017-05-30/x86_64-slc6-gcc62-opt/gear/HEAD
GLEXEC_LOCATION=/usr
GLITE_ENV_SET=TRUE
GLITE_LOCATION=/usr
GLITE_LOCATION_VAR=/var
GLITE_WMS_JOBID=N/A
GLITE_WMS_LOCATION=/usr
GLITE_WMS_LOG_DESTINATION=ce401.cern.ch
GLITE_WMS_SEQUENCE_CODE=
GRID_ENV_LOCATION=/usr/libexec
GRID=GRID JOBID 63565360 -
GRID_JOBID=N/A
GRIDMAPDIR=/etc/grid-security/gridmapdir
GRID_VO_ENV_SET=true
GROUP_DIR=/afs/cern.ch/group/zf
GROUP=zf
GSL_HOME=/cvmfs/clicdp.cern.ch/software/GSL/2.2.1/x86_64-slc6-gcc62-opt
HISTCONTROL=ignoredups
HISTSIZE=1000
HOME=/home/grid/ilc032/home_cream_354841994
HOST=b69e69aeeb.cern.ch
HOSTNAME=b69e69aeeb.cern.ch
HOSTTYPE=x86_64-linux
ILCSOFT=/cvmfs/clicdp.cern.ch/iLCSoft/builds/2017-05-30/x86_64-slc6-gcc62-opt
ilcutil=/cvmfs/clicdp.cern.ch/iLCSoft/builds/2017-05-30/x86_64-slc6-gcc62-opt/ilcutil/HEAD
JOBID=26389384
JOB_TERMINATE_INTERVAL=10
KALTEST=/cvmfs/clicdp.cern.ch/iLCSoft/builds/2017-05-30/x86_64-slc6-gcc62-opt/KalTest/HEAD
KRB5CCNAME=FILE:/tmp/krb5cc_p1095167712d
KRBTKFILE=/tmp/tkt_-_1095167712
LANG=en_US.UTF-8
LCCD=/cvmfs/clicdp.cern.ch/iLCSoft/builds/2017-05-30/x86_64-slc6-gcc62-opt/lccd/HEAD
lcgeo_DIR=/cvmfs/clicdp.cern.ch/iLCSoft/builds/2017-05-30/x86_64-slc6-gcc62-opt/lcgeo/HEAD
LCG_GFAL_INFOSYS=lcg-bdii.cern.ch:2170
LCG_LOCATION=/usr
LCIO=/cvmfs/clicdp.cern.ch/iLCSoft/builds/2017-05-30/x86_64-slc6-gcc62-opt/lcio/HEAD
LD_LIBRARY_PATH=./lib:/cvmfs/clicdp.cern.ch/software/CLHEP/2.3.1.1/x86_64-slc6-gcc62-opt/lib:/cvmfs/clicdp.cern.ch/software/Geant4/10.02.p02/x86_64-slc6-gcc62-opt/lib64:/cvmfs/clicdp.cern.ch/iLCSoft/builds/2017-05-30/x86_64-slc6-gcc62-opt/lcgeo/HEAD/lib:/cvmfs/clicdp.cern.ch/iLCSoft/builds/2017-05-30/x86_64-slc6-gcc62-opt/CEDViewer/HEAD/lib:/cvmfs/clicdp.cern.ch/iLCSoft/builds/2017-05-30/x86_64-slc6-gcc62-opt/PandoraPFANew/HEAD/lib:/cvmfs/clicdp.cern.ch/iLCSoft/builds/2017-05-30/x86_64-slc6-gcc62-opt/MarlinUtil/HEAD/lib:/cvmfs/clicdp.cern.ch/iLCSoft/builds/2017-05-30/x86_64-slc6-gcc62-opt/GBL/HEAD/lib:/cvmfs/clicdp.cern.ch/iLCSoft/builds/2017-05-30/x86_64-slc6-gcc62-opt/aidaTT/HEAD/lib:/cvmfs/clicdp.cern.ch/iLCSoft/builds/2017-05-30/x86_64-slc6-gcc62-opt/KalTest/HEAD/lib:/cvmfs/clicdp.cern.ch/iLCSoft/builds/2017-05-30/x86_64-slc6-gcc62-opt/DD4hep/HEAD/lib:/cvmfs/clicdp.cern.ch/iLCSoft/builds/2017-05-30/x86_64-slc6-gcc62-opt/gear/HEAD/lib:/cvmfs/clicdp.cern.ch/iLCSoft/builds/2017-05-30/x86_64-slc6-gcc62-opt/CED/HEAD/lib:/cvmfs/clicdp.cern.ch/iLCSoft/builds/2017-05-30/x86_64-slc6-gcc62-opt/CondDBMySQL/HEAD/lib:/cvmfs/clicdp.cern.ch/iLCSoft/builds/2017-05-30/x86_64-slc6-gcc62-opt/ilcutil/HEAD/lib:/cvmfs/clicdp.cern.ch/iLCSoft/builds/2017-05-30/x86_64-slc6-gcc62-opt/lcio/HEAD/lib:/cvmfs/clicdp.cern.ch/software/GSL/2.2.1/x86_64-slc6-gcc62-opt/lib:/cvmfs/clicdp.cern.ch/software/ROOT/6.08.00/x86_64-slc6-gcc62-opt/lib:/cvmfs/clicdp.cern.ch/software/CLHEP/2.3.1.1/x86_64-slc6-gcc62-opt/lib:/cvmfs/clicdp.cern.ch/software/Xerces-C/3.1.4/x86_64-slc6-gcc62-opt/lib:/cvmfs/clicdp.cern.ch/software/FastJet/3.2.1/x86_64-slc6-gcc62-opt/lib:/cvmfs/clicdp.cern.ch/software/MySQL/5.7.16/x86_64-slc6-gcc62-opt/lib64:/cvmfs/clicdp.cern.ch/software/MySQL/5.7.16/x86_64-slc6-gcc62-opt/lib:/cvmfs/clicdp.cern.ch/software/MySQL/5.7.16/x86_64-slc6-gcc62-opt/lib64/mysql:/cvmfs/clicdp.cern.ch/software/MySQL/5.7.16/x86_64-slc6-gcc62-opt/lib/mysql:/cvmfs/clicdp.cern.ch/compilers/gcc/6.2.0/x86_64-slc6/lib64:/cvmfs/clicdp.cern.ch/compilers/gcc/6.2.0/x86_64-slc6/lib:/cvmfs/clicdp.cern.ch/software/Python/2.7.12/x86_64-slc6-gcc62-opt/lib:/pool/grid/ilc032/home_cream_354841994/CREAM354841994/DIRAC_RkNcEFpilot/Linux_x86_64_glibc-2.12/lib:/pool/grid/ilc032/home_cream_354841994/CREAM354841994/DIRAC_RkNcEFpilot/Linux_x86_64_glibc-2.12/lib:/pool/grid/ilc032/home_cream_354841994/CREAM354841994/DIRAC_RkNcEFpilot/Linux_x86_64_glibc-2.12/lib:/usr/lsf/lib64
LD_LIBRARY_PATH_SAVE=/usr/lsf/lib64
LESSOPEN=||/usr/bin/lesspipe.sh %s
LOADEDMODULES=
LOGGER=logger -i -p local3.info -t lsf 
LOGNAME=ilc032
LSB_ACCT_FILE=/tmp/63565360.tmpdir/.1501146909.63565360.acct
LSB_BATCH_JID=63565360
LSB_CHKFILENAME=/pool/spool/1501146909.63565360
LSB_DJOB_ENV_SCRIPT=
LSB_DJOB_HOSTFILE=/pool/spool/1501146909.63565360.hostfile
LSB_DJOB_NUMPROC=1
LSB_DJOB_RANKFILE=/pool/spool/1501146909.63565360.hostfile
LSB_EEXEC_REAL_GID=
LSB_EEXEC_REAL_UID=
LSB_EFFECTIVE_RSRCREQ=select[( (lftm>30240&&swp>500&&maxmem>=1000)) && (type == local)] order[-joblong] rusage[joblong=1.00] 
LSB_EXEC_CLUSTER=batch
LSB_EXEC_HOSTTYPE=SLC6_64
LSB_EXIT_PRE_ABORT=99
LSB_HOSTS=b69e69aeeb
LSB_JOB_EXECUSER=ilc032
LSB_JOBEXIT_STAT=0
LSB_JOBFILENAME=/pool/spool/1501146909.63565360
LSB_JOBID=63565360
LSB_JOBINDEX=0
LSB_JOBNAME=cream_354841994
LSB_JOBRES_CALLBACK=60174@b69e69aeeb.cern.ch
LSB_JOBRES_PID=15986
LSB_JOB_STARTER=/usr/local/lsf/etc/job_starter '%USRCMD'
LSB_MAX_NUM_PROCESSORS=1
LSB_MCPU_HOSTS=b69e69aeeb 1 
LSB_OUTDIR=/home/grid/ilc032
LSB_OUTPUTFILE=/dev/null
LSB_QUEUE=grid_ilc
LSB_SHAREDIR=/usr/local/lsf/nfs/work
LSB_SUB_HOST=ce401.cern.ch
LSB_SUB_USER=ilc032
LSB_TRAPSIGS=trap # 15 10 12 2 1
LSB_UNIXGROUP_INT=zf
LSB_USRCMD=$LSB_JOBFILENAME.shell
LSB_XFER_OP=
LS_COLORS=
LS_EXECCWD=/home/grid/ilc032/
LS_EXEC_T=START
LSF_BINDIR=/usr/bin
LSF_CGROUP_TOPDIR_KEY=batch
LSF_CONFDIR=/usr/local/lsf/mnt/conf
LSF_EGO_ENVDIR=/usr/local/lsf/mnt/conf
LSF_ENVDIR=/etc
LSF_JOB_TIMESTAMP_VALUE=1501146915
__LSF_JOB_TMPDIR__=/tmp/63565360.tmpdir
LSF_LIBDIR=/usr/lsf/lib64
LSF_LIM_API_NTRIES=1
LSF_LOGDIR=/var/log/lsf
LSF_SERVERDIR=/usr/lsf/etc
LSF_STARTEPOCH=1501146919
LSFUSER=ilc032
LSF_VERSION=9.1
LS_JOBPID=15986
LS_SUBCWD=/home/grid/ilc032
MACHTYPE=x86_64
MAIL=/var/spool/mail/ilc032
MANPATH=/opt/glite/share/man::
MARLIN=/cvmfs/clicdp.cern.ch/iLCSoft/builds/2017-05-30/x86_64-slc6-gcc62-opt/Marlin/HEAD
MARLIN_DEBUG=1
MARLIN_DLL=/cvmfs/clicdp.cern.ch/iLCSoft/builds/2017-05-30/x86_64-slc6-gcc62-opt/MarlinDD4hep/HEAD/lib/libMarlinDD4hep.so:/cvmfs/clicdp.cern.ch/iLCSoft/builds/2017-05-30/x86_64-slc6-gcc62-opt/DDMarlinPandora/HEAD/lib/libDDMarlinPandora.so:/cvmfs/clicdp.cern.ch/iLCSoft/builds/2017-05-30/x86_64-slc6-gcc62-opt/MarlinReco/HEAD/lib/libMarlinReco.so:/cvmfs/clicdp.cern.ch/iLCSoft/builds/2017-05-30/x86_64-slc6-gcc62-opt/PandoraAnalysis/HEAD/lib/libPandoraAnalysis.so:/cvmfs/clicdp.cern.ch/iLCSoft/builds/2017-05-30/x86_64-slc6-gcc62-opt/MarlinPandora/HEAD/lib/libMarlinPandora.so:/cvmfs/clicdp.cern.ch/iLCSoft/builds/2017-05-30/x86_64-slc6-gcc62-opt/LCFIVertex/HEAD/lib/libLCFIVertex.so:/cvmfs/clicdp.cern.ch/iLCSoft/builds/2017-05-30/x86_64-slc6-gcc62-opt/LCFIPlus/HEAD/lib/libLCFIPlus.so:/cvmfs/clicdp.cern.ch/iLCSoft/builds/2017-05-30/x86_64-slc6-gcc62-opt/CEDViewer/HEAD/lib/libCEDViewer.so:/cvmfs/clicdp.cern.ch/iLCSoft/builds/2017-05-30/x86_64-slc6-gcc62-opt/Overlay/HEAD/lib/libOverlay.so:/cvmfs/clicdp.cern.ch/iLCSoft/builds/2017-05-30/x86_64-slc6-gcc62-opt/MarlinFastJet/HEAD/lib/libMarlinFastJet.so:/cvmfs/clicdp.cern.ch/iLCSoft/builds/2017-05-30/x86_64-slc6-gcc62-opt/LCTuple/HEAD/lib/libLCTuple.so:/cvmfs/clicdp.cern.ch/iLCSoft/builds/2017-05-30/x86_64-slc6-gcc62-opt/MarlinKinfit/HEAD/lib/libMarlinKinfit.so:/cvmfs/clicdp.cern.ch/iLCSoft/builds/2017-05-30/x86_64-slc6-gcc62-opt/MarlinTrkProcessors/HEAD/lib/libMarlinTrkProcessors.so:/cvmfs/clicdp.cern.ch/iLCSoft/builds/2017-05-30/x86_64-slc6-gcc62-opt/ILDPerformance/HEAD/lib/libILDPerformance.so:/cvmfs/clicdp.cern.ch/iLCSoft/builds/2017-05-30/x86_64-slc6-gcc62-opt/ClicPerformance/HEAD/lib/libClicPerformance.so:/cvmfs/clicdp.cern.ch/iLCSoft/builds/2017-05-30/x86_64-slc6-gcc62-opt/ConformalTracking/HEAD/lib/libConformalTracking.so:/cvmfs/clicdp.cern.ch/iLCSoft/builds/2017-05-30/x86_64-slc6-gcc62-opt/Physsim/HEAD/lib/libPhyssim.so:/cvmfs/clicdp.cern.ch/iLCSoft/builds/2017-05-30/x86_64-slc6-gcc62-opt/FCalClusterer/HEAD/lib/libFCalClusterer.so:/cvmfs/clicdp.cern.ch/iLCSoft/builds/2017-05-30/x86_64-slc6-gcc62-opt/ForwardTracking/HEAD/lib/libForwardTracking.so:/cvmfs/clicdp.cern.ch/iLCSoft/builds/2017-05-30/x86_64-slc6-gcc62-opt/Clupatra/HEAD/lib/libClupatra.so:/cvmfs/clicdp.cern.ch/iLCSoft/builds/2017-05-30/x86_64-slc6-gcc62-opt/Garlic/HEAD/lib/libGarlic.so:/cvmfs/clicdp.cern.ch/iLCSoft/builds/2017-05-30/x86_64-slc6-gcc62-opt/LICH/HEAD/lib/libLICH.so:./lib/marlin_dll/libTrackCutChecker.so
MODULEPATH=/usr/share/Modules/modulefiles:/etc/modulefiles
MODULESHOME=/usr/share/Modules
MYPROXY_SERVER=myproxy.cern.ch
MYSQL=/cvmfs/clicdp.cern.ch/software/MySQL/5.7.16/x86_64-slc6-gcc62-opt
MYSQL_HOME=/cvmfs/clicdp.cern.ch/software/MySQL/5.7.16/x86_64-slc6-gcc62-opt
MYSQL_LIBDIR=/cvmfs/clicdp.cern.ch/software/MySQL/5.7.16/x86_64-slc6-gcc62-opt/lib64/mysql
MYSQL_PATH=/cvmfs/clicdp.cern.ch/software/MySQL/5.7.16/x86_64-slc6-gcc62-opt
ninja_HOME=/cvmfs/clicdp.cern.ch/software/Ninja/1.7.1/x86_64-slc6-gcc62-opt
NLS_LANG=AMERICAN_AMERICA.WE8ISO8859P1
OLDPWD=/cvmfs/clicdp.cern.ch/software/Geant4/10.02.p02/x86_64-slc6-gcc62-opt/bin
OMP_NUM_THREADS=1
OS_AUTH_TYPE=v3kerberos
OS_AUTH_URL=https://keystone.cern.ch/krb/v3
OS_IDENTITY_API_VERSION=3
OS_PROJECT_DOMAIN_ID=default
OS_PROJECT_NAME=Personal ilc032
OSTYPE=linux
OS_VOLUME_API_VERSION=2
PANDORAPFANEW=/cvmfs/clicdp.cern.ch/iLCSoft/builds/2017-05-30/x86_64-slc6-gcc62-opt/PandoraPFANew/HEAD
PATH=/cvmfs/clicdp.cern.ch/software/ROOT/6.08.00/x86_64-slc6-gcc62-opt/bin:/cvmfs/clicdp.cern.ch/software/Geant4/10.02.p02/x86_64-slc6-gcc62-opt/bin:/cvmfs/clicdp.cern.ch/iLCSoft/builds/2017-05-30/x86_64-slc6-gcc62-opt/lcgeo/HEAD/bin:/cvmfs/clicdp.cern.ch/iLCSoft/builds/2017-05-30/x86_64-slc6-gcc62-opt/CEDViewer/HEAD/bin:/cvmfs/clicdp.cern.ch/iLCSoft/builds/2017-05-30/x86_64-slc6-gcc62-opt/aidaTT/HEAD/bin:/cvmfs/clicdp.cern.ch/iLCSoft/builds/2017-05-30/x86_64-slc6-gcc62-opt/DD4hep/HEAD/bin:/cvmfs/clicdp.cern.ch/iLCSoft/builds/2017-05-30/x86_64-slc6-gcc62-opt/gear/HEAD/tools:/cvmfs/clicdp.cern.ch/iLCSoft/builds/2017-05-30/x86_64-slc6-gcc62-opt/gear/HEAD/bin:/cvmfs/clicdp.cern.ch/iLCSoft/builds/2017-05-30/x86_64-slc6-gcc62-opt/RAIDA/HEAD/bin:/cvmfs/clicdp.cern.ch/iLCSoft/builds/2017-05-30/x86_64-slc6-gcc62-opt/Marlin/HEAD/bin:/cvmfs/clicdp.cern.ch/iLCSoft/builds/2017-05-30/x86_64-slc6-gcc62-opt/CED/HEAD/bin:/cvmfs/clicdp.cern.ch/software/Ninja/1.7.1/x86_64-slc6-gcc62-opt:/cvmfs/clicdp.cern.ch/software/CMake/3.6.2/x86_64-slc6-gcc62-opt/bin:/cvmfs/clicdp.cern.ch/iLCSoft/builds/2017-05-30/x86_64-slc6-gcc62-opt/lcio/HEAD/tools:/cvmfs/clicdp.cern.ch/iLCSoft/builds/2017-05-30/x86_64-slc6-gcc62-opt/lcio/HEAD/bin:/cvmfs/clicdp.cern.ch/software/GSL/2.2.1/x86_64-slc6-gcc62-opt/bin:/cvmfs/clicdp.cern.ch/software/ROOT/6.08.00/x86_64-slc6-gcc62-opt/bin:/cvmfs/clicdp.cern.ch/software/CLHEP/2.3.1.1/x86_64-slc6-gcc62-opt/bin:/cvmfs/clicdp.cern.ch/software/Xerces-C/3.1.4/x86_64-slc6-gcc62-opt/bin:/cvmfs/clicdp.cern.ch/software/FastJet/3.2.1/x86_64-slc6-gcc62-opt/bin:/cvmfs/clicdp.cern.ch/software/MySQL/5.7.16/x86_64-slc6-gcc62-opt/bin:/cvmfs/clicdp.cern.ch/compilers/gcc/6.2.0/x86_64-slc6/bin:/cvmfs/clicdp.cern.ch/software/Python/2.7.12/x86_64-slc6-gcc62-opt/bin:/pool/grid/ilc032/home_cream_354841994/CREAM354841994/DIRAC_RkNcEFpilot/Linux_x86_64_glibc-2.12/bin:/pool/grid/ilc032/home_cream_354841994/CREAM354841994/DIRAC_RkNcEFpilot/Linux_x86_64_glibc-2.12/bin:/pool/grid/ilc032/home_cream_354841994/CREAM354841994/DIRAC_RkNcEFpilot/Linux_x86_64_glibc-2.12/bin:/pool/grid/ilc032/home_cream_354841994/CREAM354841994/DIRAC_RkNcEFpilot/scripts:/afs/cern.ch/group/zf/bin:/home/grid/ilc032/home_cream_354841994/scripts:/home/grid/ilc032/scripts:/usr/sue/bin:/usr/lib64/qt-3.3/bin:/usr/kerberos/sbin:/usr/kerberos/bin:/bin:/usr/bin/:/usr/mbin:/local/bin:/usr/local:/usr/ucb:/usr/local/sbin:/usr/sbin:/sbin:/opt/puppetlabs/bin
PWD=/pool/grid/ilc032/home_cream_354841994/CREAM354841994/DIRAC_RkNcEFpilot/26389384
PYTHONPATH=/cvmfs/clicdp.cern.ch/iLCSoft/builds/2017-05-30/x86_64-slc6-gcc62-opt/lcgeo/HEAD/lib/python:/cvmfs/clicdp.cern.ch/iLCSoft/builds/2017-05-30/x86_64-slc6-gcc62-opt/DD4hep/HEAD/python:/cvmfs/clicdp.cern.ch/iLCSoft/builds/2017-05-30/x86_64-slc6-gcc62-opt/DD4hep/HEAD/DDCore/python:/cvmfs/clicdp.cern.ch/iLCSoft/builds/2017-05-30/x86_64-slc6-gcc62-opt/lcio/HEAD/python:/cvmfs/clicdp.cern.ch/iLCSoft/builds/2017-05-30/x86_64-slc6-gcc62-opt/lcio/HEAD/python/examples:/cvmfs/clicdp.cern.ch/software/ROOT/6.08.00/x86_64-slc6-gcc62-opt/lib:/pool/grid/ilc032/home_cream_354841994/CREAM354841994/DIRAC_RkNcEFpilot:/pool/grid/ilc032/home_cream_354841994/CREAM354841994/DIRAC_RkNcEFpilot
PYTHONPATH_SAVE=
PYTHONUNBUFFERED=yes
QTDIR=/usr/lib64/qt-3.3
QTINC=/usr/lib64/qt-3.3/include
QTLIB=/usr/lib64/qt-3.3/lib
RAIDA_HOME=/cvmfs/clicdp.cern.ch/iLCSoft/builds/2017-05-30/x86_64-slc6-gcc62-opt/RAIDA/HEAD
ROOTSYS=/cvmfs/clicdp.cern.ch/software/ROOT/6.08.00/x86_64-slc6-gcc62-opt
SBD_KRB5CCNAME_VAL=
SHELL=/bin/bash
SHLVL=16
SITE_NAME=CERN-PROD
SRM_PATH=/opt/d-cache/srm
TMPDIR=/home/grid/ilc032/63565360
USER=ilc032
VENDOR=unknown
VO_ALICE_DEFAULT_SE=srm-alice.cern.ch
VO_ALICE_SW_DIR=/afs/cern.ch/project/gd/apps/alice
VO_ATLAS_DEFAULT_SE=srm-atlas.cern.ch
VO_ATLAS_SW_DIR=/cvmfs/atlas.cern.ch/repo/sw
VO_CMS_DEFAULT_SE=srm-cms.cern.ch
VO_CMS_SW_DIR=/cvmfs/cms.cern.ch
VO_DTEAM_DEFAULT_SE=srm-public.cern.ch
VO_DTEAM_SW_DIR=/afs/cern.ch/project/gd/apps/dteam
VO_GEANT4_DEFAULT_SE=lxdpm101.cern.ch
VO_GEANT4_SW_DIR=/afs/cern.ch/project/gd/apps/geant4
VO_ILC_DEFAULT_SE=srm-public.cern.ch
VO_ILC_SW_DIR=/cvmfs/ilc.desy.de
VO_LHCB_DEFAULT_SE=srm-lhcb.cern.ch
VO_LHCB_SW_DIR=/cvmfs/lhcb.cern.ch
VO_NA48_DEFAULT_SE=srm-public.cern.ch
VO_NA48_SW_DIR=/afs/cern.ch/project/gd/apps/na48
VO_OPS_DEFAULT_SE=srm-public.cern.ch
VO_OPS_SW_DIR=/afs/cern.ch/project/gd/apps/ops
VO_UNOSAT_DEFAULT_SE=srm-public.cern.ch
VO_UNOSAT_SW_DIR=/afs/cern.ch/project/gd/apps/unosat
VO_VO_ALEPH_CERN_CH_DEFAULT_SE=srm-public.cern.ch
VO_VO_ALEPH_CERN_CH_SW_DIR=/afs/cern.ch/aleph
VO_VO_DELPHI_CERN_CH_DEFAULT_SE=srm-public.cern.ch
VO_VO_DELPHI_CERN_CH_SW_DIR=/afs/cern.ch/delphi
VO_VO_GEAR_CERN_CH_DEFAULT_SE=lxdpm104.cern.ch
VO_VO_GEAR_CERN_CH_SW_DIR=/afs/cern.ch/project/gd/apps/gear
VO_VO_L3_CERN_CH_DEFAULT_SE=srm-public.cern.ch
VO_VO_L3_CERN_CH_SW_DIR=/afs/cern.ch/l3
VO_VO_OPAL_CERN_CH_DEFAULT_SE=srm-public.cern.ch
VO_VO_OPAL_CERN_CH_SW_DIR=/afs/cern.ch/opal
VO_VO_SIXT_CERN_CH_DEFAULT_SE=srm-public.cern.ch
VO_VO_SIXT_CERN_CH_SW_DIR=/afs/cern.ch/project/gd/apps/sixt
X509_CERT_DIR=/pool/grid/ilc032/home_cream_354841994/CREAM354841994/DIRAC_RkNcEFpilot/etc/grid-security/certificates
X509_USER_PROXY=/home/grid/ilc032/63565360/tmp0Aw5m_
XercesC_HOME=/cvmfs/clicdp.cern.ch/software/Xerces-C/3.1.4/x86_64-slc6-gcc62-opt
