The system is: Linux - 2.6.32-642.11.1.el6.x86_64 - x86_64
Compiling the C compiler identification source file "CMakeCCompilerId.c" succeeded.
Compiler: /cvmfs/clicdp.cern.ch/compilers/gcc/6.2.0/x86_64-slc6/bin/gcc 
Build flags: 
Id flags: 

The output was:
0


Compilation of the C compiler identification source "CMakeCCompilerId.c" produced "a.out"

The C compiler identification is GNU, found in "/afs/cern.ch/user/a/amaier/CLIC/TrackCutChecker/build/CMakeFiles/3.6.2/CompilerIdC/a.out"

Compiling the CXX compiler identification source file "CMakeCXXCompilerId.cpp" succeeded.
Compiler: /cvmfs/clicdp.cern.ch/compilers/gcc/6.2.0/x86_64-slc6/bin/g++ 
Build flags: -std=c++11;-Wall
Id flags: 

The output was:
0


Compilation of the CXX compiler identification source "CMakeCXXCompilerId.cpp" produced "a.out"

The CXX compiler identification is GNU, found in "/afs/cern.ch/user/a/amaier/CLIC/TrackCutChecker/build/CMakeFiles/3.6.2/CompilerIdCXX/a.out"

Determining if the C compiler works passed with the following output:
Change Dir: /afs/cern.ch/user/a/amaier/CLIC/TrackCutChecker/build/CMakeFiles/CMakeTmp

Run Build Command:"/usr/bin/gmake" "cmTC_296db/fast"
/usr/bin/gmake -f CMakeFiles/cmTC_296db.dir/build.make CMakeFiles/cmTC_296db.dir/build
gmake[1]: Entering directory `/afs/cern.ch/user/a/amaier/CLIC/TrackCutChecker/build/CMakeFiles/CMakeTmp'
Building C object CMakeFiles/cmTC_296db.dir/testCCompiler.c.o
/cvmfs/clicdp.cern.ch/compilers/gcc/6.2.0/x86_64-slc6/bin/gcc     -o CMakeFiles/cmTC_296db.dir/testCCompiler.c.o   -c /afs/cern.ch/user/a/amaier/CLIC/TrackCutChecker/build/CMakeFiles/CMakeTmp/testCCompiler.c
Linking C executable cmTC_296db
/cvmfs/clicdp.cern.ch/software/CMake/3.6.2/x86_64-slc6-gcc62-opt/bin/cmake -E cmake_link_script CMakeFiles/cmTC_296db.dir/link.txt --verbose=1
/cvmfs/clicdp.cern.ch/compilers/gcc/6.2.0/x86_64-slc6/bin/gcc       CMakeFiles/cmTC_296db.dir/testCCompiler.c.o  -o cmTC_296db -rdynamic 
gmake[1]: Leaving directory `/afs/cern.ch/user/a/amaier/CLIC/TrackCutChecker/build/CMakeFiles/CMakeTmp'


Detecting C compiler ABI info compiled with the following output:
Change Dir: /afs/cern.ch/user/a/amaier/CLIC/TrackCutChecker/build/CMakeFiles/CMakeTmp

Run Build Command:"/usr/bin/gmake" "cmTC_3631b/fast"
/usr/bin/gmake -f CMakeFiles/cmTC_3631b.dir/build.make CMakeFiles/cmTC_3631b.dir/build
gmake[1]: Entering directory `/afs/cern.ch/user/a/amaier/CLIC/TrackCutChecker/build/CMakeFiles/CMakeTmp'
Building C object CMakeFiles/cmTC_3631b.dir/CMakeCCompilerABI.c.o
/cvmfs/clicdp.cern.ch/compilers/gcc/6.2.0/x86_64-slc6/bin/gcc     -o CMakeFiles/cmTC_3631b.dir/CMakeCCompilerABI.c.o   -c /cvmfs/clicdp.cern.ch/software/CMake/3.6.2/x86_64-slc6-gcc62-opt/share/cmake-3.6/Modules/CMakeCCompilerABI.c
Linking C executable cmTC_3631b
/cvmfs/clicdp.cern.ch/software/CMake/3.6.2/x86_64-slc6-gcc62-opt/bin/cmake -E cmake_link_script CMakeFiles/cmTC_3631b.dir/link.txt --verbose=1
/cvmfs/clicdp.cern.ch/compilers/gcc/6.2.0/x86_64-slc6/bin/gcc      -v CMakeFiles/cmTC_3631b.dir/CMakeCCompilerABI.c.o  -o cmTC_3631b -rdynamic  
Using built-in specs.
COLLECT_GCC=/cvmfs/clicdp.cern.ch/compilers/gcc/6.2.0/x86_64-slc6/bin/gcc
COLLECT_LTO_WRAPPER=/cvmfs/clicdp.cern.ch/compilers/gcc/6.2.0/x86_64-slc6/libexec/gcc/x86_64-pc-linux-gnu/6.2.0/lto-wrapper
Target: x86_64-pc-linux-gnu
Configured with: ./configure --prefix=/cvmfs/clicdp.cern.ch/compilers/gcc/6.2.0/x86_64-slc6/ --enable-languages=c,c++,fortran,go
Thread model: posix
gcc version 6.2.0 (GCC) 
COMPILER_PATH=/cvmfs/clicdp.cern.ch/compilers/gcc/6.2.0/x86_64-slc6/libexec/gcc/x86_64-pc-linux-gnu/6.2.0/:/cvmfs/clicdp.cern.ch/compilers/gcc/6.2.0/x86_64-slc6/libexec/gcc/x86_64-pc-linux-gnu/6.2.0/:/cvmfs/clicdp.cern.ch/compilers/gcc/6.2.0/x86_64-slc6/libexec/gcc/x86_64-pc-linux-gnu/:/cvmfs/clicdp.cern.ch/compilers/gcc/6.2.0/x86_64-slc6/lib/gcc/x86_64-pc-linux-gnu/6.2.0/:/cvmfs/clicdp.cern.ch/compilers/gcc/6.2.0/x86_64-slc6/lib/gcc/x86_64-pc-linux-gnu/
LIBRARY_PATH=/cvmfs/clicdp.cern.ch/compilers/gcc/6.2.0/x86_64-slc6/lib/gcc/x86_64-pc-linux-gnu/6.2.0/:/cvmfs/clicdp.cern.ch/compilers/gcc/6.2.0/x86_64-slc6/lib/gcc/x86_64-pc-linux-gnu/6.2.0/../../../../lib64/:/lib/../lib64/:/usr/lib/../lib64/:/cvmfs/clicdp.cern.ch/compilers/gcc/6.2.0/x86_64-slc6/lib/gcc/x86_64-pc-linux-gnu/6.2.0/../../../:/lib/:/usr/lib/
COLLECT_GCC_OPTIONS='-v' '-o' 'cmTC_3631b' '-rdynamic' '-mtune=generic' '-march=x86-64'
 /cvmfs/clicdp.cern.ch/compilers/gcc/6.2.0/x86_64-slc6/libexec/gcc/x86_64-pc-linux-gnu/6.2.0/collect2 --eh-frame-hdr -m elf_x86_64 -export-dynamic -dynamic-linker /lib64/ld-linux-x86-64.so.2 -o cmTC_3631b /usr/lib/../lib64/crt1.o /usr/lib/../lib64/crti.o /cvmfs/clicdp.cern.ch/compilers/gcc/6.2.0/x86_64-slc6/lib/gcc/x86_64-pc-linux-gnu/6.2.0/crtbegin.o -L/cvmfs/clicdp.cern.ch/compilers/gcc/6.2.0/x86_64-slc6/lib/gcc/x86_64-pc-linux-gnu/6.2.0 -L/cvmfs/clicdp.cern.ch/compilers/gcc/6.2.0/x86_64-slc6/lib/gcc/x86_64-pc-linux-gnu/6.2.0/../../../../lib64 -L/lib/../lib64 -L/usr/lib/../lib64 -L/cvmfs/clicdp.cern.ch/compilers/gcc/6.2.0/x86_64-slc6/lib/gcc/x86_64-pc-linux-gnu/6.2.0/../../.. CMakeFiles/cmTC_3631b.dir/CMakeCCompilerABI.c.o -lgcc --as-needed -lgcc_s --no-as-needed -lc -lgcc --as-needed -lgcc_s --no-as-needed /cvmfs/clicdp.cern.ch/compilers/gcc/6.2.0/x86_64-slc6/lib/gcc/x86_64-pc-linux-gnu/6.2.0/crtend.o /usr/lib/../lib64/crtn.o
COLLECT_GCC_OPTIONS='-v' '-o' 'cmTC_3631b' '-rdynamic' '-mtune=generic' '-march=x86-64'
gmake[1]: Leaving directory `/afs/cern.ch/user/a/amaier/CLIC/TrackCutChecker/build/CMakeFiles/CMakeTmp'


Parsed C implicit link information from above output:
  link line regex: [^( *|.*[/\])(ld|([^/\]+-)?ld|collect2)[^/\]*( |$)]
  ignore line: [Change Dir: /afs/cern.ch/user/a/amaier/CLIC/TrackCutChecker/build/CMakeFiles/CMakeTmp]
  ignore line: []
  ignore line: [Run Build Command:"/usr/bin/gmake" "cmTC_3631b/fast"]
  ignore line: [/usr/bin/gmake -f CMakeFiles/cmTC_3631b.dir/build.make CMakeFiles/cmTC_3631b.dir/build]
  ignore line: [gmake[1]: Entering directory `/afs/cern.ch/user/a/amaier/CLIC/TrackCutChecker/build/CMakeFiles/CMakeTmp']
  ignore line: [Building C object CMakeFiles/cmTC_3631b.dir/CMakeCCompilerABI.c.o]
  ignore line: [/cvmfs/clicdp.cern.ch/compilers/gcc/6.2.0/x86_64-slc6/bin/gcc     -o CMakeFiles/cmTC_3631b.dir/CMakeCCompilerABI.c.o   -c /cvmfs/clicdp.cern.ch/software/CMake/3.6.2/x86_64-slc6-gcc62-opt/share/cmake-3.6/Modules/CMakeCCompilerABI.c]
  ignore line: [Linking C executable cmTC_3631b]
  ignore line: [/cvmfs/clicdp.cern.ch/software/CMake/3.6.2/x86_64-slc6-gcc62-opt/bin/cmake -E cmake_link_script CMakeFiles/cmTC_3631b.dir/link.txt --verbose=1]
  ignore line: [/cvmfs/clicdp.cern.ch/compilers/gcc/6.2.0/x86_64-slc6/bin/gcc      -v CMakeFiles/cmTC_3631b.dir/CMakeCCompilerABI.c.o  -o cmTC_3631b -rdynamic  ]
  ignore line: [Using built-in specs.]
  ignore line: [COLLECT_GCC=/cvmfs/clicdp.cern.ch/compilers/gcc/6.2.0/x86_64-slc6/bin/gcc]
  ignore line: [COLLECT_LTO_WRAPPER=/cvmfs/clicdp.cern.ch/compilers/gcc/6.2.0/x86_64-slc6/libexec/gcc/x86_64-pc-linux-gnu/6.2.0/lto-wrapper]
  ignore line: [Target: x86_64-pc-linux-gnu]
  ignore line: [Configured with: ./configure --prefix=/cvmfs/clicdp.cern.ch/compilers/gcc/6.2.0/x86_64-slc6/ --enable-languages=c,c++,fortran,go]
  ignore line: [Thread model: posix]
  ignore line: [gcc version 6.2.0 (GCC) ]
  ignore line: [COMPILER_PATH=/cvmfs/clicdp.cern.ch/compilers/gcc/6.2.0/x86_64-slc6/libexec/gcc/x86_64-pc-linux-gnu/6.2.0/:/cvmfs/clicdp.cern.ch/compilers/gcc/6.2.0/x86_64-slc6/libexec/gcc/x86_64-pc-linux-gnu/6.2.0/:/cvmfs/clicdp.cern.ch/compilers/gcc/6.2.0/x86_64-slc6/libexec/gcc/x86_64-pc-linux-gnu/:/cvmfs/clicdp.cern.ch/compilers/gcc/6.2.0/x86_64-slc6/lib/gcc/x86_64-pc-linux-gnu/6.2.0/:/cvmfs/clicdp.cern.ch/compilers/gcc/6.2.0/x86_64-slc6/lib/gcc/x86_64-pc-linux-gnu/]
  ignore line: [LIBRARY_PATH=/cvmfs/clicdp.cern.ch/compilers/gcc/6.2.0/x86_64-slc6/lib/gcc/x86_64-pc-linux-gnu/6.2.0/:/cvmfs/clicdp.cern.ch/compilers/gcc/6.2.0/x86_64-slc6/lib/gcc/x86_64-pc-linux-gnu/6.2.0/../../../../lib64/:/lib/../lib64/:/usr/lib/../lib64/:/cvmfs/clicdp.cern.ch/compilers/gcc/6.2.0/x86_64-slc6/lib/gcc/x86_64-pc-linux-gnu/6.2.0/../../../:/lib/:/usr/lib/]
  ignore line: [COLLECT_GCC_OPTIONS='-v' '-o' 'cmTC_3631b' '-rdynamic' '-mtune=generic' '-march=x86-64']
  link line: [ /cvmfs/clicdp.cern.ch/compilers/gcc/6.2.0/x86_64-slc6/libexec/gcc/x86_64-pc-linux-gnu/6.2.0/collect2 --eh-frame-hdr -m elf_x86_64 -export-dynamic -dynamic-linker /lib64/ld-linux-x86-64.so.2 -o cmTC_3631b /usr/lib/../lib64/crt1.o /usr/lib/../lib64/crti.o /cvmfs/clicdp.cern.ch/compilers/gcc/6.2.0/x86_64-slc6/lib/gcc/x86_64-pc-linux-gnu/6.2.0/crtbegin.o -L/cvmfs/clicdp.cern.ch/compilers/gcc/6.2.0/x86_64-slc6/lib/gcc/x86_64-pc-linux-gnu/6.2.0 -L/cvmfs/clicdp.cern.ch/compilers/gcc/6.2.0/x86_64-slc6/lib/gcc/x86_64-pc-linux-gnu/6.2.0/../../../../lib64 -L/lib/../lib64 -L/usr/lib/../lib64 -L/cvmfs/clicdp.cern.ch/compilers/gcc/6.2.0/x86_64-slc6/lib/gcc/x86_64-pc-linux-gnu/6.2.0/../../.. CMakeFiles/cmTC_3631b.dir/CMakeCCompilerABI.c.o -lgcc --as-needed -lgcc_s --no-as-needed -lc -lgcc --as-needed -lgcc_s --no-as-needed /cvmfs/clicdp.cern.ch/compilers/gcc/6.2.0/x86_64-slc6/lib/gcc/x86_64-pc-linux-gnu/6.2.0/crtend.o /usr/lib/../lib64/crtn.o]
    arg [/cvmfs/clicdp.cern.ch/compilers/gcc/6.2.0/x86_64-slc6/libexec/gcc/x86_64-pc-linux-gnu/6.2.0/collect2] ==> ignore
    arg [--eh-frame-hdr] ==> ignore
    arg [-m] ==> ignore
    arg [elf_x86_64] ==> ignore
    arg [-export-dynamic] ==> ignore
    arg [-dynamic-linker] ==> ignore
    arg [/lib64/ld-linux-x86-64.so.2] ==> ignore
    arg [-o] ==> ignore
    arg [cmTC_3631b] ==> ignore
    arg [/usr/lib/../lib64/crt1.o] ==> ignore
    arg [/usr/lib/../lib64/crti.o] ==> ignore
    arg [/cvmfs/clicdp.cern.ch/compilers/gcc/6.2.0/x86_64-slc6/lib/gcc/x86_64-pc-linux-gnu/6.2.0/crtbegin.o] ==> ignore
    arg [-L/cvmfs/clicdp.cern.ch/compilers/gcc/6.2.0/x86_64-slc6/lib/gcc/x86_64-pc-linux-gnu/6.2.0] ==> dir [/cvmfs/clicdp.cern.ch/compilers/gcc/6.2.0/x86_64-slc6/lib/gcc/x86_64-pc-linux-gnu/6.2.0]
    arg [-L/cvmfs/clicdp.cern.ch/compilers/gcc/6.2.0/x86_64-slc6/lib/gcc/x86_64-pc-linux-gnu/6.2.0/../../../../lib64] ==> dir [/cvmfs/clicdp.cern.ch/compilers/gcc/6.2.0/x86_64-slc6/lib/gcc/x86_64-pc-linux-gnu/6.2.0/../../../../lib64]
    arg [-L/lib/../lib64] ==> dir [/lib/../lib64]
    arg [-L/usr/lib/../lib64] ==> dir [/usr/lib/../lib64]
    arg [-L/cvmfs/clicdp.cern.ch/compilers/gcc/6.2.0/x86_64-slc6/lib/gcc/x86_64-pc-linux-gnu/6.2.0/../../..] ==> dir [/cvmfs/clicdp.cern.ch/compilers/gcc/6.2.0/x86_64-slc6/lib/gcc/x86_64-pc-linux-gnu/6.2.0/../../..]
    arg [CMakeFiles/cmTC_3631b.dir/CMakeCCompilerABI.c.o] ==> ignore
    arg [-lgcc] ==> lib [gcc]
    arg [--as-needed] ==> ignore
    arg [-lgcc_s] ==> lib [gcc_s]
    arg [--no-as-needed] ==> ignore
    arg [-lc] ==> lib [c]
    arg [-lgcc] ==> lib [gcc]
    arg [--as-needed] ==> ignore
    arg [-lgcc_s] ==> lib [gcc_s]
    arg [--no-as-needed] ==> ignore
    arg [/cvmfs/clicdp.cern.ch/compilers/gcc/6.2.0/x86_64-slc6/lib/gcc/x86_64-pc-linux-gnu/6.2.0/crtend.o] ==> ignore
    arg [/usr/lib/../lib64/crtn.o] ==> ignore
  remove lib [gcc]
  remove lib [gcc_s]
  remove lib [gcc]
  remove lib [gcc_s]
  collapse library dir [/cvmfs/clicdp.cern.ch/compilers/gcc/6.2.0/x86_64-slc6/lib/gcc/x86_64-pc-linux-gnu/6.2.0] ==> [/cvmfs/clicdp.cern.ch/compilers/gcc/6.2.0/x86_64-slc6/lib/gcc/x86_64-pc-linux-gnu/6.2.0]
  collapse library dir [/cvmfs/clicdp.cern.ch/compilers/gcc/6.2.0/x86_64-slc6/lib/gcc/x86_64-pc-linux-gnu/6.2.0/../../../../lib64] ==> [/cvmfs/clicdp.cern.ch/compilers/gcc/6.2.0/x86_64-slc6/lib64]
  collapse library dir [/lib/../lib64] ==> [/lib64]
  collapse library dir [/usr/lib/../lib64] ==> [/usr/lib64]
  collapse library dir [/cvmfs/clicdp.cern.ch/compilers/gcc/6.2.0/x86_64-slc6/lib/gcc/x86_64-pc-linux-gnu/6.2.0/../../..] ==> [/cvmfs/clicdp.cern.ch/compilers/gcc/6.2.0/x86_64-slc6/lib]
  implicit libs: [c]
  implicit dirs: [/cvmfs/clicdp.cern.ch/compilers/gcc/6.2.0/x86_64-slc6/lib/gcc/x86_64-pc-linux-gnu/6.2.0;/cvmfs/clicdp.cern.ch/compilers/gcc/6.2.0/x86_64-slc6/lib64;/lib64;/usr/lib64;/cvmfs/clicdp.cern.ch/compilers/gcc/6.2.0/x86_64-slc6/lib]
  implicit fwks: []




Detecting C [-std=c11] compiler features compiled with the following output:
Change Dir: /afs/cern.ch/user/a/amaier/CLIC/TrackCutChecker/build/CMakeFiles/CMakeTmp

Run Build Command:"/usr/bin/gmake" "cmTC_02112/fast"
/usr/bin/gmake -f CMakeFiles/cmTC_02112.dir/build.make CMakeFiles/cmTC_02112.dir/build
gmake[1]: Entering directory `/afs/cern.ch/user/a/amaier/CLIC/TrackCutChecker/build/CMakeFiles/CMakeTmp'
Building C object CMakeFiles/cmTC_02112.dir/feature_tests.c.o
/cvmfs/clicdp.cern.ch/compilers/gcc/6.2.0/x86_64-slc6/bin/gcc    -std=c11 -o CMakeFiles/cmTC_02112.dir/feature_tests.c.o   -c /afs/cern.ch/user/a/amaier/CLIC/TrackCutChecker/build/CMakeFiles/feature_tests.c
Linking C executable cmTC_02112
/cvmfs/clicdp.cern.ch/software/CMake/3.6.2/x86_64-slc6-gcc62-opt/bin/cmake -E cmake_link_script CMakeFiles/cmTC_02112.dir/link.txt --verbose=1
/cvmfs/clicdp.cern.ch/compilers/gcc/6.2.0/x86_64-slc6/bin/gcc       CMakeFiles/cmTC_02112.dir/feature_tests.c.o  -o cmTC_02112 -rdynamic 
gmake[1]: Leaving directory `/afs/cern.ch/user/a/amaier/CLIC/TrackCutChecker/build/CMakeFiles/CMakeTmp'


    Feature record: C_FEATURE:1c_function_prototypes
    Feature record: C_FEATURE:1c_restrict
    Feature record: C_FEATURE:1c_static_assert
    Feature record: C_FEATURE:1c_variadic_macros


Detecting C [-std=c99] compiler features compiled with the following output:
Change Dir: /afs/cern.ch/user/a/amaier/CLIC/TrackCutChecker/build/CMakeFiles/CMakeTmp

Run Build Command:"/usr/bin/gmake" "cmTC_d5520/fast"
/usr/bin/gmake -f CMakeFiles/cmTC_d5520.dir/build.make CMakeFiles/cmTC_d5520.dir/build
gmake[1]: Entering directory `/afs/cern.ch/user/a/amaier/CLIC/TrackCutChecker/build/CMakeFiles/CMakeTmp'
Building C object CMakeFiles/cmTC_d5520.dir/feature_tests.c.o
/cvmfs/clicdp.cern.ch/compilers/gcc/6.2.0/x86_64-slc6/bin/gcc    -std=c99 -o CMakeFiles/cmTC_d5520.dir/feature_tests.c.o   -c /afs/cern.ch/user/a/amaier/CLIC/TrackCutChecker/build/CMakeFiles/feature_tests.c
Linking C executable cmTC_d5520
/cvmfs/clicdp.cern.ch/software/CMake/3.6.2/x86_64-slc6-gcc62-opt/bin/cmake -E cmake_link_script CMakeFiles/cmTC_d5520.dir/link.txt --verbose=1
/cvmfs/clicdp.cern.ch/compilers/gcc/6.2.0/x86_64-slc6/bin/gcc       CMakeFiles/cmTC_d5520.dir/feature_tests.c.o  -o cmTC_d5520 -rdynamic 
gmake[1]: Leaving directory `/afs/cern.ch/user/a/amaier/CLIC/TrackCutChecker/build/CMakeFiles/CMakeTmp'


    Feature record: C_FEATURE:1c_function_prototypes
    Feature record: C_FEATURE:1c_restrict
    Feature record: C_FEATURE:0c_static_assert
    Feature record: C_FEATURE:1c_variadic_macros


Detecting C [-std=c90] compiler features compiled with the following output:
Change Dir: /afs/cern.ch/user/a/amaier/CLIC/TrackCutChecker/build/CMakeFiles/CMakeTmp

Run Build Command:"/usr/bin/gmake" "cmTC_b57f1/fast"
/usr/bin/gmake -f CMakeFiles/cmTC_b57f1.dir/build.make CMakeFiles/cmTC_b57f1.dir/build
gmake[1]: Entering directory `/afs/cern.ch/user/a/amaier/CLIC/TrackCutChecker/build/CMakeFiles/CMakeTmp'
Building C object CMakeFiles/cmTC_b57f1.dir/feature_tests.c.o
/cvmfs/clicdp.cern.ch/compilers/gcc/6.2.0/x86_64-slc6/bin/gcc    -std=c90 -o CMakeFiles/cmTC_b57f1.dir/feature_tests.c.o   -c /afs/cern.ch/user/a/amaier/CLIC/TrackCutChecker/build/CMakeFiles/feature_tests.c
Linking C executable cmTC_b57f1
/cvmfs/clicdp.cern.ch/software/CMake/3.6.2/x86_64-slc6-gcc62-opt/bin/cmake -E cmake_link_script CMakeFiles/cmTC_b57f1.dir/link.txt --verbose=1
/cvmfs/clicdp.cern.ch/compilers/gcc/6.2.0/x86_64-slc6/bin/gcc       CMakeFiles/cmTC_b57f1.dir/feature_tests.c.o  -o cmTC_b57f1 -rdynamic 
gmake[1]: Leaving directory `/afs/cern.ch/user/a/amaier/CLIC/TrackCutChecker/build/CMakeFiles/CMakeTmp'


    Feature record: C_FEATURE:1c_function_prototypes
    Feature record: C_FEATURE:0c_restrict
    Feature record: C_FEATURE:0c_static_assert
    Feature record: C_FEATURE:0c_variadic_macros
Determining if the CXX compiler works passed with the following output:
Change Dir: /afs/cern.ch/user/a/amaier/CLIC/TrackCutChecker/build/CMakeFiles/CMakeTmp

Run Build Command:"/usr/bin/gmake" "cmTC_30bd2/fast"
/usr/bin/gmake -f CMakeFiles/cmTC_30bd2.dir/build.make CMakeFiles/cmTC_30bd2.dir/build
gmake[1]: Entering directory `/afs/cern.ch/user/a/amaier/CLIC/TrackCutChecker/build/CMakeFiles/CMakeTmp'
Building CXX object CMakeFiles/cmTC_30bd2.dir/testCXXCompiler.cxx.o
/cvmfs/clicdp.cern.ch/compilers/gcc/6.2.0/x86_64-slc6/bin/g++     -std=c++11 -Wall    -o CMakeFiles/cmTC_30bd2.dir/testCXXCompiler.cxx.o -c /afs/cern.ch/user/a/amaier/CLIC/TrackCutChecker/build/CMakeFiles/CMakeTmp/testCXXCompiler.cxx
Linking CXX executable cmTC_30bd2
/cvmfs/clicdp.cern.ch/software/CMake/3.6.2/x86_64-slc6-gcc62-opt/bin/cmake -E cmake_link_script CMakeFiles/cmTC_30bd2.dir/link.txt --verbose=1
/cvmfs/clicdp.cern.ch/compilers/gcc/6.2.0/x86_64-slc6/bin/g++   -std=c++11 -Wall     CMakeFiles/cmTC_30bd2.dir/testCXXCompiler.cxx.o  -o cmTC_30bd2 -rdynamic 
gmake[1]: Leaving directory `/afs/cern.ch/user/a/amaier/CLIC/TrackCutChecker/build/CMakeFiles/CMakeTmp'


Detecting CXX compiler ABI info compiled with the following output:
Change Dir: /afs/cern.ch/user/a/amaier/CLIC/TrackCutChecker/build/CMakeFiles/CMakeTmp

Run Build Command:"/usr/bin/gmake" "cmTC_d57f1/fast"
/usr/bin/gmake -f CMakeFiles/cmTC_d57f1.dir/build.make CMakeFiles/cmTC_d57f1.dir/build
gmake[1]: Entering directory `/afs/cern.ch/user/a/amaier/CLIC/TrackCutChecker/build/CMakeFiles/CMakeTmp'
Building CXX object CMakeFiles/cmTC_d57f1.dir/CMakeCXXCompilerABI.cpp.o
/cvmfs/clicdp.cern.ch/compilers/gcc/6.2.0/x86_64-slc6/bin/g++     -std=c++11 -Wall    -o CMakeFiles/cmTC_d57f1.dir/CMakeCXXCompilerABI.cpp.o -c /cvmfs/clicdp.cern.ch/software/CMake/3.6.2/x86_64-slc6-gcc62-opt/share/cmake-3.6/Modules/CMakeCXXCompilerABI.cpp
Linking CXX executable cmTC_d57f1
/cvmfs/clicdp.cern.ch/software/CMake/3.6.2/x86_64-slc6-gcc62-opt/bin/cmake -E cmake_link_script CMakeFiles/cmTC_d57f1.dir/link.txt --verbose=1
/cvmfs/clicdp.cern.ch/compilers/gcc/6.2.0/x86_64-slc6/bin/g++   -std=c++11 -Wall    -v CMakeFiles/cmTC_d57f1.dir/CMakeCXXCompilerABI.cpp.o  -o cmTC_d57f1 -rdynamic  
Using built-in specs.
COLLECT_GCC=/cvmfs/clicdp.cern.ch/compilers/gcc/6.2.0/x86_64-slc6/bin/g++
COLLECT_LTO_WRAPPER=/cvmfs/clicdp.cern.ch/compilers/gcc/6.2.0/x86_64-slc6/libexec/gcc/x86_64-pc-linux-gnu/6.2.0/lto-wrapper
Target: x86_64-pc-linux-gnu
Configured with: ./configure --prefix=/cvmfs/clicdp.cern.ch/compilers/gcc/6.2.0/x86_64-slc6/ --enable-languages=c,c++,fortran,go
Thread model: posix
gcc version 6.2.0 (GCC) 
COMPILER_PATH=/cvmfs/clicdp.cern.ch/compilers/gcc/6.2.0/x86_64-slc6/libexec/gcc/x86_64-pc-linux-gnu/6.2.0/:/cvmfs/clicdp.cern.ch/compilers/gcc/6.2.0/x86_64-slc6/libexec/gcc/x86_64-pc-linux-gnu/6.2.0/:/cvmfs/clicdp.cern.ch/compilers/gcc/6.2.0/x86_64-slc6/libexec/gcc/x86_64-pc-linux-gnu/:/cvmfs/clicdp.cern.ch/compilers/gcc/6.2.0/x86_64-slc6/lib/gcc/x86_64-pc-linux-gnu/6.2.0/:/cvmfs/clicdp.cern.ch/compilers/gcc/6.2.0/x86_64-slc6/lib/gcc/x86_64-pc-linux-gnu/
LIBRARY_PATH=/cvmfs/clicdp.cern.ch/compilers/gcc/6.2.0/x86_64-slc6/lib/gcc/x86_64-pc-linux-gnu/6.2.0/:/cvmfs/clicdp.cern.ch/compilers/gcc/6.2.0/x86_64-slc6/lib/gcc/x86_64-pc-linux-gnu/6.2.0/../../../../lib64/:/lib/../lib64/:/usr/lib/../lib64/:/cvmfs/clicdp.cern.ch/compilers/gcc/6.2.0/x86_64-slc6/lib/gcc/x86_64-pc-linux-gnu/6.2.0/../../../:/lib/:/usr/lib/
COLLECT_GCC_OPTIONS='-std=c++11' '-Wall' '-v' '-o' 'cmTC_d57f1' '-rdynamic' '-shared-libgcc' '-mtune=generic' '-march=x86-64'
 /cvmfs/clicdp.cern.ch/compilers/gcc/6.2.0/x86_64-slc6/libexec/gcc/x86_64-pc-linux-gnu/6.2.0/collect2 --eh-frame-hdr -m elf_x86_64 -export-dynamic -dynamic-linker /lib64/ld-linux-x86-64.so.2 -o cmTC_d57f1 /usr/lib/../lib64/crt1.o /usr/lib/../lib64/crti.o /cvmfs/clicdp.cern.ch/compilers/gcc/6.2.0/x86_64-slc6/lib/gcc/x86_64-pc-linux-gnu/6.2.0/crtbegin.o -L/cvmfs/clicdp.cern.ch/compilers/gcc/6.2.0/x86_64-slc6/lib/gcc/x86_64-pc-linux-gnu/6.2.0 -L/cvmfs/clicdp.cern.ch/compilers/gcc/6.2.0/x86_64-slc6/lib/gcc/x86_64-pc-linux-gnu/6.2.0/../../../../lib64 -L/lib/../lib64 -L/usr/lib/../lib64 -L/cvmfs/clicdp.cern.ch/compilers/gcc/6.2.0/x86_64-slc6/lib/gcc/x86_64-pc-linux-gnu/6.2.0/../../.. CMakeFiles/cmTC_d57f1.dir/CMakeCXXCompilerABI.cpp.o -lstdc++ -lm -lgcc_s -lgcc -lc -lgcc_s -lgcc /cvmfs/clicdp.cern.ch/compilers/gcc/6.2.0/x86_64-slc6/lib/gcc/x86_64-pc-linux-gnu/6.2.0/crtend.o /usr/lib/../lib64/crtn.o
COLLECT_GCC_OPTIONS='-std=c++11' '-Wall' '-v' '-o' 'cmTC_d57f1' '-rdynamic' '-shared-libgcc' '-mtune=generic' '-march=x86-64'
gmake[1]: Leaving directory `/afs/cern.ch/user/a/amaier/CLIC/TrackCutChecker/build/CMakeFiles/CMakeTmp'


Parsed CXX implicit link information from above output:
  link line regex: [^( *|.*[/\])(ld|([^/\]+-)?ld|collect2)[^/\]*( |$)]
  ignore line: [Change Dir: /afs/cern.ch/user/a/amaier/CLIC/TrackCutChecker/build/CMakeFiles/CMakeTmp]
  ignore line: []
  ignore line: [Run Build Command:"/usr/bin/gmake" "cmTC_d57f1/fast"]
  ignore line: [/usr/bin/gmake -f CMakeFiles/cmTC_d57f1.dir/build.make CMakeFiles/cmTC_d57f1.dir/build]
  ignore line: [gmake[1]: Entering directory `/afs/cern.ch/user/a/amaier/CLIC/TrackCutChecker/build/CMakeFiles/CMakeTmp']
  ignore line: [Building CXX object CMakeFiles/cmTC_d57f1.dir/CMakeCXXCompilerABI.cpp.o]
  ignore line: [/cvmfs/clicdp.cern.ch/compilers/gcc/6.2.0/x86_64-slc6/bin/g++     -std=c++11 -Wall    -o CMakeFiles/cmTC_d57f1.dir/CMakeCXXCompilerABI.cpp.o -c /cvmfs/clicdp.cern.ch/software/CMake/3.6.2/x86_64-slc6-gcc62-opt/share/cmake-3.6/Modules/CMakeCXXCompilerABI.cpp]
  ignore line: [Linking CXX executable cmTC_d57f1]
  ignore line: [/cvmfs/clicdp.cern.ch/software/CMake/3.6.2/x86_64-slc6-gcc62-opt/bin/cmake -E cmake_link_script CMakeFiles/cmTC_d57f1.dir/link.txt --verbose=1]
  ignore line: [/cvmfs/clicdp.cern.ch/compilers/gcc/6.2.0/x86_64-slc6/bin/g++   -std=c++11 -Wall    -v CMakeFiles/cmTC_d57f1.dir/CMakeCXXCompilerABI.cpp.o  -o cmTC_d57f1 -rdynamic  ]
  ignore line: [Using built-in specs.]
  ignore line: [COLLECT_GCC=/cvmfs/clicdp.cern.ch/compilers/gcc/6.2.0/x86_64-slc6/bin/g++]
  ignore line: [COLLECT_LTO_WRAPPER=/cvmfs/clicdp.cern.ch/compilers/gcc/6.2.0/x86_64-slc6/libexec/gcc/x86_64-pc-linux-gnu/6.2.0/lto-wrapper]
  ignore line: [Target: x86_64-pc-linux-gnu]
  ignore line: [Configured with: ./configure --prefix=/cvmfs/clicdp.cern.ch/compilers/gcc/6.2.0/x86_64-slc6/ --enable-languages=c,c++,fortran,go]
  ignore line: [Thread model: posix]
  ignore line: [gcc version 6.2.0 (GCC) ]
  ignore line: [COMPILER_PATH=/cvmfs/clicdp.cern.ch/compilers/gcc/6.2.0/x86_64-slc6/libexec/gcc/x86_64-pc-linux-gnu/6.2.0/:/cvmfs/clicdp.cern.ch/compilers/gcc/6.2.0/x86_64-slc6/libexec/gcc/x86_64-pc-linux-gnu/6.2.0/:/cvmfs/clicdp.cern.ch/compilers/gcc/6.2.0/x86_64-slc6/libexec/gcc/x86_64-pc-linux-gnu/:/cvmfs/clicdp.cern.ch/compilers/gcc/6.2.0/x86_64-slc6/lib/gcc/x86_64-pc-linux-gnu/6.2.0/:/cvmfs/clicdp.cern.ch/compilers/gcc/6.2.0/x86_64-slc6/lib/gcc/x86_64-pc-linux-gnu/]
  ignore line: [LIBRARY_PATH=/cvmfs/clicdp.cern.ch/compilers/gcc/6.2.0/x86_64-slc6/lib/gcc/x86_64-pc-linux-gnu/6.2.0/:/cvmfs/clicdp.cern.ch/compilers/gcc/6.2.0/x86_64-slc6/lib/gcc/x86_64-pc-linux-gnu/6.2.0/../../../../lib64/:/lib/../lib64/:/usr/lib/../lib64/:/cvmfs/clicdp.cern.ch/compilers/gcc/6.2.0/x86_64-slc6/lib/gcc/x86_64-pc-linux-gnu/6.2.0/../../../:/lib/:/usr/lib/]
  ignore line: [COLLECT_GCC_OPTIONS='-std=c++11' '-Wall' '-v' '-o' 'cmTC_d57f1' '-rdynamic' '-shared-libgcc' '-mtune=generic' '-march=x86-64']
  link line: [ /cvmfs/clicdp.cern.ch/compilers/gcc/6.2.0/x86_64-slc6/libexec/gcc/x86_64-pc-linux-gnu/6.2.0/collect2 --eh-frame-hdr -m elf_x86_64 -export-dynamic -dynamic-linker /lib64/ld-linux-x86-64.so.2 -o cmTC_d57f1 /usr/lib/../lib64/crt1.o /usr/lib/../lib64/crti.o /cvmfs/clicdp.cern.ch/compilers/gcc/6.2.0/x86_64-slc6/lib/gcc/x86_64-pc-linux-gnu/6.2.0/crtbegin.o -L/cvmfs/clicdp.cern.ch/compilers/gcc/6.2.0/x86_64-slc6/lib/gcc/x86_64-pc-linux-gnu/6.2.0 -L/cvmfs/clicdp.cern.ch/compilers/gcc/6.2.0/x86_64-slc6/lib/gcc/x86_64-pc-linux-gnu/6.2.0/../../../../lib64 -L/lib/../lib64 -L/usr/lib/../lib64 -L/cvmfs/clicdp.cern.ch/compilers/gcc/6.2.0/x86_64-slc6/lib/gcc/x86_64-pc-linux-gnu/6.2.0/../../.. CMakeFiles/cmTC_d57f1.dir/CMakeCXXCompilerABI.cpp.o -lstdc++ -lm -lgcc_s -lgcc -lc -lgcc_s -lgcc /cvmfs/clicdp.cern.ch/compilers/gcc/6.2.0/x86_64-slc6/lib/gcc/x86_64-pc-linux-gnu/6.2.0/crtend.o /usr/lib/../lib64/crtn.o]
    arg [/cvmfs/clicdp.cern.ch/compilers/gcc/6.2.0/x86_64-slc6/libexec/gcc/x86_64-pc-linux-gnu/6.2.0/collect2] ==> ignore
    arg [--eh-frame-hdr] ==> ignore
    arg [-m] ==> ignore
    arg [elf_x86_64] ==> ignore
    arg [-export-dynamic] ==> ignore
    arg [-dynamic-linker] ==> ignore
    arg [/lib64/ld-linux-x86-64.so.2] ==> ignore
    arg [-o] ==> ignore
    arg [cmTC_d57f1] ==> ignore
    arg [/usr/lib/../lib64/crt1.o] ==> ignore
    arg [/usr/lib/../lib64/crti.o] ==> ignore
    arg [/cvmfs/clicdp.cern.ch/compilers/gcc/6.2.0/x86_64-slc6/lib/gcc/x86_64-pc-linux-gnu/6.2.0/crtbegin.o] ==> ignore
    arg [-L/cvmfs/clicdp.cern.ch/compilers/gcc/6.2.0/x86_64-slc6/lib/gcc/x86_64-pc-linux-gnu/6.2.0] ==> dir [/cvmfs/clicdp.cern.ch/compilers/gcc/6.2.0/x86_64-slc6/lib/gcc/x86_64-pc-linux-gnu/6.2.0]
    arg [-L/cvmfs/clicdp.cern.ch/compilers/gcc/6.2.0/x86_64-slc6/lib/gcc/x86_64-pc-linux-gnu/6.2.0/../../../../lib64] ==> dir [/cvmfs/clicdp.cern.ch/compilers/gcc/6.2.0/x86_64-slc6/lib/gcc/x86_64-pc-linux-gnu/6.2.0/../../../../lib64]
    arg [-L/lib/../lib64] ==> dir [/lib/../lib64]
    arg [-L/usr/lib/../lib64] ==> dir [/usr/lib/../lib64]
    arg [-L/cvmfs/clicdp.cern.ch/compilers/gcc/6.2.0/x86_64-slc6/lib/gcc/x86_64-pc-linux-gnu/6.2.0/../../..] ==> dir [/cvmfs/clicdp.cern.ch/compilers/gcc/6.2.0/x86_64-slc6/lib/gcc/x86_64-pc-linux-gnu/6.2.0/../../..]
    arg [CMakeFiles/cmTC_d57f1.dir/CMakeCXXCompilerABI.cpp.o] ==> ignore
    arg [-lstdc++] ==> lib [stdc++]
    arg [-lm] ==> lib [m]
    arg [-lgcc_s] ==> lib [gcc_s]
    arg [-lgcc] ==> lib [gcc]
    arg [-lc] ==> lib [c]
    arg [-lgcc_s] ==> lib [gcc_s]
    arg [-lgcc] ==> lib [gcc]
    arg [/cvmfs/clicdp.cern.ch/compilers/gcc/6.2.0/x86_64-slc6/lib/gcc/x86_64-pc-linux-gnu/6.2.0/crtend.o] ==> ignore
    arg [/usr/lib/../lib64/crtn.o] ==> ignore
  remove lib [gcc_s]
  remove lib [gcc]
  remove lib [gcc_s]
  remove lib [gcc]
  collapse library dir [/cvmfs/clicdp.cern.ch/compilers/gcc/6.2.0/x86_64-slc6/lib/gcc/x86_64-pc-linux-gnu/6.2.0] ==> [/cvmfs/clicdp.cern.ch/compilers/gcc/6.2.0/x86_64-slc6/lib/gcc/x86_64-pc-linux-gnu/6.2.0]
  collapse library dir [/cvmfs/clicdp.cern.ch/compilers/gcc/6.2.0/x86_64-slc6/lib/gcc/x86_64-pc-linux-gnu/6.2.0/../../../../lib64] ==> [/cvmfs/clicdp.cern.ch/compilers/gcc/6.2.0/x86_64-slc6/lib64]
  collapse library dir [/lib/../lib64] ==> [/lib64]
  collapse library dir [/usr/lib/../lib64] ==> [/usr/lib64]
  collapse library dir [/cvmfs/clicdp.cern.ch/compilers/gcc/6.2.0/x86_64-slc6/lib/gcc/x86_64-pc-linux-gnu/6.2.0/../../..] ==> [/cvmfs/clicdp.cern.ch/compilers/gcc/6.2.0/x86_64-slc6/lib]
  implicit libs: [stdc++;m;c]
  implicit dirs: [/cvmfs/clicdp.cern.ch/compilers/gcc/6.2.0/x86_64-slc6/lib/gcc/x86_64-pc-linux-gnu/6.2.0;/cvmfs/clicdp.cern.ch/compilers/gcc/6.2.0/x86_64-slc6/lib64;/lib64;/usr/lib64;/cvmfs/clicdp.cern.ch/compilers/gcc/6.2.0/x86_64-slc6/lib]
  implicit fwks: []




Detecting CXX [-std=c++14] compiler features compiled with the following output:
Change Dir: /afs/cern.ch/user/a/amaier/CLIC/TrackCutChecker/build/CMakeFiles/CMakeTmp

Run Build Command:"/usr/bin/gmake" "cmTC_9c9c6/fast"
/usr/bin/gmake -f CMakeFiles/cmTC_9c9c6.dir/build.make CMakeFiles/cmTC_9c9c6.dir/build
gmake[1]: Entering directory `/afs/cern.ch/user/a/amaier/CLIC/TrackCutChecker/build/CMakeFiles/CMakeTmp'
Building CXX object CMakeFiles/cmTC_9c9c6.dir/feature_tests.cxx.o
/cvmfs/clicdp.cern.ch/compilers/gcc/6.2.0/x86_64-slc6/bin/g++     -std=c++11 -Wall    -std=c++14 -o CMakeFiles/cmTC_9c9c6.dir/feature_tests.cxx.o -c /afs/cern.ch/user/a/amaier/CLIC/TrackCutChecker/build/CMakeFiles/feature_tests.cxx
Linking CXX executable cmTC_9c9c6
/cvmfs/clicdp.cern.ch/software/CMake/3.6.2/x86_64-slc6-gcc62-opt/bin/cmake -E cmake_link_script CMakeFiles/cmTC_9c9c6.dir/link.txt --verbose=1
/cvmfs/clicdp.cern.ch/compilers/gcc/6.2.0/x86_64-slc6/bin/g++   -std=c++11 -Wall     CMakeFiles/cmTC_9c9c6.dir/feature_tests.cxx.o  -o cmTC_9c9c6 -rdynamic 
gmake[1]: Leaving directory `/afs/cern.ch/user/a/amaier/CLIC/TrackCutChecker/build/CMakeFiles/CMakeTmp'


    Feature record: CXX_FEATURE:1cxx_aggregate_default_initializers
    Feature record: CXX_FEATURE:1cxx_alias_templates
    Feature record: CXX_FEATURE:1cxx_alignas
    Feature record: CXX_FEATURE:1cxx_alignof
    Feature record: CXX_FEATURE:1cxx_attributes
    Feature record: CXX_FEATURE:1cxx_attribute_deprecated
    Feature record: CXX_FEATURE:1cxx_auto_type
    Feature record: CXX_FEATURE:1cxx_binary_literals
    Feature record: CXX_FEATURE:1cxx_constexpr
    Feature record: CXX_FEATURE:1cxx_contextual_conversions
    Feature record: CXX_FEATURE:1cxx_decltype
    Feature record: CXX_FEATURE:1cxx_decltype_auto
    Feature record: CXX_FEATURE:1cxx_decltype_incomplete_return_types
    Feature record: CXX_FEATURE:1cxx_default_function_template_args
    Feature record: CXX_FEATURE:1cxx_defaulted_functions
    Feature record: CXX_FEATURE:1cxx_defaulted_move_initializers
    Feature record: CXX_FEATURE:1cxx_delegating_constructors
    Feature record: CXX_FEATURE:1cxx_deleted_functions
    Feature record: CXX_FEATURE:1cxx_digit_separators
    Feature record: CXX_FEATURE:1cxx_enum_forward_declarations
    Feature record: CXX_FEATURE:1cxx_explicit_conversions
    Feature record: CXX_FEATURE:1cxx_extended_friend_declarations
    Feature record: CXX_FEATURE:1cxx_extern_templates
    Feature record: CXX_FEATURE:1cxx_final
    Feature record: CXX_FEATURE:1cxx_func_identifier
    Feature record: CXX_FEATURE:1cxx_generalized_initializers
    Feature record: CXX_FEATURE:1cxx_generic_lambdas
    Feature record: CXX_FEATURE:1cxx_inheriting_constructors
    Feature record: CXX_FEATURE:1cxx_inline_namespaces
    Feature record: CXX_FEATURE:1cxx_lambdas
    Feature record: CXX_FEATURE:1cxx_lambda_init_captures
    Feature record: CXX_FEATURE:1cxx_local_type_template_args
    Feature record: CXX_FEATURE:1cxx_long_long_type
    Feature record: CXX_FEATURE:1cxx_noexcept
    Feature record: CXX_FEATURE:1cxx_nonstatic_member_init
    Feature record: CXX_FEATURE:1cxx_nullptr
    Feature record: CXX_FEATURE:1cxx_override
    Feature record: CXX_FEATURE:1cxx_range_for
    Feature record: CXX_FEATURE:1cxx_raw_string_literals
    Feature record: CXX_FEATURE:1cxx_reference_qualified_functions
    Feature record: CXX_FEATURE:1cxx_relaxed_constexpr
    Feature record: CXX_FEATURE:1cxx_return_type_deduction
    Feature record: CXX_FEATURE:1cxx_right_angle_brackets
    Feature record: CXX_FEATURE:1cxx_rvalue_references
    Feature record: CXX_FEATURE:1cxx_sizeof_member
    Feature record: CXX_FEATURE:1cxx_static_assert
    Feature record: CXX_FEATURE:1cxx_strong_enums
    Feature record: CXX_FEATURE:1cxx_template_template_parameters
    Feature record: CXX_FEATURE:1cxx_thread_local
    Feature record: CXX_FEATURE:1cxx_trailing_return_types
    Feature record: CXX_FEATURE:1cxx_unicode_literals
    Feature record: CXX_FEATURE:1cxx_uniform_initialization
    Feature record: CXX_FEATURE:1cxx_unrestricted_unions
    Feature record: CXX_FEATURE:1cxx_user_literals
    Feature record: CXX_FEATURE:1cxx_variable_templates
    Feature record: CXX_FEATURE:1cxx_variadic_macros
    Feature record: CXX_FEATURE:1cxx_variadic_templates


Detecting CXX [-std=c++11] compiler features compiled with the following output:
Change Dir: /afs/cern.ch/user/a/amaier/CLIC/TrackCutChecker/build/CMakeFiles/CMakeTmp

Run Build Command:"/usr/bin/gmake" "cmTC_63413/fast"
/usr/bin/gmake -f CMakeFiles/cmTC_63413.dir/build.make CMakeFiles/cmTC_63413.dir/build
gmake[1]: Entering directory `/afs/cern.ch/user/a/amaier/CLIC/TrackCutChecker/build/CMakeFiles/CMakeTmp'
Building CXX object CMakeFiles/cmTC_63413.dir/feature_tests.cxx.o
/cvmfs/clicdp.cern.ch/compilers/gcc/6.2.0/x86_64-slc6/bin/g++     -std=c++11 -Wall    -std=c++11 -o CMakeFiles/cmTC_63413.dir/feature_tests.cxx.o -c /afs/cern.ch/user/a/amaier/CLIC/TrackCutChecker/build/CMakeFiles/feature_tests.cxx
Linking CXX executable cmTC_63413
/cvmfs/clicdp.cern.ch/software/CMake/3.6.2/x86_64-slc6-gcc62-opt/bin/cmake -E cmake_link_script CMakeFiles/cmTC_63413.dir/link.txt --verbose=1
/cvmfs/clicdp.cern.ch/compilers/gcc/6.2.0/x86_64-slc6/bin/g++   -std=c++11 -Wall     CMakeFiles/cmTC_63413.dir/feature_tests.cxx.o  -o cmTC_63413 -rdynamic 
gmake[1]: Leaving directory `/afs/cern.ch/user/a/amaier/CLIC/TrackCutChecker/build/CMakeFiles/CMakeTmp'


    Feature record: CXX_FEATURE:0cxx_aggregate_default_initializers
    Feature record: CXX_FEATURE:1cxx_alias_templates
    Feature record: CXX_FEATURE:1cxx_alignas
    Feature record: CXX_FEATURE:1cxx_alignof
    Feature record: CXX_FEATURE:1cxx_attributes
    Feature record: CXX_FEATURE:0cxx_attribute_deprecated
    Feature record: CXX_FEATURE:1cxx_auto_type
    Feature record: CXX_FEATURE:0cxx_binary_literals
    Feature record: CXX_FEATURE:1cxx_constexpr
    Feature record: CXX_FEATURE:0cxx_contextual_conversions
    Feature record: CXX_FEATURE:1cxx_decltype
    Feature record: CXX_FEATURE:0cxx_decltype_auto
    Feature record: CXX_FEATURE:1cxx_decltype_incomplete_return_types
    Feature record: CXX_FEATURE:1cxx_default_function_template_args
    Feature record: CXX_FEATURE:1cxx_defaulted_functions
    Feature record: CXX_FEATURE:1cxx_defaulted_move_initializers
    Feature record: CXX_FEATURE:1cxx_delegating_constructors
    Feature record: CXX_FEATURE:1cxx_deleted_functions
    Feature record: CXX_FEATURE:0cxx_digit_separators
    Feature record: CXX_FEATURE:1cxx_enum_forward_declarations
    Feature record: CXX_FEATURE:1cxx_explicit_conversions
    Feature record: CXX_FEATURE:1cxx_extended_friend_declarations
    Feature record: CXX_FEATURE:1cxx_extern_templates
    Feature record: CXX_FEATURE:1cxx_final
    Feature record: CXX_FEATURE:1cxx_func_identifier
    Feature record: CXX_FEATURE:1cxx_generalized_initializers
    Feature record: CXX_FEATURE:0cxx_generic_lambdas
    Feature record: CXX_FEATURE:1cxx_inheriting_constructors
    Feature record: CXX_FEATURE:1cxx_inline_namespaces
    Feature record: CXX_FEATURE:1cxx_lambdas
    Feature record: CXX_FEATURE:0cxx_lambda_init_captures
    Feature record: CXX_FEATURE:1cxx_local_type_template_args
    Feature record: CXX_FEATURE:1cxx_long_long_type
    Feature record: CXX_FEATURE:1cxx_noexcept
    Feature record: CXX_FEATURE:1cxx_nonstatic_member_init
    Feature record: CXX_FEATURE:1cxx_nullptr
    Feature record: CXX_FEATURE:1cxx_override
    Feature record: CXX_FEATURE:1cxx_range_for
    Feature record: CXX_FEATURE:1cxx_raw_string_literals
    Feature record: CXX_FEATURE:1cxx_reference_qualified_functions
    Feature record: CXX_FEATURE:0cxx_relaxed_constexpr
    Feature record: CXX_FEATURE:0cxx_return_type_deduction
    Feature record: CXX_FEATURE:1cxx_right_angle_brackets
    Feature record: CXX_FEATURE:1cxx_rvalue_references
    Feature record: CXX_FEATURE:1cxx_sizeof_member
    Feature record: CXX_FEATURE:1cxx_static_assert
    Feature record: CXX_FEATURE:1cxx_strong_enums
    Feature record: CXX_FEATURE:1cxx_template_template_parameters
    Feature record: CXX_FEATURE:1cxx_thread_local
    Feature record: CXX_FEATURE:1cxx_trailing_return_types
    Feature record: CXX_FEATURE:1cxx_unicode_literals
    Feature record: CXX_FEATURE:1cxx_uniform_initialization
    Feature record: CXX_FEATURE:1cxx_unrestricted_unions
    Feature record: CXX_FEATURE:1cxx_user_literals
    Feature record: CXX_FEATURE:0cxx_variable_templates
    Feature record: CXX_FEATURE:1cxx_variadic_macros
    Feature record: CXX_FEATURE:1cxx_variadic_templates


Detecting CXX [-std=c++98] compiler features compiled with the following output:
Change Dir: /afs/cern.ch/user/a/amaier/CLIC/TrackCutChecker/build/CMakeFiles/CMakeTmp

Run Build Command:"/usr/bin/gmake" "cmTC_7ba77/fast"
/usr/bin/gmake -f CMakeFiles/cmTC_7ba77.dir/build.make CMakeFiles/cmTC_7ba77.dir/build
gmake[1]: Entering directory `/afs/cern.ch/user/a/amaier/CLIC/TrackCutChecker/build/CMakeFiles/CMakeTmp'
Building CXX object CMakeFiles/cmTC_7ba77.dir/feature_tests.cxx.o
/cvmfs/clicdp.cern.ch/compilers/gcc/6.2.0/x86_64-slc6/bin/g++     -std=c++11 -Wall    -std=c++98 -o CMakeFiles/cmTC_7ba77.dir/feature_tests.cxx.o -c /afs/cern.ch/user/a/amaier/CLIC/TrackCutChecker/build/CMakeFiles/feature_tests.cxx
Linking CXX executable cmTC_7ba77
/cvmfs/clicdp.cern.ch/software/CMake/3.6.2/x86_64-slc6-gcc62-opt/bin/cmake -E cmake_link_script CMakeFiles/cmTC_7ba77.dir/link.txt --verbose=1
/cvmfs/clicdp.cern.ch/compilers/gcc/6.2.0/x86_64-slc6/bin/g++   -std=c++11 -Wall     CMakeFiles/cmTC_7ba77.dir/feature_tests.cxx.o  -o cmTC_7ba77 -rdynamic 
gmake[1]: Leaving directory `/afs/cern.ch/user/a/amaier/CLIC/TrackCutChecker/build/CMakeFiles/CMakeTmp'


    Feature record: CXX_FEATURE:0cxx_aggregate_default_initializers
    Feature record: CXX_FEATURE:0cxx_alias_templates
    Feature record: CXX_FEATURE:0cxx_alignas
    Feature record: CXX_FEATURE:0cxx_alignof
    Feature record: CXX_FEATURE:0cxx_attributes
    Feature record: CXX_FEATURE:0cxx_attribute_deprecated
    Feature record: CXX_FEATURE:0cxx_auto_type
    Feature record: CXX_FEATURE:0cxx_binary_literals
    Feature record: CXX_FEATURE:0cxx_constexpr
    Feature record: CXX_FEATURE:0cxx_contextual_conversions
    Feature record: CXX_FEATURE:0cxx_decltype
    Feature record: CXX_FEATURE:0cxx_decltype_auto
    Feature record: CXX_FEATURE:0cxx_decltype_incomplete_return_types
    Feature record: CXX_FEATURE:0cxx_default_function_template_args
    Feature record: CXX_FEATURE:0cxx_defaulted_functions
    Feature record: CXX_FEATURE:0cxx_defaulted_move_initializers
    Feature record: CXX_FEATURE:0cxx_delegating_constructors
    Feature record: CXX_FEATURE:0cxx_deleted_functions
    Feature record: CXX_FEATURE:0cxx_digit_separators
    Feature record: CXX_FEATURE:0cxx_enum_forward_declarations
    Feature record: CXX_FEATURE:0cxx_explicit_conversions
    Feature record: CXX_FEATURE:0cxx_extended_friend_declarations
    Feature record: CXX_FEATURE:0cxx_extern_templates
    Feature record: CXX_FEATURE:0cxx_final
    Feature record: CXX_FEATURE:0cxx_func_identifier
    Feature record: CXX_FEATURE:0cxx_generalized_initializers
    Feature record: CXX_FEATURE:0cxx_generic_lambdas
    Feature record: CXX_FEATURE:0cxx_inheriting_constructors
    Feature record: CXX_FEATURE:0cxx_inline_namespaces
    Feature record: CXX_FEATURE:0cxx_lambdas
    Feature record: CXX_FEATURE:0cxx_lambda_init_captures
    Feature record: CXX_FEATURE:0cxx_local_type_template_args
    Feature record: CXX_FEATURE:0cxx_long_long_type
    Feature record: CXX_FEATURE:0cxx_noexcept
    Feature record: CXX_FEATURE:0cxx_nonstatic_member_init
    Feature record: CXX_FEATURE:0cxx_nullptr
    Feature record: CXX_FEATURE:0cxx_override
    Feature record: CXX_FEATURE:0cxx_range_for
    Feature record: CXX_FEATURE:0cxx_raw_string_literals
    Feature record: CXX_FEATURE:0cxx_reference_qualified_functions
    Feature record: CXX_FEATURE:0cxx_relaxed_constexpr
    Feature record: CXX_FEATURE:0cxx_return_type_deduction
    Feature record: CXX_FEATURE:0cxx_right_angle_brackets
    Feature record: CXX_FEATURE:0cxx_rvalue_references
    Feature record: CXX_FEATURE:0cxx_sizeof_member
    Feature record: CXX_FEATURE:0cxx_static_assert
    Feature record: CXX_FEATURE:0cxx_strong_enums
    Feature record: CXX_FEATURE:1cxx_template_template_parameters
    Feature record: CXX_FEATURE:0cxx_thread_local
    Feature record: CXX_FEATURE:0cxx_trailing_return_types
    Feature record: CXX_FEATURE:0cxx_unicode_literals
    Feature record: CXX_FEATURE:0cxx_uniform_initialization
    Feature record: CXX_FEATURE:0cxx_unrestricted_unions
    Feature record: CXX_FEATURE:0cxx_user_literals
    Feature record: CXX_FEATURE:0cxx_variable_templates
    Feature record: CXX_FEATURE:0cxx_variadic_macros
    Feature record: CXX_FEATURE:0cxx_variadic_templates
Performing C++ SOURCE FILE Test CXX_FLAG_WORKS_-Wall succeeded with the following output:
Change Dir: /afs/cern.ch/user/a/amaier/CLIC/TrackCutChecker/build/CMakeFiles/CMakeTmp

Run Build Command:"/usr/bin/gmake" "cmTC_cea5b/fast"
/usr/bin/gmake -f CMakeFiles/cmTC_cea5b.dir/build.make CMakeFiles/cmTC_cea5b.dir/build
gmake[1]: Entering directory `/afs/cern.ch/user/a/amaier/CLIC/TrackCutChecker/build/CMakeFiles/CMakeTmp'
Building CXX object CMakeFiles/cmTC_cea5b.dir/src.cxx.o
/cvmfs/clicdp.cern.ch/compilers/gcc/6.2.0/x86_64-slc6/bin/g++     -std=c++11 -Wall -DCXX_FLAG_WORKS_-Wall   -Wall -o CMakeFiles/cmTC_cea5b.dir/src.cxx.o -c /afs/cern.ch/user/a/amaier/CLIC/TrackCutChecker/build/CMakeFiles/CMakeTmp/src.cxx
<command-line>:0:16: warning: ISO C++11 requires whitespace after the macro name
Linking CXX executable cmTC_cea5b
/cvmfs/clicdp.cern.ch/software/CMake/3.6.2/x86_64-slc6-gcc62-opt/bin/cmake -E cmake_link_script CMakeFiles/cmTC_cea5b.dir/link.txt --verbose=1
/cvmfs/clicdp.cern.ch/compilers/gcc/6.2.0/x86_64-slc6/bin/g++   -std=c++11 -Wall -DCXX_FLAG_WORKS_-Wall    CMakeFiles/cmTC_cea5b.dir/src.cxx.o  -o cmTC_cea5b -rdynamic 
gmake[1]: Leaving directory `/afs/cern.ch/user/a/amaier/CLIC/TrackCutChecker/build/CMakeFiles/CMakeTmp'

Source file was:
int main() { return 0; }
Performing C++ SOURCE FILE Test CXX_FLAG_WORKS_-Wextra succeeded with the following output:
Change Dir: /afs/cern.ch/user/a/amaier/CLIC/TrackCutChecker/build/CMakeFiles/CMakeTmp

Run Build Command:"/usr/bin/gmake" "cmTC_60250/fast"
/usr/bin/gmake -f CMakeFiles/cmTC_60250.dir/build.make CMakeFiles/cmTC_60250.dir/build
gmake[1]: Entering directory `/afs/cern.ch/user/a/amaier/CLIC/TrackCutChecker/build/CMakeFiles/CMakeTmp'
Building CXX object CMakeFiles/cmTC_60250.dir/src.cxx.o
/cvmfs/clicdp.cern.ch/compilers/gcc/6.2.0/x86_64-slc6/bin/g++     -Wall -std=c++11 -Wall -DCXX_FLAG_WORKS_-Wextra   -Wextra -o CMakeFiles/cmTC_60250.dir/src.cxx.o -c /afs/cern.ch/user/a/amaier/CLIC/TrackCutChecker/build/CMakeFiles/CMakeTmp/src.cxx
<command-line>:0:16: warning: ISO C++11 requires whitespace after the macro name
Linking CXX executable cmTC_60250
/cvmfs/clicdp.cern.ch/software/CMake/3.6.2/x86_64-slc6-gcc62-opt/bin/cmake -E cmake_link_script CMakeFiles/cmTC_60250.dir/link.txt --verbose=1
/cvmfs/clicdp.cern.ch/compilers/gcc/6.2.0/x86_64-slc6/bin/g++   -Wall -std=c++11 -Wall -DCXX_FLAG_WORKS_-Wextra    CMakeFiles/cmTC_60250.dir/src.cxx.o  -o cmTC_60250 -rdynamic 
gmake[1]: Leaving directory `/afs/cern.ch/user/a/amaier/CLIC/TrackCutChecker/build/CMakeFiles/CMakeTmp'

Source file was:
int main() { return 0; }
Performing C++ SOURCE FILE Test CXX_FLAG_WORKS_-Wshadow succeeded with the following output:
Change Dir: /afs/cern.ch/user/a/amaier/CLIC/TrackCutChecker/build/CMakeFiles/CMakeTmp

Run Build Command:"/usr/bin/gmake" "cmTC_7db8b/fast"
/usr/bin/gmake -f CMakeFiles/cmTC_7db8b.dir/build.make CMakeFiles/cmTC_7db8b.dir/build
gmake[1]: Entering directory `/afs/cern.ch/user/a/amaier/CLIC/TrackCutChecker/build/CMakeFiles/CMakeTmp'
Building CXX object CMakeFiles/cmTC_7db8b.dir/src.cxx.o
/cvmfs/clicdp.cern.ch/compilers/gcc/6.2.0/x86_64-slc6/bin/g++     -Wextra -Wall -std=c++11 -Wall -DCXX_FLAG_WORKS_-Wshadow   -Wshadow -o CMakeFiles/cmTC_7db8b.dir/src.cxx.o -c /afs/cern.ch/user/a/amaier/CLIC/TrackCutChecker/build/CMakeFiles/CMakeTmp/src.cxx
<command-line>:0:16: warning: ISO C++11 requires whitespace after the macro name
Linking CXX executable cmTC_7db8b
/cvmfs/clicdp.cern.ch/software/CMake/3.6.2/x86_64-slc6-gcc62-opt/bin/cmake -E cmake_link_script CMakeFiles/cmTC_7db8b.dir/link.txt --verbose=1
/cvmfs/clicdp.cern.ch/compilers/gcc/6.2.0/x86_64-slc6/bin/g++   -Wextra -Wall -std=c++11 -Wall -DCXX_FLAG_WORKS_-Wshadow    CMakeFiles/cmTC_7db8b.dir/src.cxx.o  -o cmTC_7db8b -rdynamic 
gmake[1]: Leaving directory `/afs/cern.ch/user/a/amaier/CLIC/TrackCutChecker/build/CMakeFiles/CMakeTmp'

Source file was:
int main() { return 0; }
Performing C++ SOURCE FILE Test CXX_FLAG_WORKS_-Weffc++ succeeded with the following output:
Change Dir: /afs/cern.ch/user/a/amaier/CLIC/TrackCutChecker/build/CMakeFiles/CMakeTmp

Run Build Command:"/usr/bin/gmake" "cmTC_a1f40/fast"
/usr/bin/gmake -f CMakeFiles/cmTC_a1f40.dir/build.make CMakeFiles/cmTC_a1f40.dir/build
gmake[1]: Entering directory `/afs/cern.ch/user/a/amaier/CLIC/TrackCutChecker/build/CMakeFiles/CMakeTmp'
Building CXX object CMakeFiles/cmTC_a1f40.dir/src.cxx.o
/cvmfs/clicdp.cern.ch/compilers/gcc/6.2.0/x86_64-slc6/bin/g++     -Wshadow -Wextra -Wall -std=c++11 -Wall -DCXX_FLAG_WORKS_-Weffc++   -Weffc++ -o CMakeFiles/cmTC_a1f40.dir/src.cxx.o -c /afs/cern.ch/user/a/amaier/CLIC/TrackCutChecker/build/CMakeFiles/CMakeTmp/src.cxx
<command-line>:0:16: warning: ISO C++11 requires whitespace after the macro name
Linking CXX executable cmTC_a1f40
/cvmfs/clicdp.cern.ch/software/CMake/3.6.2/x86_64-slc6-gcc62-opt/bin/cmake -E cmake_link_script CMakeFiles/cmTC_a1f40.dir/link.txt --verbose=1
/cvmfs/clicdp.cern.ch/compilers/gcc/6.2.0/x86_64-slc6/bin/g++   -Wshadow -Wextra -Wall -std=c++11 -Wall -DCXX_FLAG_WORKS_-Weffc++    CMakeFiles/cmTC_a1f40.dir/src.cxx.o  -o cmTC_a1f40 -rdynamic 
gmake[1]: Leaving directory `/afs/cern.ch/user/a/amaier/CLIC/TrackCutChecker/build/CMakeFiles/CMakeTmp'

Source file was:
int main() { return 0; }
Performing C++ SOURCE FILE Test CXX_FLAG_WORKS_-pedantic succeeded with the following output:
Change Dir: /afs/cern.ch/user/a/amaier/CLIC/TrackCutChecker/build/CMakeFiles/CMakeTmp

Run Build Command:"/usr/bin/gmake" "cmTC_f928f/fast"
/usr/bin/gmake -f CMakeFiles/cmTC_f928f.dir/build.make CMakeFiles/cmTC_f928f.dir/build
gmake[1]: Entering directory `/afs/cern.ch/user/a/amaier/CLIC/TrackCutChecker/build/CMakeFiles/CMakeTmp'
Building CXX object CMakeFiles/cmTC_f928f.dir/src.cxx.o
/cvmfs/clicdp.cern.ch/compilers/gcc/6.2.0/x86_64-slc6/bin/g++     -Weffc++ -Wshadow -Wextra -Wall -std=c++11 -Wall -DCXX_FLAG_WORKS_-pedantic   -pedantic -o CMakeFiles/cmTC_f928f.dir/src.cxx.o -c /afs/cern.ch/user/a/amaier/CLIC/TrackCutChecker/build/CMakeFiles/CMakeTmp/src.cxx
<command-line>:0:16: warning: ISO C++11 requires whitespace after the macro name
Linking CXX executable cmTC_f928f
/cvmfs/clicdp.cern.ch/software/CMake/3.6.2/x86_64-slc6-gcc62-opt/bin/cmake -E cmake_link_script CMakeFiles/cmTC_f928f.dir/link.txt --verbose=1
/cvmfs/clicdp.cern.ch/compilers/gcc/6.2.0/x86_64-slc6/bin/g++   -Weffc++ -Wshadow -Wextra -Wall -std=c++11 -Wall -DCXX_FLAG_WORKS_-pedantic    CMakeFiles/cmTC_f928f.dir/src.cxx.o  -o cmTC_f928f -rdynamic 
gmake[1]: Leaving directory `/afs/cern.ch/user/a/amaier/CLIC/TrackCutChecker/build/CMakeFiles/CMakeTmp'

Source file was:
int main() { return 0; }
Performing C++ SOURCE FILE Test CXX_FLAG_WORKS_-Wno-long-long succeeded with the following output:
Change Dir: /afs/cern.ch/user/a/amaier/CLIC/TrackCutChecker/build/CMakeFiles/CMakeTmp

Run Build Command:"/usr/bin/gmake" "cmTC_f6509/fast"
/usr/bin/gmake -f CMakeFiles/cmTC_f6509.dir/build.make CMakeFiles/cmTC_f6509.dir/build
gmake[1]: Entering directory `/afs/cern.ch/user/a/amaier/CLIC/TrackCutChecker/build/CMakeFiles/CMakeTmp'
Building CXX object CMakeFiles/cmTC_f6509.dir/src.cxx.o
/cvmfs/clicdp.cern.ch/compilers/gcc/6.2.0/x86_64-slc6/bin/g++     -pedantic -Weffc++ -Wshadow -Wextra -Wall -std=c++11 -Wall -DCXX_FLAG_WORKS_-Wno-long-long   -Wno-long-long -o CMakeFiles/cmTC_f6509.dir/src.cxx.o -c /afs/cern.ch/user/a/amaier/CLIC/TrackCutChecker/build/CMakeFiles/CMakeTmp/src.cxx
<command-line>:0:16: warning: ISO C++11 requires whitespace after the macro name
Linking CXX executable cmTC_f6509
/cvmfs/clicdp.cern.ch/software/CMake/3.6.2/x86_64-slc6-gcc62-opt/bin/cmake -E cmake_link_script CMakeFiles/cmTC_f6509.dir/link.txt --verbose=1
/cvmfs/clicdp.cern.ch/compilers/gcc/6.2.0/x86_64-slc6/bin/g++   -pedantic -Weffc++ -Wshadow -Wextra -Wall -std=c++11 -Wall -DCXX_FLAG_WORKS_-Wno-long-long    CMakeFiles/cmTC_f6509.dir/src.cxx.o  -o cmTC_f6509 -rdynamic 
gmake[1]: Leaving directory `/afs/cern.ch/user/a/amaier/CLIC/TrackCutChecker/build/CMakeFiles/CMakeTmp'

Source file was:
int main() { return 0; }
Performing C++ SOURCE FILE Test CXX_FLAG_WORKS_-Wuninitialized succeeded with the following output:
Change Dir: /afs/cern.ch/user/a/amaier/CLIC/TrackCutChecker/build/CMakeFiles/CMakeTmp

Run Build Command:"/usr/bin/gmake" "cmTC_dccaa/fast"
/usr/bin/gmake -f CMakeFiles/cmTC_dccaa.dir/build.make CMakeFiles/cmTC_dccaa.dir/build
gmake[1]: Entering directory `/afs/cern.ch/user/a/amaier/CLIC/TrackCutChecker/build/CMakeFiles/CMakeTmp'
Building CXX object CMakeFiles/cmTC_dccaa.dir/src.cxx.o
/cvmfs/clicdp.cern.ch/compilers/gcc/6.2.0/x86_64-slc6/bin/g++     -Wno-long-long -pedantic -Weffc++ -Wshadow -Wextra -Wall -std=c++11 -Wall -DCXX_FLAG_WORKS_-Wuninitialized   -Wuninitialized -o CMakeFiles/cmTC_dccaa.dir/src.cxx.o -c /afs/cern.ch/user/a/amaier/CLIC/TrackCutChecker/build/CMakeFiles/CMakeTmp/src.cxx
<command-line>:0:16: warning: ISO C++11 requires whitespace after the macro name
Linking CXX executable cmTC_dccaa
/cvmfs/clicdp.cern.ch/software/CMake/3.6.2/x86_64-slc6-gcc62-opt/bin/cmake -E cmake_link_script CMakeFiles/cmTC_dccaa.dir/link.txt --verbose=1
/cvmfs/clicdp.cern.ch/compilers/gcc/6.2.0/x86_64-slc6/bin/g++   -Wno-long-long -pedantic -Weffc++ -Wshadow -Wextra -Wall -std=c++11 -Wall -DCXX_FLAG_WORKS_-Wuninitialized    CMakeFiles/cmTC_dccaa.dir/src.cxx.o  -o cmTC_dccaa -rdynamic 
gmake[1]: Leaving directory `/afs/cern.ch/user/a/amaier/CLIC/TrackCutChecker/build/CMakeFiles/CMakeTmp'

Source file was:
int main() { return 0; }
Performing C++ SOURCE FILE Test CXX_FLAG_WORKS_-Wl,-no-undefined succeeded with the following output:
Change Dir: /afs/cern.ch/user/a/amaier/CLIC/TrackCutChecker/build/CMakeFiles/CMakeTmp

Run Build Command:"/usr/bin/gmake" "cmTC_ae2b3/fast"
/usr/bin/gmake -f CMakeFiles/cmTC_ae2b3.dir/build.make CMakeFiles/cmTC_ae2b3.dir/build
gmake[1]: Entering directory `/afs/cern.ch/user/a/amaier/CLIC/TrackCutChecker/build/CMakeFiles/CMakeTmp'
Building CXX object CMakeFiles/cmTC_ae2b3.dir/src.cxx.o
/cvmfs/clicdp.cern.ch/compilers/gcc/6.2.0/x86_64-slc6/bin/g++     -Wuninitialized -Wno-long-long -pedantic -Weffc++ -Wshadow -Wextra -Wall -std=c++11 -Wall -DCXX_FLAG_WORKS_-Wl,-no-undefined   -Wl,-no-undefined -o CMakeFiles/cmTC_ae2b3.dir/src.cxx.o -c /afs/cern.ch/user/a/amaier/CLIC/TrackCutChecker/build/CMakeFiles/CMakeTmp/src.cxx
<command-line>:0:16: warning: ISO C++11 requires whitespace after the macro name
Linking CXX executable cmTC_ae2b3
/cvmfs/clicdp.cern.ch/software/CMake/3.6.2/x86_64-slc6-gcc62-opt/bin/cmake -E cmake_link_script CMakeFiles/cmTC_ae2b3.dir/link.txt --verbose=1
/cvmfs/clicdp.cern.ch/compilers/gcc/6.2.0/x86_64-slc6/bin/g++   -Wuninitialized -Wno-long-long -pedantic -Weffc++ -Wshadow -Wextra -Wall -std=c++11 -Wall -DCXX_FLAG_WORKS_-Wl,-no-undefined    CMakeFiles/cmTC_ae2b3.dir/src.cxx.o  -o cmTC_ae2b3 -rdynamic 
gmake[1]: Leaving directory `/afs/cern.ch/user/a/amaier/CLIC/TrackCutChecker/build/CMakeFiles/CMakeTmp'

Source file was:
int main() { return 0; }
Performing C++ SOURCE FILE Test CXX_FLAG_WORKS_-std=c++11 succeeded with the following output:
Change Dir: /afs/cern.ch/user/a/amaier/CLIC/TrackCutChecker/build/CMakeFiles/CMakeTmp

Run Build Command:"/usr/bin/gmake" "cmTC_89302/fast"
/usr/bin/gmake -f CMakeFiles/cmTC_89302.dir/build.make CMakeFiles/cmTC_89302.dir/build
gmake[1]: Entering directory `/afs/cern.ch/user/a/amaier/CLIC/TrackCutChecker/build/CMakeFiles/CMakeTmp'
Building CXX object CMakeFiles/cmTC_89302.dir/src.cxx.o
/cvmfs/clicdp.cern.ch/compilers/gcc/6.2.0/x86_64-slc6/bin/g++     -Wl,-no-undefined -Wuninitialized -Wno-long-long -pedantic -Weffc++ -Wshadow -Wextra -Wall -std=c++11 -Wall -DCXX_FLAG_WORKS_-std=c++11   -std=c++11 -o CMakeFiles/cmTC_89302.dir/src.cxx.o -c /afs/cern.ch/user/a/amaier/CLIC/TrackCutChecker/build/CMakeFiles/CMakeTmp/src.cxx
<command-line>:0:16: warning: ISO C++11 requires whitespace after the macro name
Linking CXX executable cmTC_89302
/cvmfs/clicdp.cern.ch/software/CMake/3.6.2/x86_64-slc6-gcc62-opt/bin/cmake -E cmake_link_script CMakeFiles/cmTC_89302.dir/link.txt --verbose=1
/cvmfs/clicdp.cern.ch/compilers/gcc/6.2.0/x86_64-slc6/bin/g++   -Wl,-no-undefined -Wuninitialized -Wno-long-long -pedantic -Weffc++ -Wshadow -Wextra -Wall -std=c++11 -Wall -DCXX_FLAG_WORKS_-std=c++11    CMakeFiles/cmTC_89302.dir/src.cxx.o  -o cmTC_89302 -rdynamic 
gmake[1]: Leaving directory `/afs/cern.ch/user/a/amaier/CLIC/TrackCutChecker/build/CMakeFiles/CMakeTmp'

Source file was:
int main() { return 0; }
