AGENT_WORKDIRECTORY=/data/condor_pool/dir_21797/61CLDmE0tuqnwOMCrq6pnv5nABFKDmABFKDm14FKDmABFKDmBG8XKo/DIRAC__EtNzCpilot/work/WorkloadManagement/JobAgent
AIDATT=/cvmfs/clicdp.cern.ch/iLCSoft/builds/2017-05-30/x86_64-slc6-gcc62-opt/aidaTT/HEAD
ARC_LOCATION=/usr
ATLAS_LOCAL_AREA=/opt/exp_soft_sl5/atlas/local
ATLAS_RECOVERDIR=/data/atlas
BATCH_SYSTEM=HTCondor
_=/bin/env
BOOST_ROOT=/cvmfs/clicdp.cern.ch/software/Boost/1.62.0/x86_64-slc6-gcc62-opt
CC=/cvmfs/clicdp.cern.ch/compilers/gcc/6.2.0/x86_64-slc6/bin/gcc
_CHIRP_DELAYED_UPDATE_PREFIX=Chirp*
CLHEP_BASE_DIR=/cvmfs/clicdp.cern.ch/software/CLHEP/2.3.1.1/x86_64-slc6-gcc62-opt
CLHEP=/cvmfs/clicdp.cern.ch/software/CLHEP/2.3.1.1/x86_64-slc6-gcc62-opt
CLHEP_INCLUDE_DIR=/cvmfs/clicdp.cern.ch/software/CLHEP/2.3.1.1/x86_64-slc6-gcc62-opt/include
COND_DB_DEBUGLOG=/dev/stdout
CondDBMySQL=/cvmfs/clicdp.cern.ch/iLCSoft/builds/2017-05-30/x86_64-slc6-gcc62-opt/CondDBMySQL/HEAD
_CONDOR_ANCESTOR_21797=21808:1501167081:356865010
_CONDOR_ANCESTOR_7759=7769:1501060749:1370198428
_CONDOR_ANCESTOR_7769=21797:1501167080:3841773078
CONDOR_BIN_PATH=/usr/bin
_CONDOR_CHIRP_CONFIG=/data/condor_pool//dir_21797/.chirp.config
CONDOR_CONFIG=/etc/condor/condor_config
_CONDOR_HIGHPORT=65000
_CONDOR_JOB_AD=/data/condor_pool//dir_21797/.job.ad
_CONDOR_JOB_IWD=/data/condor_pool//dir_21797
_CONDOR_JOB_PIDS=
_CONDOR_LOWPORT=20000
_CONDOR_MACHINE_AD=/data/condor_pool//dir_21797/.machine.ad
_CONDOR_SCRATCH_DIR=/data/condor_pool//dir_21797
_CONDOR_SLOT=slot1_4
_CONDOR_WRAPPER_ERROR_FILE=/data/condor_pool//dir_21797/.job_wrapper_failure
CVS_RSH=ssh
CXX=/cvmfs/clicdp.cern.ch/compilers/gcc/6.2.0/x86_64-slc6/bin/g++
DCOMMANDS_PPID=22979
DD4HEP=/cvmfs/clicdp.cern.ch/iLCSoft/builds/2017-05-30/x86_64-slc6-gcc62-opt/DD4hep/HEAD
DD4hep_DIR=/cvmfs/clicdp.cern.ch/iLCSoft/builds/2017-05-30/x86_64-slc6-gcc62-opt/DD4hep/HEAD
DD4hepINSTALL=/cvmfs/clicdp.cern.ch/iLCSoft/builds/2017-05-30/x86_64-slc6-gcc62-opt/DD4hep/HEAD
DD4hep_ROOT=/cvmfs/clicdp.cern.ch/iLCSoft/builds/2017-05-30/x86_64-slc6-gcc62-opt/DD4hep/HEAD
DIRACJOBID=26389382
DIRAC_PROCESSORS=1
DIRACPYTHON=/data/condor_pool/dir_21797/61CLDmE0tuqnwOMCrq6pnv5nABFKDmABFKDm14FKDmABFKDmBG8XKo/DIRAC__EtNzCpilot/Linux_x86_64_glibc-2.12/bin/python2.7
DIRACROOT=/data/condor_pool/dir_21797/61CLDmE0tuqnwOMCrq6pnv5nABFKDmABFKDm14FKDmABFKDmBG8XKo/DIRAC__EtNzCpilot
DIRACSITE=LCG.UKI-NORTHGRID-LIV-HEP.uk
DIRAC_WHOLENODE=False
DPM_HOST=hepgrid11.ph.liv.ac.uk
DPNS_HOST=hepgrid11.ph.liv.ac.uk
DYLD_LIBRARY_PATH=/data/condor_pool/dir_21797/61CLDmE0tuqnwOMCrq6pnv5nABFKDmABFKDm14FKDmABFKDmBG8XKo/DIRAC__EtNzCpilot/Linux_x86_64_glibc-2.12/lib:/data/condor_pool/dir_21797/61CLDmE0tuqnwOMCrq6pnv5nABFKDmABFKDm14FKDmABFKDmBG8XKo/DIRAC__EtNzCpilot/Linux_x86_64_glibc-2.12/lib
FastJet_HOME=/cvmfs/clicdp.cern.ch/software/FastJet/3.2.1/x86_64-slc6-gcc62-opt
G4ABLADATA=/cvmfs/clicdp.cern.ch/software/Geant4/10.02.p02/x86_64-slc6-gcc62-opt/share/Geant4-10.2.2/data/G4ABLA3.0
G4ENSDFSTATEDATA=/cvmfs/clicdp.cern.ch/software/Geant4/10.02.p02/x86_64-slc6-gcc62-opt/share/Geant4-10.2.2/data/G4ENSDFSTATE1.2.3
G4ENV_INIT=/cvmfs/clicdp.cern.ch/software/Geant4/10.02.p02/x86_64-slc6-gcc62-opt/bin/geant4.sh
G4INSTALL=/cvmfs/clicdp.cern.ch/software/Geant4/10.02.p02/x86_64-slc6-gcc62-opt
G4LEDATA=/cvmfs/clicdp.cern.ch/software/Geant4/10.02.p02/x86_64-slc6-gcc62-opt/share/Geant4-10.2.2/data/G4EMLOW6.48
G4LEVELGAMMADATA=/cvmfs/clicdp.cern.ch/software/Geant4/10.02.p02/x86_64-slc6-gcc62-opt/share/Geant4-10.2.2/data/PhotonEvaporation3.2
G4NEUTRONHPDATA=/cvmfs/clicdp.cern.ch/software/Geant4/10.02.p02/x86_64-slc6-gcc62-opt/share/Geant4-10.2.2/data/G4NDL4.5
G4NEUTRONXSDATA=/cvmfs/clicdp.cern.ch/software/Geant4/10.02.p02/x86_64-slc6-gcc62-opt/share/Geant4-10.2.2/data/G4NEUTRONXS1.4
G4PIIDATA=/cvmfs/clicdp.cern.ch/software/Geant4/10.02.p02/x86_64-slc6-gcc62-opt/share/Geant4-10.2.2/data/G4PII1.3
G4RADIOACTIVEDATA=/cvmfs/clicdp.cern.ch/software/Geant4/10.02.p02/x86_64-slc6-gcc62-opt/share/Geant4-10.2.2/data/RadioactiveDecay4.3.2
G4REALSURFACEDATA=/cvmfs/clicdp.cern.ch/software/Geant4/10.02.p02/x86_64-slc6-gcc62-opt/share/Geant4-10.2.2/data/RealSurface1.0
G4SAIDXSDATA=/cvmfs/clicdp.cern.ch/software/Geant4/10.02.p02/x86_64-slc6-gcc62-opt/share/Geant4-10.2.2/data/G4SAIDDATA1.1
G4SYSTEM=Linux-g++
GBL=/cvmfs/clicdp.cern.ch/iLCSoft/builds/2017-05-30/x86_64-slc6-gcc62-opt/GBL/HEAD
G_BROKEN_FILENAMES=1
GEAR=/cvmfs/clicdp.cern.ch/iLCSoft/builds/2017-05-30/x86_64-slc6-gcc62-opt/gear/HEAD
GLEXEC_LOCATION=/usr
GLOBUS_GSSAPI_CIPHERS=HIGH
GLOBUS_GSSAPI_FORCE_TLS=false
GLOBUS_GSSAPI_NAME_COMPATIBILITY=HYBRID
GLOBUS_GSSAPI_SERVER_CIPHER_ORDER=true
GLOBUS_LOCATION=/usr
GRID_GLOBAL_JOBID=gsiftp://hepgrid2.ph.liv.ac.uk:2811/jobs/61CLDmE0tuqnwOMCrq6pnv5nABFKDmABFKDm14FKDmABFKDmBG8XKo
GRIDMAP=/etc/grid-security/grid-mapfile
GSL_HOME=/cvmfs/clicdp.cern.ch/software/GSL/2.2.1/x86_64-slc6-gcc62-opt
HISTCONTROL=ignoredups
HISTSIZE=1000
HOME=/data/condor_pool//dir_21797/61CLDmE0tuqnwOMCrq6pnv5nABFKDmABFKDm14FKDmABFKDmBG8XKo
HOSTNAME=r25-n11.ph.liv.ac.uk
ILCSOFT=/cvmfs/clicdp.cern.ch/iLCSoft/builds/2017-05-30/x86_64-slc6-gcc62-opt
ilcutil=/cvmfs/clicdp.cern.ch/iLCSoft/builds/2017-05-30/x86_64-slc6-gcc62-opt/ilcutil/HEAD
JOBFEATURES=/tmp/mjf-ilc054/jobfeatures-hepgrid2.ph.liv.ac.uk_1104154.0_1501146671
JOBID=26389382
KALTEST=/cvmfs/clicdp.cern.ch/iLCSoft/builds/2017-05-30/x86_64-slc6-gcc62-opt/KalTest/HEAD
LANG=en_US.UTF-8
LCCD=/cvmfs/clicdp.cern.ch/iLCSoft/builds/2017-05-30/x86_64-slc6-gcc62-opt/lccd/HEAD
lcgeo_DIR=/cvmfs/clicdp.cern.ch/iLCSoft/builds/2017-05-30/x86_64-slc6-gcc62-opt/lcgeo/HEAD
LCG_GFAL_INFOSYS=lcg-bdii.gridpp.ac.uk:2170,topbdii.grid.hep.ph.ic.ac.uk:2170
LCIO=/cvmfs/clicdp.cern.ch/iLCSoft/builds/2017-05-30/x86_64-slc6-gcc62-opt/lcio/HEAD
LD_LIBRARY_PATH=./lib:/cvmfs/clicdp.cern.ch/software/CLHEP/2.3.1.1/x86_64-slc6-gcc62-opt/lib:/cvmfs/clicdp.cern.ch/software/Geant4/10.02.p02/x86_64-slc6-gcc62-opt/lib64:/cvmfs/clicdp.cern.ch/iLCSoft/builds/2017-05-30/x86_64-slc6-gcc62-opt/lcgeo/HEAD/lib:/cvmfs/clicdp.cern.ch/iLCSoft/builds/2017-05-30/x86_64-slc6-gcc62-opt/CEDViewer/HEAD/lib:/cvmfs/clicdp.cern.ch/iLCSoft/builds/2017-05-30/x86_64-slc6-gcc62-opt/PandoraPFANew/HEAD/lib:/cvmfs/clicdp.cern.ch/iLCSoft/builds/2017-05-30/x86_64-slc6-gcc62-opt/MarlinUtil/HEAD/lib:/cvmfs/clicdp.cern.ch/iLCSoft/builds/2017-05-30/x86_64-slc6-gcc62-opt/GBL/HEAD/lib:/cvmfs/clicdp.cern.ch/iLCSoft/builds/2017-05-30/x86_64-slc6-gcc62-opt/aidaTT/HEAD/lib:/cvmfs/clicdp.cern.ch/iLCSoft/builds/2017-05-30/x86_64-slc6-gcc62-opt/KalTest/HEAD/lib:/cvmfs/clicdp.cern.ch/iLCSoft/builds/2017-05-30/x86_64-slc6-gcc62-opt/DD4hep/HEAD/lib:/cvmfs/clicdp.cern.ch/iLCSoft/builds/2017-05-30/x86_64-slc6-gcc62-opt/gear/HEAD/lib:/cvmfs/clicdp.cern.ch/iLCSoft/builds/2017-05-30/x86_64-slc6-gcc62-opt/CED/HEAD/lib:/cvmfs/clicdp.cern.ch/iLCSoft/builds/2017-05-30/x86_64-slc6-gcc62-opt/CondDBMySQL/HEAD/lib:/cvmfs/clicdp.cern.ch/iLCSoft/builds/2017-05-30/x86_64-slc6-gcc62-opt/ilcutil/HEAD/lib:/cvmfs/clicdp.cern.ch/iLCSoft/builds/2017-05-30/x86_64-slc6-gcc62-opt/lcio/HEAD/lib:/cvmfs/clicdp.cern.ch/software/GSL/2.2.1/x86_64-slc6-gcc62-opt/lib:/cvmfs/clicdp.cern.ch/software/ROOT/6.08.00/x86_64-slc6-gcc62-opt/lib:/cvmfs/clicdp.cern.ch/software/CLHEP/2.3.1.1/x86_64-slc6-gcc62-opt/lib:/cvmfs/clicdp.cern.ch/software/Xerces-C/3.1.4/x86_64-slc6-gcc62-opt/lib:/cvmfs/clicdp.cern.ch/software/FastJet/3.2.1/x86_64-slc6-gcc62-opt/lib:/cvmfs/clicdp.cern.ch/software/MySQL/5.7.16/x86_64-slc6-gcc62-opt/lib64:/cvmfs/clicdp.cern.ch/software/MySQL/5.7.16/x86_64-slc6-gcc62-opt/lib:/cvmfs/clicdp.cern.ch/software/MySQL/5.7.16/x86_64-slc6-gcc62-opt/lib64/mysql:/cvmfs/clicdp.cern.ch/software/MySQL/5.7.16/x86_64-slc6-gcc62-opt/lib/mysql:/cvmfs/clicdp.cern.ch/compilers/gcc/6.2.0/x86_64-slc6/lib64:/cvmfs/clicdp.cern.ch/compilers/gcc/6.2.0/x86_64-slc6/lib:/cvmfs/clicdp.cern.ch/software/Python/2.7.12/x86_64-slc6-gcc62-opt/lib:/data/condor_pool/dir_21797/61CLDmE0tuqnwOMCrq6pnv5nABFKDmABFKDm14FKDmABFKDmBG8XKo/DIRAC__EtNzCpilot/Linux_x86_64_glibc-2.12/lib:/data/condor_pool/dir_21797/61CLDmE0tuqnwOMCrq6pnv5nABFKDmABFKDm14FKDmABFKDmBG8XKo/DIRAC__EtNzCpilot/Linux_x86_64_glibc-2.12/lib:/data/condor_pool/dir_21797/61CLDmE0tuqnwOMCrq6pnv5nABFKDmABFKDm14FKDmABFKDmBG8XKo/DIRAC__EtNzCpilot/Linux_x86_64_glibc-2.12/lib:/usr/lib64/:/opt/xrootd/lib
LD_LIBRARY_PATH_SAVE=/usr/lib64/:/opt/xrootd/lib
LESSOPEN=|/usr/bin/lesspipe.sh %s
LOGNAME=ilc054
MACHINEFEATURES=/etc/machinefeatures
MAIL=/var/spool/mail/ilc054
MARLIN=/cvmfs/clicdp.cern.ch/iLCSoft/builds/2017-05-30/x86_64-slc6-gcc62-opt/Marlin/HEAD
MARLIN_DEBUG=1
MARLIN_DLL=/cvmfs/clicdp.cern.ch/iLCSoft/builds/2017-05-30/x86_64-slc6-gcc62-opt/MarlinDD4hep/HEAD/lib/libMarlinDD4hep.so:/cvmfs/clicdp.cern.ch/iLCSoft/builds/2017-05-30/x86_64-slc6-gcc62-opt/DDMarlinPandora/HEAD/lib/libDDMarlinPandora.so:/cvmfs/clicdp.cern.ch/iLCSoft/builds/2017-05-30/x86_64-slc6-gcc62-opt/MarlinReco/HEAD/lib/libMarlinReco.so:/cvmfs/clicdp.cern.ch/iLCSoft/builds/2017-05-30/x86_64-slc6-gcc62-opt/PandoraAnalysis/HEAD/lib/libPandoraAnalysis.so:/cvmfs/clicdp.cern.ch/iLCSoft/builds/2017-05-30/x86_64-slc6-gcc62-opt/MarlinPandora/HEAD/lib/libMarlinPandora.so:/cvmfs/clicdp.cern.ch/iLCSoft/builds/2017-05-30/x86_64-slc6-gcc62-opt/LCFIVertex/HEAD/lib/libLCFIVertex.so:/cvmfs/clicdp.cern.ch/iLCSoft/builds/2017-05-30/x86_64-slc6-gcc62-opt/LCFIPlus/HEAD/lib/libLCFIPlus.so:/cvmfs/clicdp.cern.ch/iLCSoft/builds/2017-05-30/x86_64-slc6-gcc62-opt/CEDViewer/HEAD/lib/libCEDViewer.so:/cvmfs/clicdp.cern.ch/iLCSoft/builds/2017-05-30/x86_64-slc6-gcc62-opt/Overlay/HEAD/lib/libOverlay.so:/cvmfs/clicdp.cern.ch/iLCSoft/builds/2017-05-30/x86_64-slc6-gcc62-opt/MarlinFastJet/HEAD/lib/libMarlinFastJet.so:/cvmfs/clicdp.cern.ch/iLCSoft/builds/2017-05-30/x86_64-slc6-gcc62-opt/LCTuple/HEAD/lib/libLCTuple.so:/cvmfs/clicdp.cern.ch/iLCSoft/builds/2017-05-30/x86_64-slc6-gcc62-opt/MarlinKinfit/HEAD/lib/libMarlinKinfit.so:/cvmfs/clicdp.cern.ch/iLCSoft/builds/2017-05-30/x86_64-slc6-gcc62-opt/MarlinTrkProcessors/HEAD/lib/libMarlinTrkProcessors.so:/cvmfs/clicdp.cern.ch/iLCSoft/builds/2017-05-30/x86_64-slc6-gcc62-opt/ILDPerformance/HEAD/lib/libILDPerformance.so:/cvmfs/clicdp.cern.ch/iLCSoft/builds/2017-05-30/x86_64-slc6-gcc62-opt/ClicPerformance/HEAD/lib/libClicPerformance.so:/cvmfs/clicdp.cern.ch/iLCSoft/builds/2017-05-30/x86_64-slc6-gcc62-opt/ConformalTracking/HEAD/lib/libConformalTracking.so:/cvmfs/clicdp.cern.ch/iLCSoft/builds/2017-05-30/x86_64-slc6-gcc62-opt/Physsim/HEAD/lib/libPhyssim.so:/cvmfs/clicdp.cern.ch/iLCSoft/builds/2017-05-30/x86_64-slc6-gcc62-opt/FCalClusterer/HEAD/lib/libFCalClusterer.so:/cvmfs/clicdp.cern.ch/iLCSoft/builds/2017-05-30/x86_64-slc6-gcc62-opt/ForwardTracking/HEAD/lib/libForwardTracking.so:/cvmfs/clicdp.cern.ch/iLCSoft/builds/2017-05-30/x86_64-slc6-gcc62-opt/Clupatra/HEAD/lib/libClupatra.so:/cvmfs/clicdp.cern.ch/iLCSoft/builds/2017-05-30/x86_64-slc6-gcc62-opt/Garlic/HEAD/lib/libGarlic.so:/cvmfs/clicdp.cern.ch/iLCSoft/builds/2017-05-30/x86_64-slc6-gcc62-opt/LICH/HEAD/lib/libLICH.so:./lib/marlin_dll/libTrackCutChecker.so
MYPROXY_SERVER=lcgrbp01.gridpp.rl.ac.uk
MYSQL=/cvmfs/clicdp.cern.ch/software/MySQL/5.7.16/x86_64-slc6-gcc62-opt
MYSQL_HOME=/cvmfs/clicdp.cern.ch/software/MySQL/5.7.16/x86_64-slc6-gcc62-opt
MYSQL_LIBDIR=/cvmfs/clicdp.cern.ch/software/MySQL/5.7.16/x86_64-slc6-gcc62-opt/lib64/mysql
MYSQL_PATH=/cvmfs/clicdp.cern.ch/software/MySQL/5.7.16/x86_64-slc6-gcc62-opt
ninja_HOME=/cvmfs/clicdp.cern.ch/software/Ninja/1.7.1/x86_64-slc6-gcc62-opt
NORDUGRID_ARC_QUEUE=grid
OLDPWD=/cvmfs/clicdp.cern.ch/software/Geant4/10.02.p02/x86_64-slc6-gcc62-opt/bin
OMP_NUM_THREADS=1
OPENSSL_ALLOW_PROXY_CERTS=1
PANDORAPFANEW=/cvmfs/clicdp.cern.ch/iLCSoft/builds/2017-05-30/x86_64-slc6-gcc62-opt/PandoraPFANew/HEAD
PATH=/cvmfs/clicdp.cern.ch/software/ROOT/6.08.00/x86_64-slc6-gcc62-opt/bin:/cvmfs/clicdp.cern.ch/software/Geant4/10.02.p02/x86_64-slc6-gcc62-opt/bin:/cvmfs/clicdp.cern.ch/iLCSoft/builds/2017-05-30/x86_64-slc6-gcc62-opt/lcgeo/HEAD/bin:/cvmfs/clicdp.cern.ch/iLCSoft/builds/2017-05-30/x86_64-slc6-gcc62-opt/CEDViewer/HEAD/bin:/cvmfs/clicdp.cern.ch/iLCSoft/builds/2017-05-30/x86_64-slc6-gcc62-opt/aidaTT/HEAD/bin:/cvmfs/clicdp.cern.ch/iLCSoft/builds/2017-05-30/x86_64-slc6-gcc62-opt/DD4hep/HEAD/bin:/cvmfs/clicdp.cern.ch/iLCSoft/builds/2017-05-30/x86_64-slc6-gcc62-opt/gear/HEAD/tools:/cvmfs/clicdp.cern.ch/iLCSoft/builds/2017-05-30/x86_64-slc6-gcc62-opt/gear/HEAD/bin:/cvmfs/clicdp.cern.ch/iLCSoft/builds/2017-05-30/x86_64-slc6-gcc62-opt/RAIDA/HEAD/bin:/cvmfs/clicdp.cern.ch/iLCSoft/builds/2017-05-30/x86_64-slc6-gcc62-opt/Marlin/HEAD/bin:/cvmfs/clicdp.cern.ch/iLCSoft/builds/2017-05-30/x86_64-slc6-gcc62-opt/CED/HEAD/bin:/cvmfs/clicdp.cern.ch/software/Ninja/1.7.1/x86_64-slc6-gcc62-opt:/cvmfs/clicdp.cern.ch/software/CMake/3.6.2/x86_64-slc6-gcc62-opt/bin:/cvmfs/clicdp.cern.ch/iLCSoft/builds/2017-05-30/x86_64-slc6-gcc62-opt/lcio/HEAD/tools:/cvmfs/clicdp.cern.ch/iLCSoft/builds/2017-05-30/x86_64-slc6-gcc62-opt/lcio/HEAD/bin:/cvmfs/clicdp.cern.ch/software/GSL/2.2.1/x86_64-slc6-gcc62-opt/bin:/cvmfs/clicdp.cern.ch/software/ROOT/6.08.00/x86_64-slc6-gcc62-opt/bin:/cvmfs/clicdp.cern.ch/software/CLHEP/2.3.1.1/x86_64-slc6-gcc62-opt/bin:/cvmfs/clicdp.cern.ch/software/Xerces-C/3.1.4/x86_64-slc6-gcc62-opt/bin:/cvmfs/clicdp.cern.ch/software/FastJet/3.2.1/x86_64-slc6-gcc62-opt/bin:/cvmfs/clicdp.cern.ch/software/MySQL/5.7.16/x86_64-slc6-gcc62-opt/bin:/cvmfs/clicdp.cern.ch/compilers/gcc/6.2.0/x86_64-slc6/bin:/cvmfs/clicdp.cern.ch/software/Python/2.7.12/x86_64-slc6-gcc62-opt/bin:/data/condor_pool/dir_21797/61CLDmE0tuqnwOMCrq6pnv5nABFKDmABFKDm14FKDmABFKDmBG8XKo/DIRAC__EtNzCpilot/Linux_x86_64_glibc-2.12/bin:/data/condor_pool/dir_21797/61CLDmE0tuqnwOMCrq6pnv5nABFKDmABFKDm14FKDmABFKDmBG8XKo/DIRAC__EtNzCpilot/Linux_x86_64_glibc-2.12/bin:/data/condor_pool/dir_21797/61CLDmE0tuqnwOMCrq6pnv5nABFKDmABFKDm14FKDmABFKDmBG8XKo/DIRAC__EtNzCpilot/Linux_x86_64_glibc-2.12/bin:/data/condor_pool/dir_21797/61CLDmE0tuqnwOMCrq6pnv5nABFKDmABFKDm14FKDmABFKDmBG8XKo/DIRAC__EtNzCpilot/scripts:/usr/lib64/qt-3.3/bin:/sbin:/usr/sbin:/bin:/usr/bin:/usr/local/sbin:/bin
PWD=/data/condor_pool/dir_21797/61CLDmE0tuqnwOMCrq6pnv5nABFKDmABFKDm14FKDmABFKDmBG8XKo/DIRAC__EtNzCpilot/26389382
PYTHONPATH=/cvmfs/clicdp.cern.ch/iLCSoft/builds/2017-05-30/x86_64-slc6-gcc62-opt/lcgeo/HEAD/lib/python:/cvmfs/clicdp.cern.ch/iLCSoft/builds/2017-05-30/x86_64-slc6-gcc62-opt/DD4hep/HEAD/python:/cvmfs/clicdp.cern.ch/iLCSoft/builds/2017-05-30/x86_64-slc6-gcc62-opt/DD4hep/HEAD/DDCore/python:/cvmfs/clicdp.cern.ch/iLCSoft/builds/2017-05-30/x86_64-slc6-gcc62-opt/lcio/HEAD/python:/cvmfs/clicdp.cern.ch/iLCSoft/builds/2017-05-30/x86_64-slc6-gcc62-opt/lcio/HEAD/python/examples:/cvmfs/clicdp.cern.ch/software/ROOT/6.08.00/x86_64-slc6-gcc62-opt/lib:/data/condor_pool/dir_21797/61CLDmE0tuqnwOMCrq6pnv5nABFKDmABFKDm14FKDmABFKDmBG8XKo/DIRAC__EtNzCpilot:/data/condor_pool/dir_21797/61CLDmE0tuqnwOMCrq6pnv5nABFKDmABFKDm14FKDmABFKDmBG8XKo/DIRAC__EtNzCpilot
PYTHONPATH_SAVE=
PYTHONUNBUFFERED=yes
QTDIR=/usr/lib64/qt-3.3
QTINC=/usr/lib64/qt-3.3/include
QTLIB=/usr/lib64/qt-3.3/lib
RAIDA_HOME=/cvmfs/clicdp.cern.ch/iLCSoft/builds/2017-05-30/x86_64-slc6-gcc62-opt/RAIDA/HEAD
RFIO_PORT_RANGE=20000,25000
ROOTSYS=/cvmfs/clicdp.cern.ch/software/ROOT/6.08.00/x86_64-slc6-gcc62-opt
RUCIO_AUTH_TYPE=x509_proxy
RUCIO_HOME=/cvmfs/atlas.cern.ch/repo/sw/ddm/rucio-clients/0.1.12
RUNTIME_CONFIG_DIR=/etc/arc/runtime
RUNTIME_ENABLE_MULTICORE_SCRATCH=1
SHLVL=14
SITE_GIIS_URL=hepgrid4.ph.liv.ac.uk
SITE_NAME=UKI-NORTHGRID-LIV-HEP
TEMP=/data/condor_pool//dir_21797
TERM=xterm-256color
TMP=/data/condor_pool//dir_21797
TMPDIR=/data/condor_pool//dir_21797
USER=ilc054
VO_ALICE_DEFAULT_SE=hepgrid11.ph.liv.ac.uk
VO_ALICE_SW_DIR=/opt/exp_soft_sl5/alice
VO_ATLAS_DEFAULT_SE=hepgrid11.ph.liv.ac.uk
VO_ATLAS_SW_DIR=/cvmfs/atlas.cern.ch/repo/sw
VO_BIOMED_DEFAULT_SE=hepgrid11.ph.liv.ac.uk
VO_BIOMED_SW_DIR=/opt/exp_soft_sl5/biomed
VO_CALICE_DEFAULT_SE=hepgrid11.ph.liv.ac.uk
VO_CALICE_SW_DIR=/opt/exp_soft_sl5/calice
VO_CAMONT_DEFAULT_SE=hepgrid11.ph.liv.ac.uk
VO_CAMONT_SW_DIR=/opt/exp_soft_sl5/camont
VO_CDF_DEFAULT_SE=hepgrid11.ph.liv.ac.uk
VO_CDF_SW_DIR=/opt/exp_soft_sl5/cdf
VO_CERNATSCHOOL_ORG_DEFAULT_SE=hepgrid11.ph.liv.ac.uk
VO_CERNATSCHOOL_ORG_SW_DIR=/opt/exp_soft_sl5/cernatschool
VO_CMS_DEFAULT_SE=hepgrid11.ph.liv.ac.uk
VO_CMS_SW_DIR=/opt/exp_soft_sl5/cms
VO_DTEAM_DEFAULT_SE=hepgrid11.ph.liv.ac.uk
VO_DTEAM_SW_DIR=/opt/exp_soft_sl5/dteam
VO_DUNE_DEFAULT_SE=hepgrid11.ph.liv.ac.uk
VO_DUNE_SW_DIR=/cvmfs/dune.opensciencegrid.org
VO_DZERO_DEFAULT_SE=hepgrid11.ph.liv.ac.uk
VO_DZERO_SW_DIR=/opt/exp_soft_sl5/dzero
VO_EPIC_VO_GRIDPP_AC_UK_DEFAULT_SE=hepgrid11.ph.liv.ac.uk
VO_EPIC_VO_GRIDPP_AC_UK_SW_DIR=/opt/exp_soft_sl5/epic
VO_ESR_DEFAULT_SE=hepgrid11.ph.liv.ac.uk
VO_ESR_SW_DIR=/opt/exp_soft_sl5/esr
VO_FUSION_DEFAULT_SE=hepgrid11.ph.liv.ac.uk
VO_FUSION_SW_DIR=/opt/exp_soft_sl5/fusion
VO_GEANT4_DEFAULT_SE=hepgrid11.ph.liv.ac.uk
VO_GEANT4_SW_DIR=/opt/exp_soft_sl5/geant4
VO_GRIDPP_DEFAULT_SE=hepgrid11.ph.liv.ac.uk
VO_GRIDPP_SW_DIR=/opt/exp_soft_sl5/gridpp
VO_HYPERK_ORG_DEFAULT_SE=hepgrid11.ph.liv.ac.uk
VO_HYPERK_ORG_SW_DIR=/cvmfs/hyperk.egi.eu
VO_ILC_DEFAULT_SE=hepgrid11.ph.liv.ac.uk
VO_ILC_SW_DIR=/cvmfs/ilc.desy.de
VO_LHCB_DEFAULT_SE=hepgrid11.ph.liv.ac.uk
VO_LHCB_SW_DIR=/cvmfs/lhcb.cern.ch
VO_LSST_DEFAULT_SE=hepgrid11.ph.liv.ac.uk
VO_LSST_SW_DIR=/opt/exp_soft_sl5/lsst
VO_LZ_DEFAULT_SE=hepgrid11.ph.liv.ac.uk
VO_LZ_SW_DIR=/opt/exp_soft_sl5/lsst
VO_MAGIC_DEFAULT_SE=hepgrid11.ph.liv.ac.uk
VO_MAGIC_SW_DIR=/opt/exp_soft_sl5/magic
VO_MICE_DEFAULT_SE=hepgrid11.ph.liv.ac.uk
VO_MICE_SW_DIR=/cvmfs/mice.egi.eu
VO_NA62_VO_GRIDPP_AC_UK_DEFAULT_SE=hepgrid11.ph.liv.ac.uk
VO_NA62_VO_GRIDPP_AC_UK_SW_DIR=/cvmfs/na62.cern.ch
VO_NEISS_ORG_UK_DEFAULT_SE=hepgrid11.ph.liv.ac.uk
VO_NEISS_ORG_UK_SW_DIR=/opt/exp_soft_sl5/neiss
VO_OPS_DEFAULT_SE=hepgrid11.ph.liv.ac.uk
VO_OPS_SW_DIR=/opt/exp_soft_sl5/ops
VO_PHENO_DEFAULT_SE=hepgrid11.ph.liv.ac.uk
VO_PHENO_SW_DIR=/opt/exp_soft_sl5/pheno
VO_PLANCK_DEFAULT_SE=hepgrid11.ph.liv.ac.uk
VO_PLANCK_SW_DIR=/opt/exp_soft_sl5/planck
VO_SNOPLUS_SNOLAB_CA_DEFAULT_SE=hepgrid11.ph.liv.ac.uk
VO_SNOPLUS_SNOLAB_CA_SW_DIR=/cvmfs/snoplus.egi.eu
VO_T2K_ORG_DEFAULT_SE=hepgrid11.ph.liv.ac.uk
VO_T2K_ORG_SW_DIR=/cvmfs/t2k.egi.eu
VO_VO_MOEDAL_ORG_DEFAULT_SE=hepgrid11.ph.liv.ac.uk
VO_VO_MOEDAL_ORG_SW_DIR=/cvmfs/moedal.cern.ch
VO_VO_NORTHGRID_AC_UK_DEFAULT_SE=hepgrid11.ph.liv.ac.uk
VO_VO_NORTHGRID_AC_UK_SW_DIR=/opt/exp_soft_sl5/northgrid
VO_ZEUS_DEFAULT_SE=hepgrid11.ph.liv.ac.uk
VO_ZEUS_SW_DIR=/opt/exp_soft_sl5/zeus
X509_CERT_DIR=/data/condor_pool/dir_21797/61CLDmE0tuqnwOMCrq6pnv5nABFKDmABFKDm14FKDmABFKDmBG8XKo/DIRAC__EtNzCpilot/etc/grid-security/certificates
X509_USER_CERT=fake
X509_USER_KEY=fake
X509_USER_PROXY=/data/condor_pool/dir_21797/tmpnt2ADc
XercesC_HOME=/cvmfs/clicdp.cern.ch/software/Xerces-C/3.1.4/x86_64-slc6-gcc62-opt
