=============================
LD_LIBRARY_PATH is
/cvmfs/clicdp.cern.ch/software/CLHEP/2.3.1.1/x86_64-slc6-gcc62-opt/lib
/cvmfs/clicdp.cern.ch/software/Geant4/10.02.p02/x86_64-slc6-gcc62-opt/lib64
/cvmfs/clicdp.cern.ch/iLCSoft/builds/2017-05-30/x86_64-slc6-gcc62-opt/lcgeo/HEAD/lib
/cvmfs/clicdp.cern.ch/iLCSoft/builds/2017-05-30/x86_64-slc6-gcc62-opt/CEDViewer/HEAD/lib
/cvmfs/clicdp.cern.ch/iLCSoft/builds/2017-05-30/x86_64-slc6-gcc62-opt/PandoraPFANew/HEAD/lib
/cvmfs/clicdp.cern.ch/iLCSoft/builds/2017-05-30/x86_64-slc6-gcc62-opt/MarlinUtil/HEAD/lib
/cvmfs/clicdp.cern.ch/iLCSoft/builds/2017-05-30/x86_64-slc6-gcc62-opt/GBL/HEAD/lib
/cvmfs/clicdp.cern.ch/iLCSoft/builds/2017-05-30/x86_64-slc6-gcc62-opt/aidaTT/HEAD/lib
/cvmfs/clicdp.cern.ch/iLCSoft/builds/2017-05-30/x86_64-slc6-gcc62-opt/KalTest/HEAD/lib
/cvmfs/clicdp.cern.ch/iLCSoft/builds/2017-05-30/x86_64-slc6-gcc62-opt/DD4hep/HEAD/lib
/cvmfs/clicdp.cern.ch/iLCSoft/builds/2017-05-30/x86_64-slc6-gcc62-opt/gear/HEAD/lib
/cvmfs/clicdp.cern.ch/iLCSoft/builds/2017-05-30/x86_64-slc6-gcc62-opt/CED/HEAD/lib
/cvmfs/clicdp.cern.ch/iLCSoft/builds/2017-05-30/x86_64-slc6-gcc62-opt/CondDBMySQL/HEAD/lib
/cvmfs/clicdp.cern.ch/iLCSoft/builds/2017-05-30/x86_64-slc6-gcc62-opt/ilcutil/HEAD/lib
/cvmfs/clicdp.cern.ch/iLCSoft/builds/2017-05-30/x86_64-slc6-gcc62-opt/lcio/HEAD/lib
/cvmfs/clicdp.cern.ch/software/GSL/2.2.1/x86_64-slc6-gcc62-opt/lib
/cvmfs/clicdp.cern.ch/software/ROOT/6.08.00/x86_64-slc6-gcc62-opt/lib
/cvmfs/clicdp.cern.ch/software/CLHEP/2.3.1.1/x86_64-slc6-gcc62-opt/lib
/cvmfs/clicdp.cern.ch/software/Xerces-C/3.1.4/x86_64-slc6-gcc62-opt/lib
/cvmfs/clicdp.cern.ch/software/FastJet/3.2.1/x86_64-slc6-gcc62-opt/lib
/cvmfs/clicdp.cern.ch/software/MySQL/5.7.16/x86_64-slc6-gcc62-opt/lib64
/cvmfs/clicdp.cern.ch/software/MySQL/5.7.16/x86_64-slc6-gcc62-opt/lib
/cvmfs/clicdp.cern.ch/software/MySQL/5.7.16/x86_64-slc6-gcc62-opt/lib64/mysql
/cvmfs/clicdp.cern.ch/software/MySQL/5.7.16/x86_64-slc6-gcc62-opt/lib/mysql
/cvmfs/clicdp.cern.ch/compilers/gcc/6.2.0/x86_64-slc6/lib64
/cvmfs/clicdp.cern.ch/compilers/gcc/6.2.0/x86_64-slc6/lib
/cvmfs/clicdp.cern.ch/software/Python/2.7.12/x86_64-slc6-gcc62-opt/lib
/pool/condor/dir_24923/DIRAC__qfmHspilot/Linux_x86_64_glibc-2.12/lib
/pool/condor/dir_24923/DIRAC__qfmHspilot/Linux_x86_64_glibc-2.12/lib
/pool/condor/dir_24923/DIRAC__qfmHspilot/Linux_x86_64_glibc-2.12/lib
=============================
PATH is
/cvmfs/clicdp.cern.ch/software/ROOT/6.08.00/x86_64-slc6-gcc62-opt/bin
/cvmfs/clicdp.cern.ch/software/Geant4/10.02.p02/x86_64-slc6-gcc62-opt/bin
/cvmfs/clicdp.cern.ch/iLCSoft/builds/2017-05-30/x86_64-slc6-gcc62-opt/lcgeo/HEAD/bin
/cvmfs/clicdp.cern.ch/iLCSoft/builds/2017-05-30/x86_64-slc6-gcc62-opt/CEDViewer/HEAD/bin
/cvmfs/clicdp.cern.ch/iLCSoft/builds/2017-05-30/x86_64-slc6-gcc62-opt/aidaTT/HEAD/bin
/cvmfs/clicdp.cern.ch/iLCSoft/builds/2017-05-30/x86_64-slc6-gcc62-opt/DD4hep/HEAD/bin
/cvmfs/clicdp.cern.ch/iLCSoft/builds/2017-05-30/x86_64-slc6-gcc62-opt/gear/HEAD/tools
/cvmfs/clicdp.cern.ch/iLCSoft/builds/2017-05-30/x86_64-slc6-gcc62-opt/gear/HEAD/bin
/cvmfs/clicdp.cern.ch/iLCSoft/builds/2017-05-30/x86_64-slc6-gcc62-opt/RAIDA/HEAD/bin
/cvmfs/clicdp.cern.ch/iLCSoft/builds/2017-05-30/x86_64-slc6-gcc62-opt/Marlin/HEAD/bin
/cvmfs/clicdp.cern.ch/iLCSoft/builds/2017-05-30/x86_64-slc6-gcc62-opt/CED/HEAD/bin
/cvmfs/clicdp.cern.ch/software/Ninja/1.7.1/x86_64-slc6-gcc62-opt
/cvmfs/clicdp.cern.ch/software/CMake/3.6.2/x86_64-slc6-gcc62-opt/bin
/cvmfs/clicdp.cern.ch/iLCSoft/builds/2017-05-30/x86_64-slc6-gcc62-opt/lcio/HEAD/tools
/cvmfs/clicdp.cern.ch/iLCSoft/builds/2017-05-30/x86_64-slc6-gcc62-opt/lcio/HEAD/bin
/cvmfs/clicdp.cern.ch/software/GSL/2.2.1/x86_64-slc6-gcc62-opt/bin
/cvmfs/clicdp.cern.ch/software/ROOT/6.08.00/x86_64-slc6-gcc62-opt/bin
/cvmfs/clicdp.cern.ch/software/CLHEP/2.3.1.1/x86_64-slc6-gcc62-opt/bin
/cvmfs/clicdp.cern.ch/software/Xerces-C/3.1.4/x86_64-slc6-gcc62-opt/bin
/cvmfs/clicdp.cern.ch/software/FastJet/3.2.1/x86_64-slc6-gcc62-opt/bin
/cvmfs/clicdp.cern.ch/software/MySQL/5.7.16/x86_64-slc6-gcc62-opt/bin
/cvmfs/clicdp.cern.ch/compilers/gcc/6.2.0/x86_64-slc6/bin
/cvmfs/clicdp.cern.ch/software/Python/2.7.12/x86_64-slc6-gcc62-opt/bin
/pool/condor/dir_24923/DIRAC__qfmHspilot/Linux_x86_64_glibc-2.12/bin
/pool/condor/dir_24923/DIRAC__qfmHspilot/Linux_x86_64_glibc-2.12/bin
/pool/condor/dir_24923/DIRAC__qfmHspilot/Linux_x86_64_glibc-2.12/bin
/pool/condor/dir_24923/DIRAC__qfmHspilot/scripts
/afs/cern.ch/group/zf/bin
/home/grid/ilc032/scripts
/usr/sue/bin
/usr/lib64/qt-3.3/bin
/usr/kerberos/sbin
/usr/kerberos/bin
/bin
/usr/local/bin
/usr/bin
/usr/local/sbin
/usr/sbin
/sbin
/opt/puppetlabs/bin
=============================
MARLIN_DLL is
/cvmfs/clicdp.cern.ch/iLCSoft/builds/2017-05-30/x86_64-slc6-gcc62-opt/MarlinDD4hep/HEAD/lib/libMarlinDD4hep.so
/cvmfs/clicdp.cern.ch/iLCSoft/builds/2017-05-30/x86_64-slc6-gcc62-opt/DDMarlinPandora/HEAD/lib/libDDMarlinPandora.so
/cvmfs/clicdp.cern.ch/iLCSoft/builds/2017-05-30/x86_64-slc6-gcc62-opt/MarlinReco/HEAD/lib/libMarlinReco.so
/cvmfs/clicdp.cern.ch/iLCSoft/builds/2017-05-30/x86_64-slc6-gcc62-opt/PandoraAnalysis/HEAD/lib/libPandoraAnalysis.so
/cvmfs/clicdp.cern.ch/iLCSoft/builds/2017-05-30/x86_64-slc6-gcc62-opt/MarlinPandora/HEAD/lib/libMarlinPandora.so
/cvmfs/clicdp.cern.ch/iLCSoft/builds/2017-05-30/x86_64-slc6-gcc62-opt/LCFIVertex/HEAD/lib/libLCFIVertex.so
/cvmfs/clicdp.cern.ch/iLCSoft/builds/2017-05-30/x86_64-slc6-gcc62-opt/LCFIPlus/HEAD/lib/libLCFIPlus.so
/cvmfs/clicdp.cern.ch/iLCSoft/builds/2017-05-30/x86_64-slc6-gcc62-opt/CEDViewer/HEAD/lib/libCEDViewer.so
/cvmfs/clicdp.cern.ch/iLCSoft/builds/2017-05-30/x86_64-slc6-gcc62-opt/Overlay/HEAD/lib/libOverlay.so
/cvmfs/clicdp.cern.ch/iLCSoft/builds/2017-05-30/x86_64-slc6-gcc62-opt/MarlinFastJet/HEAD/lib/libMarlinFastJet.so
/cvmfs/clicdp.cern.ch/iLCSoft/builds/2017-05-30/x86_64-slc6-gcc62-opt/LCTuple/HEAD/lib/libLCTuple.so
/cvmfs/clicdp.cern.ch/iLCSoft/builds/2017-05-30/x86_64-slc6-gcc62-opt/MarlinKinfit/HEAD/lib/libMarlinKinfit.so
/cvmfs/clicdp.cern.ch/iLCSoft/builds/2017-05-30/x86_64-slc6-gcc62-opt/MarlinTrkProcessors/HEAD/lib/libMarlinTrkProcessors.so
/cvmfs/clicdp.cern.ch/iLCSoft/builds/2017-05-30/x86_64-slc6-gcc62-opt/ILDPerformance/HEAD/lib/libILDPerformance.so
/cvmfs/clicdp.cern.ch/iLCSoft/builds/2017-05-30/x86_64-slc6-gcc62-opt/ClicPerformance/HEAD/lib/libClicPerformance.so
/cvmfs/clicdp.cern.ch/iLCSoft/builds/2017-05-30/x86_64-slc6-gcc62-opt/ConformalTracking/HEAD/lib/libConformalTracking.so
/cvmfs/clicdp.cern.ch/iLCSoft/builds/2017-05-30/x86_64-slc6-gcc62-opt/Physsim/HEAD/lib/libPhyssim.so
/cvmfs/clicdp.cern.ch/iLCSoft/builds/2017-05-30/x86_64-slc6-gcc62-opt/FCalClusterer/HEAD/lib/libFCalClusterer.so
/cvmfs/clicdp.cern.ch/iLCSoft/builds/2017-05-30/x86_64-slc6-gcc62-opt/ForwardTracking/HEAD/lib/libForwardTracking.so
/cvmfs/clicdp.cern.ch/iLCSoft/builds/2017-05-30/x86_64-slc6-gcc62-opt/Clupatra/HEAD/lib/libClupatra.so
/cvmfs/clicdp.cern.ch/iLCSoft/builds/2017-05-30/x86_64-slc6-gcc62-opt/Garlic/HEAD/lib/libGarlic.so
/cvmfs/clicdp.cern.ch/iLCSoft/builds/2017-05-30/x86_64-slc6-gcc62-opt/LICH/HEAD/lib/libLICH.so
=============================
<!-- Loading shared library : /cvmfs/clicdp.cern.ch/iLCSoft/builds/2017-05-30/x86_64-slc6-gcc62-opt/MarlinDD4hep/HEAD/lib/libMarlinDD4hep.so.0.4.0 (libMarlinDD4hep.so)-->
<!-- Loading shared library : /cvmfs/clicdp.cern.ch/iLCSoft/builds/2017-05-30/x86_64-slc6-gcc62-opt/DDMarlinPandora/HEAD/lib/libDDMarlinPandora.so.0.6.0 (libDDMarlinPandora.so)-->
<!-- Loading shared library : /cvmfs/clicdp.cern.ch/iLCSoft/builds/2017-05-30/x86_64-slc6-gcc62-opt/MarlinReco/HEAD/lib/libMarlinReco.so.1.18.0 (libMarlinReco.so)-->
<!-- Loading shared library : /cvmfs/clicdp.cern.ch/iLCSoft/builds/2017-05-30/x86_64-slc6-gcc62-opt/PandoraAnalysis/HEAD/lib/libPandoraAnalysis.so.01.02.01 (libPandoraAnalysis.so)-->
<!-- Loading shared library : /cvmfs/clicdp.cern.ch/iLCSoft/builds/2017-05-30/x86_64-slc6-gcc62-opt/MarlinPandora/HEAD/lib/libMarlinPandora.so.03.00.01 (libMarlinPandora.so)-->
<!-- Loading shared library : /cvmfs/clicdp.cern.ch/iLCSoft/builds/2017-05-30/x86_64-slc6-gcc62-opt/LCFIVertex/HEAD/lib/libLCFIVertex.so.0.7.3 (libLCFIVertex.so)-->
<!-- Loading shared library : /cvmfs/clicdp.cern.ch/iLCSoft/builds/2017-05-30/x86_64-slc6-gcc62-opt/LCFIPlus/HEAD/lib/libLCFIPlus.so.0.6.5 (libLCFIPlus.so)-->
<!-- Loading shared library : /cvmfs/clicdp.cern.ch/iLCSoft/builds/2017-05-30/x86_64-slc6-gcc62-opt/CEDViewer/HEAD/lib/libCEDViewer.so.1.13.0 (libCEDViewer.so)-->
<!-- Loading shared library : /cvmfs/clicdp.cern.ch/iLCSoft/builds/2017-05-30/x86_64-slc6-gcc62-opt/Overlay/HEAD/lib/libOverlay.so.0.17.0 (libOverlay.so)-->
<!-- Loading shared library : /cvmfs/clicdp.cern.ch/iLCSoft/builds/2017-05-30/x86_64-slc6-gcc62-opt/MarlinFastJet/HEAD/lib/libMarlinFastJet.so.0.4.0 (libMarlinFastJet.so)-->
<!-- Loading shared library : /cvmfs/clicdp.cern.ch/iLCSoft/builds/2017-05-30/x86_64-slc6-gcc62-opt/LCTuple/HEAD/lib/libLCTuple.so.1.7.0 (libLCTuple.so)-->
<!-- Loading shared library : /cvmfs/clicdp.cern.ch/iLCSoft/builds/2017-05-30/x86_64-slc6-gcc62-opt/MarlinKinfit/HEAD/lib/libMarlinKinfit.so.0.5.0 (libMarlinKinfit.so)-->
<!-- Loading shared library : /cvmfs/clicdp.cern.ch/iLCSoft/builds/2017-05-30/x86_64-slc6-gcc62-opt/MarlinTrkProcessors/HEAD/lib/libMarlinTrkProcessors.so.2.6.0 (libMarlinTrkProcessors.so)-->
<!-- Loading shared library : /cvmfs/clicdp.cern.ch/iLCSoft/builds/2017-05-30/x86_64-slc6-gcc62-opt/ILDPerformance/HEAD/lib/libILDPerformance.so.1.2.0 (libILDPerformance.so)-->
<!-- Loading shared library : /cvmfs/clicdp.cern.ch/iLCSoft/builds/2017-05-30/x86_64-slc6-gcc62-opt/ClicPerformance/HEAD/lib/libClicPerformance.so.1.0.0 (libClicPerformance.so)-->
<!-- Loading shared library : /cvmfs/clicdp.cern.ch/iLCSoft/builds/2017-05-30/x86_64-slc6-gcc62-opt/ConformalTracking/HEAD/lib/libConformalTracking.so.1.2.0 (libConformalTracking.so)-->
<!-- Loading shared library : /cvmfs/clicdp.cern.ch/iLCSoft/builds/2017-05-30/x86_64-slc6-gcc62-opt/Physsim/HEAD/lib/libPhyssim.so.0.4.0 (libPhyssim.so)-->
<!-- Loading shared library : /cvmfs/clicdp.cern.ch/iLCSoft/builds/2017-05-30/x86_64-slc6-gcc62-opt/FCalClusterer/HEAD/lib/libFCalClusterer.so (libFCalClusterer.so)-->
<!-- Loading shared library : /cvmfs/clicdp.cern.ch/iLCSoft/builds/2017-05-30/x86_64-slc6-gcc62-opt/ForwardTracking/HEAD/lib/libForwardTracking.so.1.11.0 (libForwardTracking.so)-->
<!-- Loading shared library : /cvmfs/clicdp.cern.ch/iLCSoft/builds/2017-05-30/x86_64-slc6-gcc62-opt/Clupatra/HEAD/lib/libClupatra.so.1.0.0 (libClupatra.so)-->
<!-- Loading shared library : /cvmfs/clicdp.cern.ch/iLCSoft/builds/2017-05-30/x86_64-slc6-gcc62-opt/Garlic/HEAD/lib/libGarlic.so.3.0.4 (libGarlic.so)-->
<!-- Loading shared library : /cvmfs/clicdp.cern.ch/iLCSoft/builds/2017-05-30/x86_64-slc6-gcc62-opt/LICH/HEAD/lib/libLICH.so.0.1.0 (libLICH.so)-->
Loading LCIO file [/pool/condor/dir_24923/DIRAC__qfmHspilot/26389380/qq_ln_dst_3249_10000.slcio]
Reading Events.................................
LCIO file [/pool/condor/dir_24923/DIRAC__qfmHspilot/26389380/qq_ln_dst_3249_10000.slcio] was loaded successfully
[4m
Steering File:
[m[1m[34mmarlinxml_1.xml
[m[4m
LCIO Input Files:
[m[1m[34m/pool/condor/dir_24923/DIRAC__qfmHspilot/26389380/qq_ln_dst_3249_10000.slcio
[m[4m
LCIO Available Collections:
[m[1m[34mKinkVertices                            Vertex                        /pool/condor/dir_24923/DIRAC__qfmHspilot/26389380/qq_ln_dst_3249_10000.slcio
LooseSelectedPandoraPFANewPFOs          ReconstructedParticle         /pool/condor/dir_24923/DIRAC__qfmHspilot/26389380/qq_ln_dst_3249_10000.slcio
MCParticlesSkimmed                      MCParticle                    /pool/condor/dir_24923/DIRAC__qfmHspilot/26389380/qq_ln_dst_3249_10000.slcio
PandoraPFANewClusters                   Cluster                       /pool/condor/dir_24923/DIRAC__qfmHspilot/26389380/qq_ln_dst_3249_10000.slcio
PandoraPFANewPFOs                       ReconstructedParticle         /pool/condor/dir_24923/DIRAC__qfmHspilot/26389380/qq_ln_dst_3249_10000.slcio
PandoraPFANewReclusterMonitoring        LCGenericObject               /pool/condor/dir_24923/DIRAC__qfmHspilot/26389380/qq_ln_dst_3249_10000.slcio
RecoMCTruthLink                         LCRelation                    /pool/condor/dir_24923/DIRAC__qfmHspilot/26389380/qq_ln_dst_3249_10000.slcio
SelectedLDCTracks                       Track                         /pool/condor/dir_24923/DIRAC__qfmHspilot/26389380/qq_ln_dst_3249_10000.slcio
SelectedPandoraPFANewPFOs               ReconstructedParticle         /pool/condor/dir_24923/DIRAC__qfmHspilot/26389380/qq_ln_dst_3249_10000.slcio
TightSelectedPandoraPFANewPFOs          ReconstructedParticle         /pool/condor/dir_24923/DIRAC__qfmHspilot/26389380/qq_ln_dst_3249_10000.slcio
V0Vertices                              Vertex                        /pool/condor/dir_24923/DIRAC__qfmHspilot/26389380/qq_ln_dst_3249_10000.slcio
ProngVertices                           Vertex                        /pool/condor/dir_24923/DIRAC__qfmHspilot/26389380/qq_ln_dst_3249_10000.slcio
SplitVertices                           Vertex                        /pool/condor/dir_24923/DIRAC__qfmHspilot/26389380/qq_ln_dst_3249_10000.slcio
[m[4m
Active Processors:
[m[31mTopIsolatedLeptonFinderProcessor        IsolatedLeptonFinderProcessor  [ Active ]  ( Some Collections have Errors )
[m[32mMyFastJetProcessor_kt_4jets_radius05    FastJetProcessor               [ Active ] 
[m[31mMyFastJetProcessor_kt_4jets_radius07    FastJetProcessor               [ Active ]  ( Some Collections have Errors )
[m[31mMyFastJetProcessor_kt_4jets_radius10    FastJetProcessor               [ Active ]  ( Some Collections have Errors )
[m[31mMyFastJetProcessor_kt_4jets_radius12    FastJetProcessor               [ Active ]  ( Some Collections have Errors )
[m[31mMyFastJetProcessor_kt_4jets_radius15    FastJetProcessor               [ Active ]  ( Some Collections have Errors )
[m[31mMyFastJetProcessor_durham               FastJetProcessor               [ Active ]  ( Some Collections have Errors )
[m[32mMyLCIOOutputProcessor                   LCIOOutputProcessor            [ Active ] 
[m
[31m[4m
Processor [TopIsolatedLeptonFinderProcessor] of type [IsolatedLeptonFinderProcessor] has following errors:
[m
* Following Collections of type [[1m[34mReconstructedParticle[m] are unavailable:
   -> [[33mJetsForIsolation[m]
[32m   * Following available collections of the same type were found:
[m      -> [LooseSelectedPandoraPFANewPFOs[m] in LCIO file: [/pool/condor/dir_24923/DIRAC__qfmHspilot/26389380/qq_ln_dst_3249_10000.slcio]
      -> [PandoraPFANewPFOs[m] in LCIO file: [/pool/condor/dir_24923/DIRAC__qfmHspilot/26389380/qq_ln_dst_3249_10000.slcio]
      -> [SelectedPandoraPFANewPFOs[m] in LCIO file: [/pool/condor/dir_24923/DIRAC__qfmHspilot/26389380/qq_ln_dst_3249_10000.slcio]
      -> [TightSelectedPandoraPFANewPFOs[m] in LCIO file: [/pool/condor/dir_24923/DIRAC__qfmHspilot/26389380/qq_ln_dst_3249_10000.slcio]
      -> [kt_4jets_radius05[m] in [Active] Processor [MyFastJetProcessor_kt_4jets_radius05] of Type [FastJetProcessor]
      -> [[m] in [Active] Processor [MyFastJetProcessor_kt_4jets_radius05] of Type [FastJetProcessor]
      -> [kt_4jets_radius07[m] in [Active] Processor [MyFastJetProcessor_kt_4jets_radius07] of Type [FastJetProcessor]
      -> [[m] in [Active] Processor [MyFastJetProcessor_kt_4jets_radius07] of Type [FastJetProcessor]
      -> [kt_4jets_radius10[m] in [Active] Processor [MyFastJetProcessor_kt_4jets_radius10] of Type [FastJetProcessor]
      -> [[m] in [Active] Processor [MyFastJetProcessor_kt_4jets_radius10] of Type [FastJetProcessor]
      -> [kt_4jets_radius12[m] in [Active] Processor [MyFastJetProcessor_kt_4jets_radius12] of Type [FastJetProcessor]
      -> [[m] in [Active] Processor [MyFastJetProcessor_kt_4jets_radius12] of Type [FastJetProcessor]
      -> [kt_4jets_radius15[m] in [Active] Processor [MyFastJetProcessor_kt_4jets_radius15] of Type [FastJetProcessor]
      -> [[m] in [Active] Processor [MyFastJetProcessor_kt_4jets_radius15] of Type [FastJetProcessor]
      -> [durham_4jets[m] in [Active] Processor [MyFastJetProcessor_durham] of Type [FastJetProcessor]
      -> [[m] in [Active] Processor [MyFastJetProcessor_durham] of Type [FastJetProcessor]
[31m[4m
Processor [MyFastJetProcessor_kt_4jets_radius07] of type [FastJetProcessor] has following errors:
[m
* Following Collections of type [[1m[34mReconstructedParticle[m] were already found in the event:
   -> [[33m[m]
   * Following collections are in conflict with this collection:
      -> [[33m[m] in [Active] Processor [MyFastJetProcessor_kt_4jets_radius05] of Type [FastJetProcessor]
      -> [[33m[m] in [Active] Processor [MyFastJetProcessor_kt_4jets_radius10] of Type [FastJetProcessor]
      -> [[33m[m] in [Active] Processor [MyFastJetProcessor_kt_4jets_radius12] of Type [FastJetProcessor]
      -> [[33m[m] in [Active] Processor [MyFastJetProcessor_kt_4jets_radius15] of Type [FastJetProcessor]
      -> [[33m[m] in [Active] Processor [MyFastJetProcessor_durham] of Type [FastJetProcessor]
[31m[4m
Processor [MyFastJetProcessor_kt_4jets_radius10] of type [FastJetProcessor] has following errors:
[m
* Following Collections of type [[1m[34mReconstructedParticle[m] were already found in the event:
   -> [[33m[m]
   * Following collections are in conflict with this collection:
      -> [[33m[m] in [Active] Processor [MyFastJetProcessor_kt_4jets_radius05] of Type [FastJetProcessor]
      -> [[33m[m] in [Active] Processor [MyFastJetProcessor_kt_4jets_radius07] of Type [FastJetProcessor]
      -> [[33m[m] in [Active] Processor [MyFastJetProcessor_kt_4jets_radius12] of Type [FastJetProcessor]
      -> [[33m[m] in [Active] Processor [MyFastJetProcessor_kt_4jets_radius15] of Type [FastJetProcessor]
      -> [[33m[m] in [Active] Processor [MyFastJetProcessor_durham] of Type [FastJetProcessor]
[31m[4m
Processor [MyFastJetProcessor_kt_4jets_radius12] of type [FastJetProcessor] has following errors:
[m
* Following Collections of type [[1m[34mReconstructedParticle[m] were already found in the event:
   -> [[33m[m]
   * Following collections are in conflict with this collection:
      -> [[33m[m] in [Active] Processor [MyFastJetProcessor_kt_4jets_radius05] of Type [FastJetProcessor]
      -> [[33m[m] in [Active] Processor [MyFastJetProcessor_kt_4jets_radius07] of Type [FastJetProcessor]
      -> [[33m[m] in [Active] Processor [MyFastJetProcessor_kt_4jets_radius10] of Type [FastJetProcessor]
      -> [[33m[m] in [Active] Processor [MyFastJetProcessor_kt_4jets_radius15] of Type [FastJetProcessor]
      -> [[33m[m] in [Active] Processor [MyFastJetProcessor_durham] of Type [FastJetProcessor]
[31m[4m
Processor [MyFastJetProcessor_kt_4jets_radius15] of type [FastJetProcessor] has following errors:
[m
* Following Collections of type [[1m[34mReconstructedParticle[m] were already found in the event:
   -> [[33m[m]
   * Following collections are in conflict with this collection:
      -> [[33m[m] in [Active] Processor [MyFastJetProcessor_kt_4jets_radius05] of Type [FastJetProcessor]
      -> [[33m[m] in [Active] Processor [MyFastJetProcessor_kt_4jets_radius07] of Type [FastJetProcessor]
      -> [[33m[m] in [Active] Processor [MyFastJetProcessor_kt_4jets_radius10] of Type [FastJetProcessor]
      -> [[33m[m] in [Active] Processor [MyFastJetProcessor_kt_4jets_radius12] of Type [FastJetProcessor]
      -> [[33m[m] in [Active] Processor [MyFastJetProcessor_durham] of Type [FastJetProcessor]
[31m[4m
Processor [MyFastJetProcessor_durham] of type [FastJetProcessor] has following errors:
[m
* Following Collections of type [[1m[34mReconstructedParticle[m] were already found in the event:
   -> [[33m[m]
   * Following collections are in conflict with this collection:
      -> [[33m[m] in [Active] Processor [MyFastJetProcessor_kt_4jets_radius05] of Type [FastJetProcessor]
      -> [[33m[m] in [Active] Processor [MyFastJetProcessor_kt_4jets_radius07] of Type [FastJetProcessor]
      -> [[33m[m] in [Active] Processor [MyFastJetProcessor_kt_4jets_radius10] of Type [FastJetProcessor]
      -> [[33m[m] in [Active] Processor [MyFastJetProcessor_kt_4jets_radius12] of Type [FastJetProcessor]
      -> [[33m[m] in [Active] Processor [MyFastJetProcessor_kt_4jets_radius15] of Type [FastJetProcessor]
[31mError opening GEAR file [__unknown_gear_file__]. File doesn't exist, or link is not valid!!
[m[31mSome Active Processors have collection errors
[m
Errors were found (see above)...
<!-- Loading shared library : /cvmfs/clicdp.cern.ch/iLCSoft/builds/2017-05-30/x86_64-slc6-gcc62-opt/MarlinDD4hep/HEAD/lib/libMarlinDD4hep.so.0.4.0 (libMarlinDD4hep.so)-->
<!-- Loading shared library : /cvmfs/clicdp.cern.ch/iLCSoft/builds/2017-05-30/x86_64-slc6-gcc62-opt/DDMarlinPandora/HEAD/lib/libDDMarlinPandora.so.0.6.0 (libDDMarlinPandora.so)-->
<!-- Loading shared library : /cvmfs/clicdp.cern.ch/iLCSoft/builds/2017-05-30/x86_64-slc6-gcc62-opt/MarlinReco/HEAD/lib/libMarlinReco.so.1.18.0 (libMarlinReco.so)-->
<!-- Loading shared library : /cvmfs/clicdp.cern.ch/iLCSoft/builds/2017-05-30/x86_64-slc6-gcc62-opt/PandoraAnalysis/HEAD/lib/libPandoraAnalysis.so.01.02.01 (libPandoraAnalysis.so)-->
<!-- Loading shared library : /cvmfs/clicdp.cern.ch/iLCSoft/builds/2017-05-30/x86_64-slc6-gcc62-opt/MarlinPandora/HEAD/lib/libMarlinPandora.so.03.00.01 (libMarlinPandora.so)-->
<!-- Loading shared library : /cvmfs/clicdp.cern.ch/iLCSoft/builds/2017-05-30/x86_64-slc6-gcc62-opt/LCFIVertex/HEAD/lib/libLCFIVertex.so.0.7.3 (libLCFIVertex.so)-->
<!-- Loading shared library : /cvmfs/clicdp.cern.ch/iLCSoft/builds/2017-05-30/x86_64-slc6-gcc62-opt/LCFIPlus/HEAD/lib/libLCFIPlus.so.0.6.5 (libLCFIPlus.so)-->
<!-- Loading shared library : /cvmfs/clicdp.cern.ch/iLCSoft/builds/2017-05-30/x86_64-slc6-gcc62-opt/CEDViewer/HEAD/lib/libCEDViewer.so.1.13.0 (libCEDViewer.so)-->
<!-- Loading shared library : /cvmfs/clicdp.cern.ch/iLCSoft/builds/2017-05-30/x86_64-slc6-gcc62-opt/Overlay/HEAD/lib/libOverlay.so.0.17.0 (libOverlay.so)-->
<!-- Loading shared library : /cvmfs/clicdp.cern.ch/iLCSoft/builds/2017-05-30/x86_64-slc6-gcc62-opt/MarlinFastJet/HEAD/lib/libMarlinFastJet.so.0.4.0 (libMarlinFastJet.so)-->
<!-- Loading shared library : /cvmfs/clicdp.cern.ch/iLCSoft/builds/2017-05-30/x86_64-slc6-gcc62-opt/LCTuple/HEAD/lib/libLCTuple.so.1.7.0 (libLCTuple.so)-->
<!-- Loading shared library : /cvmfs/clicdp.cern.ch/iLCSoft/builds/2017-05-30/x86_64-slc6-gcc62-opt/MarlinKinfit/HEAD/lib/libMarlinKinfit.so.0.5.0 (libMarlinKinfit.so)-->
<!-- Loading shared library : /cvmfs/clicdp.cern.ch/iLCSoft/builds/2017-05-30/x86_64-slc6-gcc62-opt/MarlinTrkProcessors/HEAD/lib/libMarlinTrkProcessors.so.2.6.0 (libMarlinTrkProcessors.so)-->
<!-- Loading shared library : /cvmfs/clicdp.cern.ch/iLCSoft/builds/2017-05-30/x86_64-slc6-gcc62-opt/ILDPerformance/HEAD/lib/libILDPerformance.so.1.2.0 (libILDPerformance.so)-->
<!-- Loading shared library : /cvmfs/clicdp.cern.ch/iLCSoft/builds/2017-05-30/x86_64-slc6-gcc62-opt/ClicPerformance/HEAD/lib/libClicPerformance.so.1.0.0 (libClicPerformance.so)-->
<!-- Loading shared library : /cvmfs/clicdp.cern.ch/iLCSoft/builds/2017-05-30/x86_64-slc6-gcc62-opt/ConformalTracking/HEAD/lib/libConformalTracking.so.1.2.0 (libConformalTracking.so)-->
<!-- Loading shared library : /cvmfs/clicdp.cern.ch/iLCSoft/builds/2017-05-30/x86_64-slc6-gcc62-opt/Physsim/HEAD/lib/libPhyssim.so.0.4.0 (libPhyssim.so)-->
<!-- Loading shared library : /cvmfs/clicdp.cern.ch/iLCSoft/builds/2017-05-30/x86_64-slc6-gcc62-opt/FCalClusterer/HEAD/lib/libFCalClusterer.so (libFCalClusterer.so)-->
<!-- Loading shared library : /cvmfs/clicdp.cern.ch/iLCSoft/builds/2017-05-30/x86_64-slc6-gcc62-opt/ForwardTracking/HEAD/lib/libForwardTracking.so.1.11.0 (libForwardTracking.so)-->
<!-- Loading shared library : /cvmfs/clicdp.cern.ch/iLCSoft/builds/2017-05-30/x86_64-slc6-gcc62-opt/Clupatra/HEAD/lib/libClupatra.so.1.0.0 (libClupatra.so)-->
<!-- Loading shared library : /cvmfs/clicdp.cern.ch/iLCSoft/builds/2017-05-30/x86_64-slc6-gcc62-opt/Garlic/HEAD/lib/libGarlic.so.3.0.4 (libGarlic.so)-->
<!-- Loading shared library : /cvmfs/clicdp.cern.ch/iLCSoft/builds/2017-05-30/x86_64-slc6-gcc62-opt/LICH/HEAD/lib/libLICH.so.0.1.0 (libLICH.so)-->
[ VERBOSE "MyFastJetProcessor_kt_4jets_radius05"] #--------------------------------------------------------------------------
[ VERBOSE "MyFastJetProcessor_kt_4jets_radius05"] #                         FastJet release 3.2.1
[ VERBOSE "MyFastJetProcessor_kt_4jets_radius05"] #                 M. Cacciari, G.P. Salam and G. Soyez                  
[ VERBOSE "MyFastJetProcessor_kt_4jets_radius05"] #     A software package for jet finding and analysis at colliders      
[ VERBOSE "MyFastJetProcessor_kt_4jets_radius05"] #                           http://fastjet.fr                           
[ VERBOSE "MyFastJetProcessor_kt_4jets_radius05"] #	                                                                      
[ VERBOSE "MyFastJetProcessor_kt_4jets_radius05"] # Please cite EPJC72(2012)1896 [arXiv:1111.6097] if you use this package
[ VERBOSE "MyFastJetProcessor_kt_4jets_radius05"] # for scientific work and optionally PLB641(2006)57 [hep-ph/0512210].   
[ VERBOSE "MyFastJetProcessor_kt_4jets_radius05"] #                                                                       
[ VERBOSE "MyFastJetProcessor_kt_4jets_radius05"] # FastJet is provided without warranty under the terms of the GNU GPLv2.
[ VERBOSE "MyFastJetProcessor_kt_4jets_radius05"] # It uses T. Chan's closest pair algorithm, S. Fortune's Voronoi code
[ VERBOSE "MyFastJetProcessor_kt_4jets_radius05"] # and 3rd party plugin jet algorithms. See COPYING file for details.
[ VERBOSE "MyFastJetProcessor_kt_4jets_radius05"] #--------------------------------------------------------------------------
